0~~~~                            ~~ Monitor: a9eee26f-c6b8-4812-aac4-c660b9a08bc5
   2018-06-08 07h33.12.5066629 i Topic: CK.Monitoring.DispatcherSink
   2018-06-08 07h33.12.5316479   > Initializing TextFile handler (MaxCountPerFile = 20000).
   2018-06-08 07h33.12.5366441   < 
1~~~~                            ~~ Monitor: 11451cb3-5f83-4384-a1e2-d5b43ed2a3ab
   2018-06-08 07h33.12.6365903 i Folder 'C:\Dev\CK\CK-Database-Projects\CK-Database\Tests\SqlActorPackage.Tests\TestStores' has been cleaned up.
   2018-06-08 07h33.12.8251440 i StObjMap is not loaded yet.
   2018-06-08 07h33.12.8251440 i Reseting StObjMap: Generated assembly name is now: SqlActorPackage.Tests.Generated.Reset.1.
   2018-06-08 07h33.12.8271431 i > Deleting generated assemblies from C:\Dev\CK\CK-Database-Projects\CK-Database\Tests\SqlActorPackage.Tests\bin\Debug\net461.
   2018-06-08 07h33.12.8331394 i < 
   2018-06-08 07h33.12.8653688 i Using default connection string: Server=.;Database=master;Integrated Security=SSPI
   2018-06-08 07h33.13.4321096 i > Running DBSetup on Database:CKTEST_SqlActorPackage, Collation:Latin1_General_100_BIN2, CompatibilityLevel:130.
   2018-06-08 07h33.13.4471022 i | > Ensuring database 'Database:CKTEST_SqlActorPackage, Collation:Latin1_General_100_BIN2, CompatibilityLevel:130'.
   2018-06-08 07h33.13.5430469 i | <  | 1 conclusion:
                                 |    | Database already exists, collation and compatiblity level match.
   2018-06-08 07h33.13.5500458 i | > Running StObjSetup.
   2018-06-08 07h33.13.5780260 i | | No 'CKSetup/DefaultBinPaths' configuration. Using current BinFolder.
   2018-06-08 07h33.13.6479861 i | | > Running Setup on 'C:\Dev\CK\CK-Database-Projects\CK-Database\Tests\LocalTestHelper\LocalTestStore' for the first time.
   2018-06-08 07h33.13.6479861 i | | | No 'CKSetup/AutoRegisterLocalComponentPaths' components specified.
   2018-06-08 07h33.13.6509845 i | | | > LocalHelper initializing Tests/LocalTestHelper/LocalTestStore.
   2018-06-08 07h33.13.7859085   | | | | Opened store with 34 components.
   2018-06-08 07h33.13.7859085   | | | | Local store opened on : 'C:\Dev\CK\CK-Database-Projects\CK-Database\Tests\LocalTestHelper\LocalTestStore'.
   2018-06-08 07h33.13.7879050 i | | | | > Removing components.
   2018-06-08 07h33.13.7899051 i | | | | <  | 1 conclusion:
                                 | | | |    | No component has been removed.
   2018-06-08 07h33.13.7919038 i | | | | > Closing Store.
   2018-06-08 07h33.13.7919038 i | | | | < 
   2018-06-08 07h33.13.8108930 d | | | | > DotNetPublish 'C:\Dev\CK\CK-Database-Projects\CK-Database\CK.StObj.Runtime\bin\Debug\netcoreapp2.0'.
   2018-06-08 07h33.13.8118931 d | | | | <  | 1 conclusion:
                                 | | | |    | Skipped.
   2018-06-08 07h33.13.8118931 d | | | | > DotNetPublish 'C:\Dev\CK\CK-Database-Projects\CK-Database\CK.StObj.Runtime\bin\Debug\netcoreapp2.1'.
   2018-06-08 07h33.13.8128913 d | | | | <  | 1 conclusion:
                                 | | | |    | Skipped.
   2018-06-08 07h33.13.8128913 d | | | | > DotNetPublish 'C:\Dev\CK\CK-Database-Projects\CK-Database\CK.StObj.Engine\bin\Debug\netcoreapp2.0'.
   2018-06-08 07h33.13.8138909 d | | | | <  | 1 conclusion:
                                 | | | |    | Skipped.
   2018-06-08 07h33.13.8138909 d | | | | > DotNetPublish 'C:\Dev\CK\CK-Database-Projects\CK-Database\CK.StObj.Engine\bin\Debug\netcoreapp2.1'.
   2018-06-08 07h33.13.8148910 d | | | | <  | 1 conclusion:
                                 | | | |    | Skipped.
   2018-06-08 07h33.13.8148910 d | | | | > DotNetPublish 'C:\Dev\CK\CK-Database-Projects\CK-Database\CK.Setupable.Runtime\bin\Debug\netcoreapp2.0'.
   2018-06-08 07h33.13.8168901 d | | | | <  | 1 conclusion:
                                 | | | |    | Skipped.
   2018-06-08 07h33.13.8168901 d | | | | > DotNetPublish 'C:\Dev\CK\CK-Database-Projects\CK-Database\CK.Setupable.Runtime\bin\Debug\netcoreapp2.1'.
   2018-06-08 07h33.13.8188880 d | | | | <  | 1 conclusion:
                                 | | | |    | Skipped.
   2018-06-08 07h33.13.8188880 d | | | | > DotNetPublish 'C:\Dev\CK\CK-Database-Projects\CK-Database\CK.Setupable.Engine\bin\Debug\netcoreapp2.1'.
   2018-06-08 07h33.13.8198872 d | | | | <  | 1 conclusion:
                                 | | | |    | Skipped.
   2018-06-08 07h33.13.8198872 d | | | | > DotNetPublish 'C:\Dev\CK\CK-Database-Projects\CK-Database\CK.Setupable.Engine\bin\Debug\netcoreapp2.0'.
   2018-06-08 07h33.13.8218863 d | | | | <  | 1 conclusion:
                                 | | | |    | Skipped.
   2018-06-08 07h33.13.8218863 d | | | | > DotNetPublish 'C:\Dev\CK\CK-Database-Projects\CK-Database\CK.SqlServer.Setup.Runtime\bin\Debug\netcoreapp2.0'.
   2018-06-08 07h33.13.8238846 d | | | | <  | 1 conclusion:
                                 | | | |    | Skipped.
   2018-06-08 07h33.13.8238846 d | | | | > DotNetPublish 'C:\Dev\CK\CK-Database-Projects\CK-Database\CK.SqlServer.Setup.Runtime\bin\Debug\netcoreapp2.1'.
   2018-06-08 07h33.13.8258852 d | | | | <  | 1 conclusion:
                                 | | | |    | Skipped.
   2018-06-08 07h33.13.8258852 d | | | | > DotNetPublish 'C:\Dev\CK\CK-Database-Projects\CK-Database\CK.SqlServer.Setup.Engine\bin\Debug\netcoreapp2.0'.
   2018-06-08 07h33.13.8268834 d | | | | <  | 1 conclusion:
                                 | | | |    | Skipped.
   2018-06-08 07h33.13.8268834 d | | | | > DotNetPublish 'C:\Dev\CK\CK-Database-Projects\CK-Database\CK.SqlServer.Setup.Engine\bin\Debug\netcoreapp2.1'.
   2018-06-08 07h33.13.8288822 d | | | | <  | 1 conclusion:
                                 | | | |    | Skipped.
   2018-06-08 07h33.13.8328814 d | | | | > DotNetPublish 'C:\Dev\CK\CK-Database-Projects\CK-Database\Tests\BasicModels\SqlActorPackage.Runtime\bin\Debug\netcoreapp2.0'.
   2018-06-08 07h33.13.8348789 d | | | | <  | 1 conclusion:
                                 | | | |    | Skipped.
   2018-06-08 07h33.13.8348789 d | | | | > DotNetPublish 'C:\Dev\CK\CK-Database-Projects\CK-Database\Tests\BasicModels\SqlActorPackage.Runtime\bin\Debug\netcoreapp2.1'.
   2018-06-08 07h33.13.8378781 d | | | | <  | 1 conclusion:
                                 | | | |    | Skipped.
   2018-06-08 07h33.13.8388768 d | | | | > DotNetPublish 'C:\Dev\CK\CK-Database-Projects\CK-Database\Tests\BasicModels\SqlZonePackage.Runtime\bin\Debug\netcoreapp2.0'.
   2018-06-08 07h33.13.8398759 d | | | | <  | 1 conclusion:
                                 | | | |    | Skipped.
   2018-06-08 07h33.13.8398759 d | | | | > DotNetPublish 'C:\Dev\CK\CK-Database-Projects\CK-Database\Tests\BasicModels\SqlZonePackage.Runtime\bin\Debug\netcoreapp2.1'.
   2018-06-08 07h33.13.8418742 d | | | | <  | 1 conclusion:
                                 | | | |    | Skipped.
   2018-06-08 07h33.13.8448735 d | | | | > Discovering files.
   2018-06-08 07h33.13.8458726 i | | | | | > Reading files from 'C:\Dev\CK\CK-Database-Projects\CK-Database\CK.StObj.Model\bin\Debug\netstandard2.0'.
   2018-06-08 07h33.14.0927504 i | | | | | < 
   2018-06-08 07h33.14.0927504 i | | | | | > Reading files from 'C:\Dev\CK\CK-Database-Projects\CK-Database\CK.StObj.Model\bin\Debug\net461'.
   2018-06-08 07h33.14.0987476 i | | | | | < 
   2018-06-08 07h33.14.0987476 i | | | | | > Reading files from 'C:\Dev\CK\CK-Database-Projects\CK-Database\CK.StObj.Runtime\bin\Debug\netcoreapp2.0\publish'.
   2018-06-08 07h33.14.1207159 i | | | | | < 
   2018-06-08 07h33.14.1207159 i | | | | | > Reading files from 'C:\Dev\CK\CK-Database-Projects\CK-Database\CK.StObj.Runtime\bin\Debug\netcoreapp2.1\publish'.
   2018-06-08 07h33.14.1437093 i | | | | | < 
   2018-06-08 07h33.14.1437093 i | | | | | > Reading files from 'C:\Dev\CK\CK-Database-Projects\CK-Database\CK.StObj.Runtime\bin\Debug\net461'.
   2018-06-08 07h33.14.2546292 i | | | | | < 
   2018-06-08 07h33.14.2546292 i | | | | | > Reading files from 'C:\Dev\CK\CK-Database-Projects\CK-Database\CK.StObj.Engine\bin\Debug\netcoreapp2.0\publish'.
   2018-06-08 07h33.14.2816107 i | | | | | < 
   2018-06-08 07h33.14.2816107 i | | | | | > Reading files from 'C:\Dev\CK\CK-Database-Projects\CK-Database\CK.StObj.Engine\bin\Debug\netcoreapp2.1\publish'.
   2018-06-08 07h33.14.3096101 i | | | | | < 
   2018-06-08 07h33.14.3096101 i | | | | | > Reading files from 'C:\Dev\CK\CK-Database-Projects\CK-Database\CK.StObj.Engine\bin\Debug\net461'.
   2018-06-08 07h33.14.4575141 i | | | | | < 
   2018-06-08 07h33.14.4575141 i | | | | | > Reading files from 'C:\Dev\CK\CK-Database-Projects\CK-Database\CK.Setupable.Model\bin\Debug\netstandard2.0'.
   2018-06-08 07h33.14.4625107 i | | | | | < 
   2018-06-08 07h33.14.4625107 i | | | | | > Reading files from 'C:\Dev\CK\CK-Database-Projects\CK-Database\CK.Setupable.Model\bin\Debug\net461'.
   2018-06-08 07h33.14.4715022 i | | | | | < 
   2018-06-08 07h33.14.4715022 i | | | | | > Reading files from 'C:\Dev\CK\CK-Database-Projects\CK-Database\CK.Setupable.Runtime\bin\Debug\netcoreapp2.0\publish'.
   2018-06-08 07h33.14.5104819 i | | | | | < 
   2018-06-08 07h33.14.5104819 i | | | | | > Reading files from 'C:\Dev\CK\CK-Database-Projects\CK-Database\CK.Setupable.Runtime\bin\Debug\netcoreapp2.1\publish'.
   2018-06-08 07h33.14.5514600 i | | | | | < 
   2018-06-08 07h33.14.5514600 i | | | | | > Reading files from 'C:\Dev\CK\CK-Database-Projects\CK-Database\CK.Setupable.Runtime\bin\Debug\net461'.
   2018-06-08 07h33.14.7023713 i | | | | | < 
   2018-06-08 07h33.14.7023713 i | | | | | > Reading files from 'C:\Dev\CK\CK-Database-Projects\CK-Database\CK.Setupable.Engine\bin\Debug\netcoreapp2.1\publish'.
   2018-06-08 07h33.14.7353513 i | | | | | < 
   2018-06-08 07h33.14.7353513 i | | | | | > Reading files from 'C:\Dev\CK\CK-Database-Projects\CK-Database\CK.Setupable.Engine\bin\Debug\netcoreapp2.0\publish'.
   2018-06-08 07h33.14.7693322 i | | | | | < 
   2018-06-08 07h33.14.7693322 i | | | | | > Reading files from 'C:\Dev\CK\CK-Database-Projects\CK-Database\CK.Setupable.Engine\bin\Debug\net461'.
   2018-06-08 07h33.14.9002578 i | | | | | < 
   2018-06-08 07h33.14.9002578 i | | | | | > Reading files from 'C:\Dev\CK\CK-Database-Projects\CK-Database\CK.SqlServer.Setup.Model\bin\Debug\netstandard2.0'.
   2018-06-08 07h33.14.9062692 i | | | | | < 
   2018-06-08 07h33.14.9062692 i | | | | | > Reading files from 'C:\Dev\CK\CK-Database-Projects\CK-Database\CK.SqlServer.Setup.Model\bin\Debug\net461'.
   2018-06-08 07h33.14.9142646 i | | | | | < 
   2018-06-08 07h33.14.9142646 i | | | | | > Reading files from 'C:\Dev\CK\CK-Database-Projects\CK-Database\CK.SqlServer.Setup.Runtime\bin\Debug\netcoreapp2.0\publish'.
   2018-06-08 07h33.14.9692178 W | | | | | | BadImageFormatException while analysing 'runtimes\win-arm64\native\sni.dll'. This file will not be considered as a .Net assembly but will be stored as-is.
   2018-06-08 07h33.14.9712166 W | | | | | | BadImageFormatException while analysing 'runtimes\win-x64\native\sni.dll'. This file will not be considered as a .Net assembly but will be stored as-is.
   2018-06-08 07h33.14.9732158 W | | | | | | BadImageFormatException while analysing 'runtimes\win-x86\native\sni.dll'. This file will not be considered as a .Net assembly but will be stored as-is.
   2018-06-08 07h33.14.9742149 i | | | | | < 
   2018-06-08 07h33.14.9742149 i | | | | | > Reading files from 'C:\Dev\CK\CK-Database-Projects\CK-Database\CK.SqlServer.Setup.Runtime\bin\Debug\netcoreapp2.1\publish'.
   2018-06-08 07h33.15.0221875 W | | | | | | BadImageFormatException while analysing 'runtimes\win-arm64\native\sni.dll'. This file will not be considered as a .Net assembly but will be stored as-is.
   2018-06-08 07h33.15.0251880 W | | | | | | BadImageFormatException while analysing 'runtimes\win-x64\native\sni.dll'. This file will not be considered as a .Net assembly but will be stored as-is.
   2018-06-08 07h33.15.0271854 W | | | | | | BadImageFormatException while analysing 'runtimes\win-x86\native\sni.dll'. This file will not be considered as a .Net assembly but will be stored as-is.
   2018-06-08 07h33.15.0311834 i | | | | | < 
   2018-06-08 07h33.15.0311834 i | | | | | > Reading files from 'C:\Dev\CK\CK-Database-Projects\CK-Database\CK.SqlServer.Setup.Runtime\bin\Debug\net461'.
   2018-06-08 07h33.15.1741024 i | | | | | < 
   2018-06-08 07h33.15.1741024 i | | | | | > Reading files from 'C:\Dev\CK\CK-Database-Projects\CK-Database\CK.SqlServer.Setup.Engine\bin\Debug\netcoreapp2.0\publish'.
   2018-06-08 07h33.15.2440611 W | | | | | | BadImageFormatException while analysing 'runtimes\win-arm64\native\sni.dll'. This file will not be considered as a .Net assembly but will be stored as-is.
   2018-06-08 07h33.15.2460634 W | | | | | | BadImageFormatException while analysing 'runtimes\win-x64\native\sni.dll'. This file will not be considered as a .Net assembly but will be stored as-is.
   2018-06-08 07h33.15.2490578 W | | | | | | BadImageFormatException while analysing 'runtimes\win-x86\native\sni.dll'. This file will not be considered as a .Net assembly but will be stored as-is.
   2018-06-08 07h33.15.2510570 i | | | | | < 
   2018-06-08 07h33.15.2510570 i | | | | | > Reading files from 'C:\Dev\CK\CK-Database-Projects\CK-Database\CK.SqlServer.Setup.Engine\bin\Debug\netcoreapp2.1\publish'.
   2018-06-08 07h33.15.3010278 W | | | | | | BadImageFormatException while analysing 'runtimes\win-arm64\native\sni.dll'. This file will not be considered as a .Net assembly but will be stored as-is.
   2018-06-08 07h33.15.3030266 W | | | | | | BadImageFormatException while analysing 'runtimes\win-x64\native\sni.dll'. This file will not be considered as a .Net assembly but will be stored as-is.
   2018-06-08 07h33.15.3040257 W | | | | | | BadImageFormatException while analysing 'runtimes\win-x86\native\sni.dll'. This file will not be considered as a .Net assembly but will be stored as-is.
   2018-06-08 07h33.15.3050253 i | | | | | < 
   2018-06-08 07h33.15.3050253 i | | | | | > Reading files from 'C:\Dev\CK\CK-Database-Projects\CK-Database\CK.SqlServer.Setup.Engine\bin\Debug\net461'.
   2018-06-08 07h33.15.4519449 i | | | | | < 
   2018-06-08 07h33.15.4519449 i | | | | | > Reading files from 'C:\Dev\CK\CK-Database-Projects\CK-Database\Tests\BasicModels\SqlActorPackage\bin\Debug\netstandard2.0'.
   2018-06-08 07h33.15.4599403 i | | | | | < 
   2018-06-08 07h33.15.4599403 i | | | | | > Reading files from 'C:\Dev\CK\CK-Database-Projects\CK-Database\Tests\BasicModels\SqlActorPackage\bin\Debug\net461'.
   2018-06-08 07h33.15.4729328 i | | | | | < 
   2018-06-08 07h33.15.4739293 i | | | | | > Reading files from 'C:\Dev\CK\CK-Database-Projects\CK-Database\Tests\BasicModels\SqlActorPackage.Runtime\bin\Debug\netcoreapp2.0\publish'.
   2018-06-08 07h33.15.5528844 W | | | | | | BadImageFormatException while analysing 'runtimes\win-arm64\native\sni.dll'. This file will not be considered as a .Net assembly but will be stored as-is.
   2018-06-08 07h33.15.5548836 W | | | | | | BadImageFormatException while analysing 'runtimes\win-x64\native\sni.dll'. This file will not be considered as a .Net assembly but will be stored as-is.
   2018-06-08 07h33.15.5568842 W | | | | | | BadImageFormatException while analysing 'runtimes\win-x86\native\sni.dll'. This file will not be considered as a .Net assembly but will be stored as-is.
   2018-06-08 07h33.15.5588807 i | | | | | < 
   2018-06-08 07h33.15.5588807 i | | | | | > Reading files from 'C:\Dev\CK\CK-Database-Projects\CK-Database\Tests\BasicModels\SqlActorPackage.Runtime\bin\Debug\netcoreapp2.1\publish'.
   2018-06-08 07h33.15.6208471 W | | | | | | BadImageFormatException while analysing 'runtimes\win-arm64\native\sni.dll'. This file will not be considered as a .Net assembly but will be stored as-is.
   2018-06-08 07h33.15.6238441 W | | | | | | BadImageFormatException while analysing 'runtimes\win-x64\native\sni.dll'. This file will not be considered as a .Net assembly but will be stored as-is.
   2018-06-08 07h33.15.6278412 W | | | | | | BadImageFormatException while analysing 'runtimes\win-x86\native\sni.dll'. This file will not be considered as a .Net assembly but will be stored as-is.
   2018-06-08 07h33.15.6288412 i | | | | | < 
   2018-06-08 07h33.15.6298399 i | | | | | > Reading files from 'C:\Dev\CK\CK-Database-Projects\CK-Database\Tests\BasicModels\SqlActorPackage.Runtime\bin\Debug\net461'.
   2018-06-08 07h33.15.8037410 i | | | | | < 
   2018-06-08 07h33.15.8037410 i | | | | | > Reading files from 'C:\Dev\CK\CK-Database-Projects\CK-Database\Tests\BasicModels\SqlZonePackage\bin\Debug\netstandard2.0'.
   2018-06-08 07h33.15.8147343 i | | | | | < 
   2018-06-08 07h33.15.8147343 i | | | | | > Reading files from 'C:\Dev\CK\CK-Database-Projects\CK-Database\Tests\BasicModels\SqlZonePackage\bin\Debug\net461'.
   2018-06-08 07h33.15.8337262 i | | | | | < 
   2018-06-08 07h33.15.8337262 i | | | | | > Reading files from 'C:\Dev\CK\CK-Database-Projects\CK-Database\Tests\BasicModels\SqlZonePackage.Runtime\bin\Debug\netcoreapp2.0\publish'.
   2018-06-08 07h33.15.9166770 W | | | | | | BadImageFormatException while analysing 'runtimes\win-arm64\native\sni.dll'. This file will not be considered as a .Net assembly but will be stored as-is.
   2018-06-08 07h33.15.9186758 W | | | | | | BadImageFormatException while analysing 'runtimes\win-x64\native\sni.dll'. This file will not be considered as a .Net assembly but will be stored as-is.
   2018-06-08 07h33.15.9196736 W | | | | | | BadImageFormatException while analysing 'runtimes\win-x86\native\sni.dll'. This file will not be considered as a .Net assembly but will be stored as-is.
   2018-06-08 07h33.15.9216750 i | | | | | < 
   2018-06-08 07h33.15.9216750 i | | | | | > Reading files from 'C:\Dev\CK\CK-Database-Projects\CK-Database\Tests\BasicModels\SqlZonePackage.Runtime\bin\Debug\netcoreapp2.1\publish'.
   2018-06-08 07h33.15.9846370 W | | | | | | BadImageFormatException while analysing 'runtimes\win-arm64\native\sni.dll'. This file will not be considered as a .Net assembly but will be stored as-is.
   2018-06-08 07h33.15.9866371 W | | | | | | BadImageFormatException while analysing 'runtimes\win-x64\native\sni.dll'. This file will not be considered as a .Net assembly but will be stored as-is.
   2018-06-08 07h33.15.9886359 W | | | | | | BadImageFormatException while analysing 'runtimes\win-x86\native\sni.dll'. This file will not be considered as a .Net assembly but will be stored as-is.
   2018-06-08 07h33.15.9906346 i | | | | | < 
   2018-06-08 07h33.15.9906346 i | | | | | > Reading files from 'C:\Dev\CK\CK-Database-Projects\CK-Database\Tests\BasicModels\SqlZonePackage.Runtime\bin\Debug\net461'.
   2018-06-08 07h33.16.1445482 i | | | | | < 
   2018-06-08 07h33.16.1445482 d | | | | < 
   2018-06-08 07h33.16.1485453   | | | | Opened store with 34 components.
   2018-06-08 07h33.16.1485453   | | | | Local store opened on : 'C:\Dev\CK\CK-Database-Projects\CK-Database\Tests\LocalTestHelper\LocalTestStore'.
   2018-06-08 07h33.16.1585386   | | | | > Creating client remote store on 'file:///C:/Dev/CK/LocalFeed/Local/CKSetupStore'.
   2018-06-08 07h33.16.2005158   | | | | | Opened store with 239 components.
   2018-06-08 07h33.16.2005158   | | | | | Local store opened on : 'C:\Dev\CK\LocalFeed\Local\CKSetupStore'.
   2018-06-08 07h33.16.2005158   | | | | < 
   2018-06-08 07h33.16.2035146 i | | | | > Importing 34 local folders.
   2018-06-08 07h33.16.2145097 i | | | | | > Adding C:\Dev\CK\CK-Database-Projects\CK-Database\CK.StObj.Model\bin\Debug\netstandard2.0\.
   2018-06-08 07h33.16.2215042 W | | | | | | No component added (found already registered Components: 'CK.StObj.Model/6.0.1-C0043-local')
   2018-06-08 07h33.16.2215042 i | | | | | < 
   2018-06-08 07h33.16.2215042 i | | | | | > Adding C:\Dev\CK\CK-Database-Projects\CK-Database\CK.Setupable.Model\bin\Debug\netstandard2.0\.
   2018-06-08 07h33.16.2215042 W | | | | | | No component added (found already registered Components: 'CK.Setupable.Model/6.0.1-C0043-local')
   2018-06-08 07h33.16.2215042 i | | | | | < 
   2018-06-08 07h33.16.2215042 i | | | | | > Adding C:\Dev\CK\CK-Database-Projects\CK-Database\CK.StObj.Model\bin\Debug\net461\.
   2018-06-08 07h33.16.2215042 W | | | | | | No component added (found already registered Components: 'CK.StObj.Model/6.0.1-C0043-local')
   2018-06-08 07h33.16.2215042 i | | | | | < 
   2018-06-08 07h33.16.2215042 i | | | | | > Adding C:\Dev\CK\CK-Database-Projects\CK-Database\CK.SqlServer.Setup.Model\bin\Debug\netstandard2.0\.
   2018-06-08 07h33.16.2215042 W | | | | | | No component added (found already registered Components: 'CK.SqlServer.Setup.Model/6.0.1-C0043-local')
   2018-06-08 07h33.16.2215042 i | | | | | < 
   2018-06-08 07h33.16.2215042 i | | | | | > Adding C:\Dev\CK\CK-Database-Projects\CK-Database\CK.Setupable.Model\bin\Debug\net461\.
   2018-06-08 07h33.16.2215042 W | | | | | | No component added (found already registered Components: 'CK.Setupable.Model/6.0.1-C0043-local')
   2018-06-08 07h33.16.2215042 i | | | | | < 
   2018-06-08 07h33.16.2215042 i | | | | | > Adding C:\Dev\CK\CK-Database-Projects\CK-Database\Tests\BasicModels\SqlActorPackage\bin\Debug\netstandard2.0\.
   2018-06-08 07h33.16.2215042 W | | | | | | No component added (found already registered Components: 'SqlActorPackage/6.0.1-C0043-local')
   2018-06-08 07h33.16.2215042 i | | | | | < 
   2018-06-08 07h33.16.2215042 i | | | | | > Adding C:\Dev\CK\CK-Database-Projects\CK-Database\CK.SqlServer.Setup.Model\bin\Debug\net461\.
   2018-06-08 07h33.16.2215042 W | | | | | | No component added (found already registered Components: 'CK.SqlServer.Setup.Model/6.0.1-C0043-local')
   2018-06-08 07h33.16.2215042 i | | | | | < 
   2018-06-08 07h33.16.2215042 i | | | | | > Adding C:\Dev\CK\CK-Database-Projects\CK-Database\Tests\BasicModels\SqlZonePackage\bin\Debug\netstandard2.0\.
   2018-06-08 07h33.16.2215042 W | | | | | | No component added (found already registered Components: 'SqlZonePackage/6.0.1-C0043-local')
   2018-06-08 07h33.16.2215042 i | | | | | < 
   2018-06-08 07h33.16.2215042 i | | | | | > Adding C:\Dev\CK\CK-Database-Projects\CK-Database\Tests\BasicModels\SqlActorPackage\bin\Debug\net461\.
   2018-06-08 07h33.16.2215042 W | | | | | | No component added (found already registered Components: 'SqlActorPackage/6.0.1-C0043-local')
   2018-06-08 07h33.16.2215042 i | | | | | < 
   2018-06-08 07h33.16.2215042 i | | | | | > Adding C:\Dev\CK\CK-Database-Projects\CK-Database\Tests\BasicModels\SqlZonePackage\bin\Debug\net461\.
   2018-06-08 07h33.16.2215042 W | | | | | | No component added (found already registered Components: 'SqlZonePackage/6.0.1-C0043-local')
   2018-06-08 07h33.16.2215042 i | | | | | < 
   2018-06-08 07h33.16.2215042 i | | | | | > Adding C:\Dev\CK\CK-Database-Projects\CK-Database\CK.StObj.Runtime\bin\Debug\netcoreapp2.0\publish\.
   2018-06-08 07h33.16.2215042 W | | | | | | No component added (found already registered Components: 'CK.StObj.Runtime/6.0.1-C0043-local')
   2018-06-08 07h33.16.2215042 i | | | | | < 
   2018-06-08 07h33.16.2215042 i | | | | | > Adding C:\Dev\CK\CK-Database-Projects\CK-Database\CK.StObj.Runtime\bin\Debug\netcoreapp2.1\publish\.
   2018-06-08 07h33.16.2215042 W | | | | | | No component added (found already registered Components: 'CK.StObj.Runtime/6.0.1-C0043-local')
   2018-06-08 07h33.16.2215042 i | | | | | < 
   2018-06-08 07h33.16.2215042 i | | | | | > Adding C:\Dev\CK\CK-Database-Projects\CK-Database\CK.StObj.Engine\bin\Debug\netcoreapp2.0\publish\.
   2018-06-08 07h33.16.2215042 W | | | | | | No component added (found already registered Components: 'CK.StObj.Engine/6.0.1-C0043-local')
   2018-06-08 07h33.16.2215042 i | | | | | < 
   2018-06-08 07h33.16.2215042 i | | | | | > Adding C:\Dev\CK\CK-Database-Projects\CK-Database\CK.StObj.Engine\bin\Debug\netcoreapp2.1\publish\.
   2018-06-08 07h33.16.2215042 W | | | | | | No component added (found already registered Components: 'CK.StObj.Engine/6.0.1-C0043-local')
   2018-06-08 07h33.16.2215042 i | | | | | < 
   2018-06-08 07h33.16.2215042 i | | | | | > Adding C:\Dev\CK\CK-Database-Projects\CK-Database\CK.Setupable.Runtime\bin\Debug\netcoreapp2.0\publish\.
   2018-06-08 07h33.16.2215042 W | | | | | | No component added (found already registered Components: 'CK.Setupable.Runtime/6.0.1-C0043-local')
   2018-06-08 07h33.16.2215042 i | | | | | < 
   2018-06-08 07h33.16.2215042 i | | | | | > Adding C:\Dev\CK\CK-Database-Projects\CK-Database\CK.Setupable.Runtime\bin\Debug\netcoreapp2.1\publish\.
   2018-06-08 07h33.16.2215042 W | | | | | | No component added (found already registered Components: 'CK.Setupable.Runtime/6.0.1-C0043-local')
   2018-06-08 07h33.16.2215042 i | | | | | < 
   2018-06-08 07h33.16.2215042 i | | | | | > Adding C:\Dev\CK\CK-Database-Projects\CK-Database\CK.Setupable.Engine\bin\Debug\netcoreapp2.1\publish\.
   2018-06-08 07h33.16.2215042 W | | | | | | No component added (found already registered Components: 'CK.Setupable.Engine/6.0.1-C0043-local')
   2018-06-08 07h33.16.2215042 i | | | | | < 
   2018-06-08 07h33.16.2215042 i | | | | | > Adding C:\Dev\CK\CK-Database-Projects\CK-Database\CK.Setupable.Engine\bin\Debug\netcoreapp2.0\publish\.
   2018-06-08 07h33.16.2215042 W | | | | | | No component added (found already registered Components: 'CK.Setupable.Engine/6.0.1-C0043-local')
   2018-06-08 07h33.16.2215042 i | | | | | < 
   2018-06-08 07h33.16.2215042 i | | | | | > Adding C:\Dev\CK\CK-Database-Projects\CK-Database\CK.SqlServer.Setup.Runtime\bin\Debug\netcoreapp2.1\publish\.
   2018-06-08 07h33.16.2215042 W | | | | | | No component added (found already registered Components: 'CK.SqlServer.Setup.Runtime/6.0.1-C0043-local')
   2018-06-08 07h33.16.2215042 i | | | | | < 
   2018-06-08 07h33.16.2215042 i | | | | | > Adding C:\Dev\CK\CK-Database-Projects\CK-Database\CK.SqlServer.Setup.Engine\bin\Debug\netcoreapp2.1\publish\.
   2018-06-08 07h33.16.2215042 W | | | | | | No component added (found already registered Components: 'CK.SqlServer.Setup.Engine/6.0.1-C0043-local')
   2018-06-08 07h33.16.2215042 i | | | | | < 
   2018-06-08 07h33.16.2215042 i | | | | | > Adding C:\Dev\CK\CK-Database-Projects\CK-Database\Tests\BasicModels\SqlActorPackage.Runtime\bin\Debug\netcoreapp2.1\publish\.
   2018-06-08 07h33.16.2215042 W | | | | | | No component added (found already registered Components: 'SqlActorPackage.Runtime/6.0.1-C0043-local')
   2018-06-08 07h33.16.2215042 i | | | | | < 
   2018-06-08 07h33.16.2215042 i | | | | | > Adding C:\Dev\CK\CK-Database-Projects\CK-Database\Tests\BasicModels\SqlZonePackage.Runtime\bin\Debug\netcoreapp2.1\publish\.
   2018-06-08 07h33.16.2215042 W | | | | | | No component added (found already registered Components: 'SqlZonePackage.Runtime/6.0.1-C0043-local')
   2018-06-08 07h33.16.2215042 i | | | | | < 
   2018-06-08 07h33.16.2215042 i | | | | | > Adding C:\Dev\CK\CK-Database-Projects\CK-Database\CK.SqlServer.Setup.Runtime\bin\Debug\netcoreapp2.0\publish\.
   2018-06-08 07h33.16.2215042 W | | | | | | No component added (found already registered Components: 'CK.SqlServer.Setup.Runtime/6.0.1-C0043-local')
   2018-06-08 07h33.16.2215042 i | | | | | < 
   2018-06-08 07h33.16.2215042 i | | | | | > Adding C:\Dev\CK\CK-Database-Projects\CK-Database\CK.SqlServer.Setup.Engine\bin\Debug\netcoreapp2.0\publish\.
   2018-06-08 07h33.16.2215042 W | | | | | | No component added (found already registered Components: 'CK.SqlServer.Setup.Engine/6.0.1-C0043-local')
   2018-06-08 07h33.16.2215042 i | | | | | < 
   2018-06-08 07h33.16.2215042 i | | | | | > Adding C:\Dev\CK\CK-Database-Projects\CK-Database\Tests\BasicModels\SqlActorPackage.Runtime\bin\Debug\netcoreapp2.0\publish\.
   2018-06-08 07h33.16.2215042 W | | | | | | No component added (found already registered Components: 'SqlActorPackage.Runtime/6.0.1-C0043-local')
   2018-06-08 07h33.16.2215042 i | | | | | < 
   2018-06-08 07h33.16.2215042 i | | | | | > Adding C:\Dev\CK\CK-Database-Projects\CK-Database\Tests\BasicModels\SqlZonePackage.Runtime\bin\Debug\netcoreapp2.0\publish\.
   2018-06-08 07h33.16.2215042 W | | | | | | No component added (found already registered Components: 'SqlZonePackage.Runtime/6.0.1-C0043-local')
   2018-06-08 07h33.16.2215042 i | | | | | < 
   2018-06-08 07h33.16.2215042 i | | | | | > Adding C:\Dev\CK\CK-Database-Projects\CK-Database\CK.StObj.Runtime\bin\Debug\net461\.
   2018-06-08 07h33.16.2215042 W | | | | | | No component added (found already registered Components: 'CK.StObj.Runtime/6.0.1-C0043-local')
   2018-06-08 07h33.16.2215042 i | | | | | < 
   2018-06-08 07h33.16.2215042 i | | | | | > Adding C:\Dev\CK\CK-Database-Projects\CK-Database\CK.StObj.Engine\bin\Debug\net461\.
   2018-06-08 07h33.16.2215042 W | | | | | | No component added (found already registered Components: 'CK.StObj.Engine/6.0.1-C0043-local')
   2018-06-08 07h33.16.2215042 i | | | | | < 
   2018-06-08 07h33.16.2215042 i | | | | | > Adding C:\Dev\CK\CK-Database-Projects\CK-Database\CK.Setupable.Runtime\bin\Debug\net461\.
   2018-06-08 07h33.16.2215042 W | | | | | | No component added (found already registered Components: 'CK.Setupable.Runtime/6.0.1-C0043-local')
   2018-06-08 07h33.16.2215042 i | | | | | < 
   2018-06-08 07h33.16.2215042 i | | | | | > Adding C:\Dev\CK\CK-Database-Projects\CK-Database\CK.Setupable.Engine\bin\Debug\net461\.
   2018-06-08 07h33.16.2215042 W | | | | | | No component added (found already registered Components: 'CK.Setupable.Engine/6.0.1-C0043-local')
   2018-06-08 07h33.16.2215042 i | | | | | < 
   2018-06-08 07h33.16.2215042 i | | | | | > Adding C:\Dev\CK\CK-Database-Projects\CK-Database\CK.SqlServer.Setup.Runtime\bin\Debug\net461\.
   2018-06-08 07h33.16.2215042 W | | | | | | No component added (found already registered Components: 'CK.SqlServer.Setup.Runtime/6.0.1-C0043-local')
   2018-06-08 07h33.16.2215042 i | | | | | < 
   2018-06-08 07h33.16.2215042 i | | | | | > Adding C:\Dev\CK\CK-Database-Projects\CK-Database\CK.SqlServer.Setup.Engine\bin\Debug\net461\.
   2018-06-08 07h33.16.2215042 W | | | | | | No component added (found already registered Components: 'CK.SqlServer.Setup.Engine/6.0.1-C0043-local')
   2018-06-08 07h33.16.2215042 i | | | | | < 
   2018-06-08 07h33.16.2215042 i | | | | | > Adding C:\Dev\CK\CK-Database-Projects\CK-Database\Tests\BasicModels\SqlActorPackage.Runtime\bin\Debug\net461\.
   2018-06-08 07h33.16.2215042 W | | | | | | No component added (found already registered Components: 'SqlActorPackage.Runtime/6.0.1-C0043-local')
   2018-06-08 07h33.16.2215042 i | | | | | < 
   2018-06-08 07h33.16.2215042 i | | | | | > Adding C:\Dev\CK\CK-Database-Projects\CK-Database\Tests\BasicModels\SqlZonePackage.Runtime\bin\Debug\net461\.
   2018-06-08 07h33.16.2215042 W | | | | | | No component added (found already registered Components: 'SqlZonePackage.Runtime/6.0.1-C0043-local')
   2018-06-08 07h33.16.2215042 i | | | | | < 
   2018-06-08 07h33.16.2304974 i | | | | < 
   2018-06-08 07h33.16.2304974 i | | | | > Closing Store.
   2018-06-08 07h33.16.2304974 i | | | | < 
   2018-06-08 07h33.16.2304974 i | | | | > Closing Store.
   2018-06-08 07h33.16.2304974 i | | | | < 
   2018-06-08 07h33.16.2304974 i | | | < 
   2018-06-08 07h33.16.2304974 i | | < 
   2018-06-08 07h33.16.2304974 i | | Using store 'C:\Dev\CK\CK-Database-Projects\CK-Database\Tests\LocalTestHelper\LocalTestStore'.
   2018-06-08 07h33.16.2314957 i | | Using remote 'file:///C:/Dev/CK/LocalFeed/Local/CKSetupStore'.
   2018-06-08 07h33.16.2374946   | | Opened store with 34 components.
   2018-06-08 07h33.16.2374946   | | Local store opened on : 'C:\Dev\CK\CK-Database-Projects\CK-Database\Tests\LocalTestHelper\LocalTestStore'.
   2018-06-08 07h33.16.2374946   | | > Creating client remote store on 'file:///C:/Dev/CK/LocalFeed/Local/CKSetupStore'.
   2018-06-08 07h33.16.3054573   | | | Opened store with 239 components.
   2018-06-08 07h33.16.3054573   | | | Local store opened on : 'C:\Dev\CK\LocalFeed\Local\CKSetupStore'.
   2018-06-08 07h33.16.3054573   | | < 
   2018-06-08 07h33.16.3084534 i | | > Running Setup.
   2018-06-08 07h33.16.3194463   | | | > Initializing SetupContext (ignoring signatures).
   2018-06-08 07h33.16.3974013 i | | | | <Root>
                                 | | | |     <CKSetup>
                                 | | | |       <WorkingDirectory>C:\Dev\CK\CK-Database-Projects\CK-Database\Tests\SqlActorPackage.Tests\CKSetup-WorkingDir</WorkingDirectory>
                                 | | | |       <PreferredTargetRuntimes></PreferredTargetRuntimes>
                                 | | | |       <BinPaths>
                                 | | | |         <BinPath>C:\Dev\CK\CK-Database-Projects\CK-Database\Tests\SqlActorPackage.Tests\bin\Debug\net461</BinPath>
                                 | | | |       </BinPaths>
                                 | | | |       <Dependencies />
                                 | | | |       <EngineAssemblyQualifiedName>CK.Setup.StObjEngine, CK.StObj.Engine</EngineAssemblyQualifiedName>
                                 | | | |     </CKSetup>
                                 | | | |     <Configuration>
                                 | | | |       <AppContextAssemblyGeneratedDirectoryTarget>C:\Dev\CK\CK-Database-Projects\CK-Database\Tests\SqlActorPackage.Tests\bin\Debug\net461</AppContextAssemblyGeneratedDirectoryTarget>
                                 | | | |       <GenerateSourceFiles>true</GenerateSourceFiles>
                                 | | | |       <GeneratedAssemblyName>SqlActorPackage.Tests.Generated.Reset.1</GeneratedAssemblyName>
                                 | | | |       <Assemblies />
                                 | | | |       <Types />
                                 | | | |       <Aspect Type="CK.Setup.SetupableAspectConfiguration, CK.Setupable.Model" Version="1" />
                                 | | | |       <Aspect Type="CK.Setup.SqlSetupAspectConfiguration, CK.SqlServer.Setup.Model">
                                 | | | |         <Databases />
                                 | | | |         <DefaultDatabaseConnectionString>Data Source=.;Initial Catalog=CKTEST_SqlActorPackage;Integrated Security=True</DefaultDatabaseConnectionString>
                                 | | | |         <GlobalResolution>true</GlobalResolution>
                                 | | | |       </Aspect>
                                 | | | |     </Configuration>
                                 | | | |   </Root>
   2018-06-08 07h33.16.3974013 i | | | | Configuration BasePath is empty: using current directory 'C:\Dev\CK\CK-Database-Projects\CK-Database\Tests\SqlActorPackage.Tests\bin\Debug\net461'.
   2018-06-08 07h33.16.4003992 i | | | | > Reading binary folders.
   2018-06-08 07h33.16.4043976 i | | | | | > Reading files from 'C:\Dev\CK\CK-Database-Projects\CK-Database\Tests\SqlActorPackage.Tests\bin\Debug\net461'.
   2018-06-08 07h33.16.5740884 i | | | | | < 
   2018-06-08 07h33.16.5750915 i | | | | <  | 1 conclusion:
                                 | | | |    | 1 folders read.
   2018-06-08 07h33.16.6980172 i | | | | Created setup folder in Working Directory: C:\Dev\CK\CK-Database-Projects\CK-Database\Tests\SqlActorPackage.Tests\CKSetup-WorkingDir\2018-06-08 07h33.16.6960189\.
   2018-06-08 07h33.16.6980172   | | | < 
   2018-06-08 07h33.16.7040139 i | | | > Resolving runtime support for 'C:\Dev\CK\CK-Database-Projects\CK-Database\Tests\SqlActorPackage.Tests\bin\Debug\net461\'.
   2018-06-08 07h33.16.7060136 i | | | | > Creating runtime dependencies resolver for C:\Dev\CK\CK-Database-Projects\CK-Database\Tests\SqlActorPackage.Tests\bin\Debug\net461\.
   2018-06-08 07h33.16.7130090 i | | | | | Found Models: CK.Setupable.Model/6.0.1-C0043-local/Net461/, CK.SqlServer.Setup.Model/6.0.1-C0043-local/Net461/, CK.StObj.Model/6.0.1-C0043-local/Net461/, SqlActorPackage/6.0.1-C0043-local/Net461/
   2018-06-08 07h33.16.7210039 i | | | | < 
   2018-06-08 07h33.16.7210039 i | | | < 
   2018-06-08 07h33.16.7210039 F | | | La référence d'objet n'est pas définie à une instance d'un objet.
                                 | | |    ┌──────────────────────────■ Exception: NullReferenceException ■──────────────────────────
                                 | | |    | Message:    La référence d'objet n'est pas définie à une instance d'un objet.
                                 | | |    | Stack:         à CKSetup.ComponentRef.get_EntryPathPrefix()
                                 | | |    |                à CKSetup.ComponentRef.ToString()
                                 | | |    |                à CKSetup.ComponentDB.<>c.<GetRuntimeDependenciesResolver>b__30_6(BinFileAssemblyInfo x)
                                 | | |    |                à System.Linq.Enumerable.WhereSelectArrayIterator`2.MoveNext()
                                 | | |    |                à System.String.Join(String separator, IEnumerable`1 values)
                                 | | |    |                à CK.Text.StringAndStringBuilderExtension.Concatenate(IEnumerable`1 this, String separator)
                                 | | |    |                à CKSetup.ComponentDB.GetRuntimeDependenciesResolver(IActivityMonitor m, IEnumerable`1 targets, IEnumerable`1 explicitDependencies, IEnumerable`1 preferredTargetRuntimes)
                                 | | |    |                à CKSetup.LocalStore.ExtractRuntimeDependencies(String workingDirectory, IEnumerable`1 targets, IComponentImporter missingImporter, IEnumerable`1 explicitDependencies, IEnumerable`1 preferredTargetRuntimes)
                                 | | |    |                à CKSetup.Facade.<DoRun>g__ActualRun|5_0(<>c__DisplayClass5_0& )
                                 | | |    └─────────────────────────────────────────────────────────────────────────
   2018-06-08 07h33.16.7294447   | | | Leaving Working Directory 'C:\Dev\CK\CK-Database-Projects\CK-Database\Tests\SqlActorPackage.Tests\CKSetup-WorkingDir\2018-06-08 07h33.16.6960189\' as-is.
   2018-06-08 07h33.16.7294447 i | | <  | 1 conclusion:
                                 | |    | Failed
   2018-06-08 07h33.16.7294447 i | | > Closing Store.
   2018-06-08 07h33.16.7294447 i | | < 
   2018-06-08 07h33.16.7294447 i | | > Closing Store.
   2018-06-08 07h33.16.7294447 i | | < 
   2018-06-08 07h33.16.7294447 i | < 
   2018-06-08 07h33.16.7294447 i < 
   2018-06-08 07h33.16.8766749 i > Accessing null StObj map.
   2018-06-08 07h33.16.8776723 i | > Invoking StObjMapLoading event.
   2018-06-08 07h33.16.8796862 i | | File 'C:\Dev\CK\CK-Database-Projects\CK-Database\Tests\SqlActorPackage.Tests\bin\Debug\net461\SqlActorPackage.Tests.Generated.Reset.1.dll' does not exist. Running StObjSetup to create it.
   2018-06-08 07h33.16.8806849 i | | > Running StObjSetup.
   2018-06-08 07h33.16.8806849 i | | | > Ensuring database 'Database:CKTEST_SqlActorPackage, Collation:Latin1_General_100_BIN2, CompatibilityLevel:130'.
   2018-06-08 07h33.16.8815270 i | | | <  | 1 conclusion:
                                 | | |    | Database already exists, collation and compatiblity level match.
   2018-06-08 07h33.16.8815270 i | | | No 'CKSetup/DefaultBinPaths' configuration. Using current BinFolder.
   2018-06-08 07h33.16.8815270 i | | | Using store 'C:\Dev\CK\CK-Database-Projects\CK-Database\Tests\LocalTestHelper\LocalTestStore'.
   2018-06-08 07h33.16.8815270 i | | | Using remote 'file:///C:/Dev/CK/LocalFeed/Local/CKSetupStore'.
   2018-06-08 07h33.16.8845440   | | | Opened store with 34 components.
   2018-06-08 07h33.16.8845440   | | | Local store opened on : 'C:\Dev\CK\CK-Database-Projects\CK-Database\Tests\LocalTestHelper\LocalTestStore'.
   2018-06-08 07h33.16.8845440   | | | > Creating client remote store on 'file:///C:/Dev/CK/LocalFeed/Local/CKSetupStore'.
   2018-06-08 07h33.16.9315018   | | | | Opened store with 239 components.
   2018-06-08 07h33.16.9315018   | | | | Local store opened on : 'C:\Dev\CK\LocalFeed\Local\CKSetupStore'.
   2018-06-08 07h33.16.9315018   | | | < 
   2018-06-08 07h33.16.9315018 i | | | > Running Setup.
   2018-06-08 07h33.16.9315018   | | | | > Initializing SetupContext (ignoring signatures).
   2018-06-08 07h33.16.9315018 i | | | | | <Root>
                                 | | | | |     <CKSetup>
                                 | | | | |       <WorkingDirectory>C:\Dev\CK\CK-Database-Projects\CK-Database\Tests\SqlActorPackage.Tests\CKSetup-WorkingDir</WorkingDirectory>
                                 | | | | |       <PreferredTargetRuntimes></PreferredTargetRuntimes>
                                 | | | | |       <BinPaths>
                                 | | | | |         <BinPath>C:\Dev\CK\CK-Database-Projects\CK-Database\Tests\SqlActorPackage.Tests\bin\Debug\net461</BinPath>
                                 | | | | |       </BinPaths>
                                 | | | | |       <Dependencies />
                                 | | | | |       <EngineAssemblyQualifiedName>CK.Setup.StObjEngine, CK.StObj.Engine</EngineAssemblyQualifiedName>
                                 | | | | |     </CKSetup>
                                 | | | | |     <Configuration>
                                 | | | | |       <AppContextAssemblyGeneratedDirectoryTarget>C:\Dev\CK\CK-Database-Projects\CK-Database\Tests\SqlActorPackage.Tests\bin\Debug\net461</AppContextAssemblyGeneratedDirectoryTarget>
                                 | | | | |       <GenerateSourceFiles>true</GenerateSourceFiles>
                                 | | | | |       <GeneratedAssemblyName>SqlActorPackage.Tests.Generated.Reset.1</GeneratedAssemblyName>
                                 | | | | |       <Assemblies />
                                 | | | | |       <Types />
                                 | | | | |       <Aspect Type="CK.Setup.SetupableAspectConfiguration, CK.Setupable.Model" Version="1" />
                                 | | | | |       <Aspect Type="CK.Setup.SqlSetupAspectConfiguration, CK.SqlServer.Setup.Model">
                                 | | | | |         <Databases />
                                 | | | | |         <DefaultDatabaseConnectionString>Data Source=.;Initial Catalog=CKTEST_SqlActorPackage;Integrated Security=True</DefaultDatabaseConnectionString>
                                 | | | | |         <GlobalResolution>true</GlobalResolution>
                                 | | | | |       </Aspect>
                                 | | | | |     </Configuration>
                                 | | | | |   </Root>
   2018-06-08 07h33.16.9315018 i | | | | | Configuration BasePath is empty: using current directory 'C:\Dev\CK\CK-Database-Projects\CK-Database\Tests\SqlActorPackage.Tests\bin\Debug\net461'.
   2018-06-08 07h33.16.9315018 i | | | | | > Reading binary folders.
   2018-06-08 07h33.16.9315018 i | | | | | | > Reading files from 'C:\Dev\CK\CK-Database-Projects\CK-Database\Tests\SqlActorPackage.Tests\bin\Debug\net461'.
   2018-06-08 07h33.17.0534320 i | | | | | | < 
   2018-06-08 07h33.17.0534320 i | | | | | <  | 1 conclusion:
                                 | | | | |    | 1 folders read.
   2018-06-08 07h33.17.1263101 i | | | | | Created setup folder in Working Directory: C:\Dev\CK\CK-Database-Projects\CK-Database\Tests\SqlActorPackage.Tests\CKSetup-WorkingDir\2018-06-08 07h33.17.1253105\.
   2018-06-08 07h33.17.1263101   | | | | < 
   2018-06-08 07h33.17.1273075 i | | | | > Resolving runtime support for 'C:\Dev\CK\CK-Database-Projects\CK-Database\Tests\SqlActorPackage.Tests\bin\Debug\net461\'.
   2018-06-08 07h33.17.1273075 i | | | | | > Creating runtime dependencies resolver for C:\Dev\CK\CK-Database-Projects\CK-Database\Tests\SqlActorPackage.Tests\bin\Debug\net461\.
   2018-06-08 07h33.17.1273075 i | | | | | | Found Models: CK.Setupable.Model/6.0.1-C0043-local/Net461/, CK.SqlServer.Setup.Model/6.0.1-C0043-local/Net461/, CK.StObj.Model/6.0.1-C0043-local/Net461/, SqlActorPackage/6.0.1-C0043-local/Net461/
   2018-06-08 07h33.17.1273075 i | | | | | < 
   2018-06-08 07h33.17.1273075 i | | | | < 
   2018-06-08 07h33.17.1283079 F | | | | La référence d'objet n'est pas définie à une instance d'un objet.
                                 | | | |    ┌──────────────────────────■ Exception: NullReferenceException ■──────────────────────────
                                 | | | |    | Message:    La référence d'objet n'est pas définie à une instance d'un objet.
                                 | | | |    | Stack:         à CKSetup.ComponentRef.get_EntryPathPrefix()
                                 | | | |    |                à CKSetup.ComponentRef.ToString()
                                 | | | |    |                à CKSetup.ComponentDB.<>c.<GetRuntimeDependenciesResolver>b__30_6(BinFileAssemblyInfo x)
                                 | | | |    |                à System.Linq.Enumerable.WhereSelectArrayIterator`2.MoveNext()
                                 | | | |    |                à System.String.Join(String separator, IEnumerable`1 values)
                                 | | | |    |                à CK.Text.StringAndStringBuilderExtension.Concatenate(IEnumerable`1 this, String separator)
                                 | | | |    |                à CKSetup.ComponentDB.GetRuntimeDependenciesResolver(IActivityMonitor m, IEnumerable`1 targets, IEnumerable`1 explicitDependencies, IEnumerable`1 preferredTargetRuntimes)
                                 | | | |    |                à CKSetup.LocalStore.ExtractRuntimeDependencies(String workingDirectory, IEnumerable`1 targets, IComponentImporter missingImporter, IEnumerable`1 explicitDependencies, IEnumerable`1 preferredTargetRuntimes)
                                 | | | |    |                à CKSetup.Facade.<DoRun>g__ActualRun|5_0(<>c__DisplayClass5_0& )
                                 | | | |    └─────────────────────────────────────────────────────────────────────────
   2018-06-08 07h33.17.1283079   | | | | Leaving Working Directory 'C:\Dev\CK\CK-Database-Projects\CK-Database\Tests\SqlActorPackage.Tests\CKSetup-WorkingDir\2018-06-08 07h33.17.1253105\' as-is.
   2018-06-08 07h33.17.1283079 i | | | <  | 1 conclusion:
                                 | | |    | Failed
   2018-06-08 07h33.17.1283079 i | | | > Closing Store.
   2018-06-08 07h33.17.1283079 i | | | < 
   2018-06-08 07h33.17.1283079 i | | | > Closing Store.
   2018-06-08 07h33.17.1283079 i | | | < 
   2018-06-08 07h33.17.1283079 i | | < 
   2018-06-08 07h33.17.1283079 i | < 
   2018-06-08 07h33.17.1313076 i | > Loading StObj map from SqlActorPackage.Tests.Generated.Reset.1.
   2018-06-08 07h33.17.1333068 E | | Impossible de charger le fichier ou l'assembly 'SqlActorPackage.Tests.Generated.Reset.1' ou une de ses dépendances. Le fichier spécifié est introuvable.
                                 | |    ┌──────────────────────────■ Exception: FileNotFoundException ■──────────────────────────
                                 | |    | Message:    Impossible de charger le fichier ou l'assembly 'SqlActorPackage.Tests.Generated.Reset.1' ou une de ses dépendances. Le fichier spécifié est introuvable.
                                 | |    | Stack:         à System.Reflection.RuntimeAssembly._nLoad(AssemblyName fileName, String codeBase, Evidence assemblySecurity, RuntimeAssembly locationHint, StackCrawlMark& stackMark, IntPtr pPrivHostBinder, Boolean throwOnFileNotFound, Boolean forIntrospection, Boolean suppressSecurityChecks)
                                 | |    |                à System.Reflection.RuntimeAssembly.InternalLoadAssemblyName(AssemblyName assemblyRef, Evidence assemblySecurity, RuntimeAssembly reqAssembly, StackCrawlMark& stackMark, IntPtr pPrivHostBinder, Boolean throwOnFileNotFound, Boolean forIntrospection, Boolean suppressSecurityChecks)
                                 | |    |                à System.Reflection.Assembly.Load(AssemblyName assemblyRef)
                                 | |    |                à CK.Testing.StObjMapTestHelper.DoLoadStObjMap(String assemblyName)
                                 | |    | FileName:   SqlActorPackage.Tests.Generated.Reset.1
                                 | |    | Details:    AVT : la journalisation de liaison d'assembly est désactivée.
                                 | |    |             Pour activer la journalisation des échecs de liaison d'assembly, attribuez la valeur 1 à la valeur de Registre [HKLM\Software\Microsoft\Fusion!EnableLog] (DWORD).
                                 | |    |             Remarque : une certaine perte de performance est associée à l'enregistrement dans le journal des échecs de liaison d'assembly.
                                 | |    |             Pour désactiver cette fonctionnalité, supprimez la valeur de Registre [HKLM\Software\Microsoft\Fusion!EnableLog].
                                 | |    └─────────────────────────────────────────────────────────────────────────
   2018-06-08 07h33.17.1478532 i | < 
   2018-06-08 07h33.17.1478532 i < 
   2018-06-08 07h33.17.1548338 i > Accessing null StObj map.
   2018-06-08 07h33.17.1548338 i | > Invoking StObjMapLoading event.
   2018-06-08 07h33.17.1548338 i | | File 'C:\Dev\CK\CK-Database-Projects\CK-Database\Tests\SqlActorPackage.Tests\bin\Debug\net461\SqlActorPackage.Tests.Generated.Reset.1.dll' does not exist. Running StObjSetup to create it.
   2018-06-08 07h33.17.1548338 i | | > Running StObjSetup.
   2018-06-08 07h33.17.1548338 i | | | > Ensuring database 'Database:CKTEST_SqlActorPackage, Collation:Latin1_General_100_BIN2, CompatibilityLevel:130'.
   2018-06-08 07h33.17.1558334 i | | | <  | 1 conclusion:
                                 | | |    | Database already exists, collation and compatiblity level match.
   2018-06-08 07h33.17.1558334 i | | | No 'CKSetup/DefaultBinPaths' configuration. Using current BinFolder.
   2018-06-08 07h33.17.1558334 i | | | Using store 'C:\Dev\CK\CK-Database-Projects\CK-Database\Tests\LocalTestHelper\LocalTestStore'.
   2018-06-08 07h33.17.1558334 i | | | Using remote 'file:///C:/Dev/CK/LocalFeed/Local/CKSetupStore'.
   2018-06-08 07h33.17.1588465   | | | Opened store with 34 components.
   2018-06-08 07h33.17.1588465   | | | Local store opened on : 'C:\Dev\CK\CK-Database-Projects\CK-Database\Tests\LocalTestHelper\LocalTestStore'.
   2018-06-08 07h33.17.1588465   | | | > Creating client remote store on 'file:///C:/Dev/CK/LocalFeed/Local/CKSetupStore'.
   2018-06-08 07h33.17.2028068   | | | | Opened store with 239 components.
   2018-06-08 07h33.17.2028068   | | | | Local store opened on : 'C:\Dev\CK\LocalFeed\Local\CKSetupStore'.
   2018-06-08 07h33.17.2028068   | | | < 
   2018-06-08 07h33.17.2028068 i | | | > Running Setup.
   2018-06-08 07h33.17.2028068   | | | | > Initializing SetupContext (ignoring signatures).
   2018-06-08 07h33.17.2028068 i | | | | | <Root>
                                 | | | | |     <CKSetup>
                                 | | | | |       <WorkingDirectory>C:\Dev\CK\CK-Database-Projects\CK-Database\Tests\SqlActorPackage.Tests\CKSetup-WorkingDir</WorkingDirectory>
                                 | | | | |       <PreferredTargetRuntimes></PreferredTargetRuntimes>
                                 | | | | |       <BinPaths>
                                 | | | | |         <BinPath>C:\Dev\CK\CK-Database-Projects\CK-Database\Tests\SqlActorPackage.Tests\bin\Debug\net461</BinPath>
                                 | | | | |       </BinPaths>
                                 | | | | |       <Dependencies />
                                 | | | | |       <EngineAssemblyQualifiedName>CK.Setup.StObjEngine, CK.StObj.Engine</EngineAssemblyQualifiedName>
                                 | | | | |     </CKSetup>
                                 | | | | |     <Configuration>
                                 | | | | |       <AppContextAssemblyGeneratedDirectoryTarget>C:\Dev\CK\CK-Database-Projects\CK-Database\Tests\SqlActorPackage.Tests\bin\Debug\net461</AppContextAssemblyGeneratedDirectoryTarget>
                                 | | | | |       <GenerateSourceFiles>true</GenerateSourceFiles>
                                 | | | | |       <GeneratedAssemblyName>SqlActorPackage.Tests.Generated.Reset.1</GeneratedAssemblyName>
                                 | | | | |       <Assemblies />
                                 | | | | |       <Types />
                                 | | | | |       <Aspect Type="CK.Setup.SetupableAspectConfiguration, CK.Setupable.Model" Version="1" />
                                 | | | | |       <Aspect Type="CK.Setup.SqlSetupAspectConfiguration, CK.SqlServer.Setup.Model">
                                 | | | | |         <Databases />
                                 | | | | |         <DefaultDatabaseConnectionString>Data Source=.;Initial Catalog=CKTEST_SqlActorPackage;Integrated Security=True</DefaultDatabaseConnectionString>
                                 | | | | |         <GlobalResolution>true</GlobalResolution>
                                 | | | | |       </Aspect>
                                 | | | | |     </Configuration>
                                 | | | | |   </Root>
   2018-06-08 07h33.17.2028068 i | | | | | Configuration BasePath is empty: using current directory 'C:\Dev\CK\CK-Database-Projects\CK-Database\Tests\SqlActorPackage.Tests\bin\Debug\net461'.
   2018-06-08 07h33.17.2028068 i | | | | | > Reading binary folders.
   2018-06-08 07h33.17.2028068 i | | | | | | > Reading files from 'C:\Dev\CK\CK-Database-Projects\CK-Database\Tests\SqlActorPackage.Tests\bin\Debug\net461'.
   2018-06-08 07h33.17.3287367 i | | | | | | < 
   2018-06-08 07h33.17.3287367 i | | | | | <  | 1 conclusion:
                                 | | | | |    | 1 folders read.
   2018-06-08 07h33.17.4027554 i | | | | | Created setup folder in Working Directory: C:\Dev\CK\CK-Database-Projects\CK-Database\Tests\SqlActorPackage.Tests\CKSetup-WorkingDir\2018-06-08 07h33.17.4007553\.
   2018-06-08 07h33.17.4027554   | | | | < 
   2018-06-08 07h33.17.4027554 i | | | | > Resolving runtime support for 'C:\Dev\CK\CK-Database-Projects\CK-Database\Tests\SqlActorPackage.Tests\bin\Debug\net461\'.
   2018-06-08 07h33.17.4027554 i | | | | | > Creating runtime dependencies resolver for C:\Dev\CK\CK-Database-Projects\CK-Database\Tests\SqlActorPackage.Tests\bin\Debug\net461\.
   2018-06-08 07h33.17.4027554 i | | | | | | Found Models: CK.Setupable.Model/6.0.1-C0043-local/Net461/, CK.SqlServer.Setup.Model/6.0.1-C0043-local/Net461/, CK.StObj.Model/6.0.1-C0043-local/Net461/, SqlActorPackage/6.0.1-C0043-local/Net461/
   2018-06-08 07h33.17.4037523 i | | | | | < 
   2018-06-08 07h33.17.4037523 i | | | | < 
   2018-06-08 07h33.17.4037523 F | | | | La référence d'objet n'est pas définie à une instance d'un objet.
                                 | | | |    ┌──────────────────────────■ Exception: NullReferenceException ■──────────────────────────
                                 | | | |    | Message:    La référence d'objet n'est pas définie à une instance d'un objet.
                                 | | | |    | Stack:         à CKSetup.ComponentRef.get_EntryPathPrefix()
                                 | | | |    |                à CKSetup.ComponentRef.ToString()
                                 | | | |    |                à CKSetup.ComponentDB.<>c.<GetRuntimeDependenciesResolver>b__30_6(BinFileAssemblyInfo x)
                                 | | | |    |                à System.Linq.Enumerable.WhereSelectArrayIterator`2.MoveNext()
                                 | | | |    |                à System.String.Join(String separator, IEnumerable`1 values)
                                 | | | |    |                à CK.Text.StringAndStringBuilderExtension.Concatenate(IEnumerable`1 this, String separator)
                                 | | | |    |                à CKSetup.ComponentDB.GetRuntimeDependenciesResolver(IActivityMonitor m, IEnumerable`1 targets, IEnumerable`1 explicitDependencies, IEnumerable`1 preferredTargetRuntimes)
                                 | | | |    |                à CKSetup.LocalStore.ExtractRuntimeDependencies(String workingDirectory, IEnumerable`1 targets, IComponentImporter missingImporter, IEnumerable`1 explicitDependencies, IEnumerable`1 preferredTargetRuntimes)
                                 | | | |    |                à CKSetup.Facade.<DoRun>g__ActualRun|5_0(<>c__DisplayClass5_0& )
                                 | | | |    └─────────────────────────────────────────────────────────────────────────
   2018-06-08 07h33.17.4037523   | | | | Leaving Working Directory 'C:\Dev\CK\CK-Database-Projects\CK-Database\Tests\SqlActorPackage.Tests\CKSetup-WorkingDir\2018-06-08 07h33.17.4007553\' as-is.
   2018-06-08 07h33.17.4037523 i | | | <  | 1 conclusion:
                                 | | |    | Failed
   2018-06-08 07h33.17.4037523 i | | | > Closing Store.
   2018-06-08 07h33.17.4037523 i | | | < 
   2018-06-08 07h33.17.4037523 i | | | > Closing Store.
   2018-06-08 07h33.17.4037523 i | | | < 
   2018-06-08 07h33.17.4037523 i | | < 
   2018-06-08 07h33.17.4037523 i | < 
   2018-06-08 07h33.17.4037523 i | > Loading StObj map from SqlActorPackage.Tests.Generated.Reset.1.
   2018-06-08 07h33.17.4047537 E | | Impossible de charger le fichier ou l'assembly 'SqlActorPackage.Tests.Generated.Reset.1' ou une de ses dépendances. Le fichier spécifié est introuvable.
                                 | |    ┌──────────────────────────■ Exception: FileNotFoundException ■──────────────────────────
                                 | |    | Message:    Impossible de charger le fichier ou l'assembly 'SqlActorPackage.Tests.Generated.Reset.1' ou une de ses dépendances. Le fichier spécifié est introuvable.
                                 | |    | Stack:         à System.Reflection.RuntimeAssembly._nLoad(AssemblyName fileName, String codeBase, Evidence assemblySecurity, RuntimeAssembly locationHint, StackCrawlMark& stackMark, IntPtr pPrivHostBinder, Boolean throwOnFileNotFound, Boolean forIntrospection, Boolean suppressSecurityChecks)
                                 | |    |                à System.Reflection.RuntimeAssembly.InternalLoadAssemblyName(AssemblyName assemblyRef, Evidence assemblySecurity, RuntimeAssembly reqAssembly, StackCrawlMark& stackMark, IntPtr pPrivHostBinder, Boolean throwOnFileNotFound, Boolean forIntrospection, Boolean suppressSecurityChecks)
                                 | |    |                à System.Reflection.Assembly.Load(AssemblyName assemblyRef)
                                 | |    |                à CK.Testing.StObjMapTestHelper.DoLoadStObjMap(String assemblyName)
                                 | |    | FileName:   SqlActorPackage.Tests.Generated.Reset.1
                                 | |    | Details:    AVT : la journalisation de liaison d'assembly est désactivée.
                                 | |    |             Pour activer la journalisation des échecs de liaison d'assembly, attribuez la valeur 1 à la valeur de Registre [HKLM\Software\Microsoft\Fusion!EnableLog] (DWORD).
                                 | |    |             Remarque : une certaine perte de performance est associée à l'enregistrement dans le journal des échecs de liaison d'assembly.
                                 | |    |             Pour désactiver cette fonctionnalité, supprimez la valeur de Registre [HKLM\Software\Microsoft\Fusion!EnableLog].
                                 | |    └─────────────────────────────────────────────────────────────────────────
   2018-06-08 07h33.17.4047537 i | < 
   2018-06-08 07h33.17.4047537 i < 
   2018-06-08 07h33.17.4077507 i > Accessing null StObj map.
   2018-06-08 07h33.17.4077507 i | > Invoking StObjMapLoading event.
   2018-06-08 07h33.17.4077507 i | | File 'C:\Dev\CK\CK-Database-Projects\CK-Database\Tests\SqlActorPackage.Tests\bin\Debug\net461\SqlActorPackage.Tests.Generated.Reset.1.dll' does not exist. Running StObjSetup to create it.
   2018-06-08 07h33.17.4077507 i | | > Running StObjSetup.
   2018-06-08 07h33.17.4077507 i | | | > Ensuring database 'Database:CKTEST_SqlActorPackage, Collation:Latin1_General_100_BIN2, CompatibilityLevel:130'.
   2018-06-08 07h33.17.4087530 i | | | <  | 1 conclusion:
                                 | | |    | Database already exists, collation and compatiblity level match.
   2018-06-08 07h33.17.4087530 i | | | No 'CKSetup/DefaultBinPaths' configuration. Using current BinFolder.
   2018-06-08 07h33.17.4087530 i | | | Using store 'C:\Dev\CK\CK-Database-Projects\CK-Database\Tests\LocalTestHelper\LocalTestStore'.
   2018-06-08 07h33.17.4087530 i | | | Using remote 'file:///C:/Dev/CK/LocalFeed/Local/CKSetupStore'.
   2018-06-08 07h33.17.4117478   | | | Opened store with 34 components.
   2018-06-08 07h33.17.4117478   | | | Local store opened on : 'C:\Dev\CK\CK-Database-Projects\CK-Database\Tests\LocalTestHelper\LocalTestStore'.
   2018-06-08 07h33.17.4117478   | | | > Creating client remote store on 'file:///C:/Dev/CK/LocalFeed/Local/CKSetupStore'.
   2018-06-08 07h33.17.4517401   | | | | Opened store with 239 components.
   2018-06-08 07h33.17.4517401   | | | | Local store opened on : 'C:\Dev\CK\LocalFeed\Local\CKSetupStore'.
   2018-06-08 07h33.17.4517401   | | | < 
   2018-06-08 07h33.17.4517401 i | | | > Running Setup.
   2018-06-08 07h33.17.4517401   | | | | > Initializing SetupContext (ignoring signatures).
   2018-06-08 07h33.17.4517401 i | | | | | <Root>
                                 | | | | |     <CKSetup>
                                 | | | | |       <WorkingDirectory>C:\Dev\CK\CK-Database-Projects\CK-Database\Tests\SqlActorPackage.Tests\CKSetup-WorkingDir</WorkingDirectory>
                                 | | | | |       <PreferredTargetRuntimes></PreferredTargetRuntimes>
                                 | | | | |       <BinPaths>
                                 | | | | |         <BinPath>C:\Dev\CK\CK-Database-Projects\CK-Database\Tests\SqlActorPackage.Tests\bin\Debug\net461</BinPath>
                                 | | | | |       </BinPaths>
                                 | | | | |       <Dependencies />
                                 | | | | |       <EngineAssemblyQualifiedName>CK.Setup.StObjEngine, CK.StObj.Engine</EngineAssemblyQualifiedName>
                                 | | | | |     </CKSetup>
                                 | | | | |     <Configuration>
                                 | | | | |       <AppContextAssemblyGeneratedDirectoryTarget>C:\Dev\CK\CK-Database-Projects\CK-Database\Tests\SqlActorPackage.Tests\bin\Debug\net461</AppContextAssemblyGeneratedDirectoryTarget>
                                 | | | | |       <GenerateSourceFiles>true</GenerateSourceFiles>
                                 | | | | |       <GeneratedAssemblyName>SqlActorPackage.Tests.Generated.Reset.1</GeneratedAssemblyName>
                                 | | | | |       <Assemblies />
                                 | | | | |       <Types />
                                 | | | | |       <Aspect Type="CK.Setup.SetupableAspectConfiguration, CK.Setupable.Model" Version="1" />
                                 | | | | |       <Aspect Type="CK.Setup.SqlSetupAspectConfiguration, CK.SqlServer.Setup.Model">
                                 | | | | |         <Databases />
                                 | | | | |         <DefaultDatabaseConnectionString>Data Source=.;Initial Catalog=CKTEST_SqlActorPackage;Integrated Security=True</DefaultDatabaseConnectionString>
                                 | | | | |         <GlobalResolution>true</GlobalResolution>
                                 | | | | |       </Aspect>
                                 | | | | |     </Configuration>
                                 | | | | |   </Root>
   2018-06-08 07h33.17.4517401 i | | | | | Configuration BasePath is empty: using current directory 'C:\Dev\CK\CK-Database-Projects\CK-Database\Tests\SqlActorPackage.Tests\bin\Debug\net461'.
   2018-06-08 07h33.17.4517401 i | | | | | > Reading binary folders.
   2018-06-08 07h33.17.4517401 i | | | | | | > Reading files from 'C:\Dev\CK\CK-Database-Projects\CK-Database\Tests\SqlActorPackage.Tests\bin\Debug\net461'.
   2018-06-08 07h33.17.5956439 i | | | | | | < 
   2018-06-08 07h33.17.5956439 i | | | | | <  | 1 conclusion:
                                 | | | | |    | 1 folders read.
   2018-06-08 07h33.17.6637012 i | | | | | Created setup folder in Working Directory: C:\Dev\CK\CK-Database-Projects\CK-Database\Tests\SqlActorPackage.Tests\CKSetup-WorkingDir\2018-06-08 07h33.17.6627016\.
   2018-06-08 07h33.17.6637012   | | | | < 
   2018-06-08 07h33.17.6637012 i | | | | > Resolving runtime support for 'C:\Dev\CK\CK-Database-Projects\CK-Database\Tests\SqlActorPackage.Tests\bin\Debug\net461\'.
   2018-06-08 07h33.17.6637012 i | | | | | > Creating runtime dependencies resolver for C:\Dev\CK\CK-Database-Projects\CK-Database\Tests\SqlActorPackage.Tests\bin\Debug\net461\.
   2018-06-08 07h33.17.6637012 i | | | | | | Found Models: CK.Setupable.Model/6.0.1-C0043-local/Net461/, CK.SqlServer.Setup.Model/6.0.1-C0043-local/Net461/, CK.StObj.Model/6.0.1-C0043-local/Net461/, SqlActorPackage/6.0.1-C0043-local/Net461/
   2018-06-08 07h33.17.6647004 i | | | | | < 
   2018-06-08 07h33.17.6647004 i | | | | < 
   2018-06-08 07h33.17.6647004 F | | | | La référence d'objet n'est pas définie à une instance d'un objet.
                                 | | | |    ┌──────────────────────────■ Exception: NullReferenceException ■──────────────────────────
                                 | | | |    | Message:    La référence d'objet n'est pas définie à une instance d'un objet.
                                 | | | |    | Stack:         à CKSetup.ComponentRef.get_EntryPathPrefix()
                                 | | | |    |                à CKSetup.ComponentRef.ToString()
                                 | | | |    |                à CKSetup.ComponentDB.<>c.<GetRuntimeDependenciesResolver>b__30_6(BinFileAssemblyInfo x)
                                 | | | |    |                à System.Linq.Enumerable.WhereSelectArrayIterator`2.MoveNext()
                                 | | | |    |                à System.String.Join(String separator, IEnumerable`1 values)
                                 | | | |    |                à CK.Text.StringAndStringBuilderExtension.Concatenate(IEnumerable`1 this, String separator)
                                 | | | |    |                à CKSetup.ComponentDB.GetRuntimeDependenciesResolver(IActivityMonitor m, IEnumerable`1 targets, IEnumerable`1 explicitDependencies, IEnumerable`1 preferredTargetRuntimes)
                                 | | | |    |                à CKSetup.LocalStore.ExtractRuntimeDependencies(String workingDirectory, IEnumerable`1 targets, IComponentImporter missingImporter, IEnumerable`1 explicitDependencies, IEnumerable`1 preferredTargetRuntimes)
                                 | | | |    |                à CKSetup.Facade.<DoRun>g__ActualRun|5_0(<>c__DisplayClass5_0& )
                                 | | | |    └─────────────────────────────────────────────────────────────────────────
   2018-06-08 07h33.17.6647004   | | | | Leaving Working Directory 'C:\Dev\CK\CK-Database-Projects\CK-Database\Tests\SqlActorPackage.Tests\CKSetup-WorkingDir\2018-06-08 07h33.17.6627016\' as-is.
   2018-06-08 07h33.17.6647004 i | | | <  | 1 conclusion:
                                 | | |    | Failed
   2018-06-08 07h33.17.6647004 i | | | > Closing Store.
   2018-06-08 07h33.17.6647004 i | | | < 
   2018-06-08 07h33.17.6647004 i | | | > Closing Store.
   2018-06-08 07h33.17.6647004 i | | | < 
   2018-06-08 07h33.17.6647004 i | | < 
   2018-06-08 07h33.17.6647004 i | < 
   2018-06-08 07h33.17.6647004 i | > Loading StObj map from SqlActorPackage.Tests.Generated.Reset.1.
   2018-06-08 07h33.17.6657000 E | | Impossible de charger le fichier ou l'assembly 'SqlActorPackage.Tests.Generated.Reset.1' ou une de ses dépendances. Le fichier spécifié est introuvable.
                                 | |    ┌──────────────────────────■ Exception: FileNotFoundException ■──────────────────────────
                                 | |    | Message:    Impossible de charger le fichier ou l'assembly 'SqlActorPackage.Tests.Generated.Reset.1' ou une de ses dépendances. Le fichier spécifié est introuvable.
                                 | |    | Stack:         à System.Reflection.RuntimeAssembly._nLoad(AssemblyName fileName, String codeBase, Evidence assemblySecurity, RuntimeAssembly locationHint, StackCrawlMark& stackMark, IntPtr pPrivHostBinder, Boolean throwOnFileNotFound, Boolean forIntrospection, Boolean suppressSecurityChecks)
                                 | |    |                à System.Reflection.RuntimeAssembly.InternalLoadAssemblyName(AssemblyName assemblyRef, Evidence assemblySecurity, RuntimeAssembly reqAssembly, StackCrawlMark& stackMark, IntPtr pPrivHostBinder, Boolean throwOnFileNotFound, Boolean forIntrospection, Boolean suppressSecurityChecks)
                                 | |    |                à System.Reflection.Assembly.Load(AssemblyName assemblyRef)
                                 | |    |                à CK.Testing.StObjMapTestHelper.DoLoadStObjMap(String assemblyName)
                                 | |    | FileName:   SqlActorPackage.Tests.Generated.Reset.1
                                 | |    | Details:    AVT : la journalisation de liaison d'assembly est désactivée.
                                 | |    |             Pour activer la journalisation des échecs de liaison d'assembly, attribuez la valeur 1 à la valeur de Registre [HKLM\Software\Microsoft\Fusion!EnableLog] (DWORD).
                                 | |    |             Remarque : une certaine perte de performance est associée à l'enregistrement dans le journal des échecs de liaison d'assembly.
                                 | |    |             Pour désactiver cette fonctionnalité, supprimez la valeur de Registre [HKLM\Software\Microsoft\Fusion!EnableLog].
                                 | |    └─────────────────────────────────────────────────────────────────────────
   2018-06-08 07h33.17.6657000 i | < 
   2018-06-08 07h33.17.6657000 i < 
   2018-06-08 07h33.17.6686952 i > Accessing null StObj map.
   2018-06-08 07h33.17.6686952 i | > Invoking StObjMapLoading event.
   2018-06-08 07h33.17.6686952 i | | File 'C:\Dev\CK\CK-Database-Projects\CK-Database\Tests\SqlActorPackage.Tests\bin\Debug\net461\SqlActorPackage.Tests.Generated.Reset.1.dll' does not exist. Running StObjSetup to create it.
   2018-06-08 07h33.17.6696961 i | | > Running StObjSetup.
   2018-06-08 07h33.17.6696961 i | | | > Ensuring database 'Database:CKTEST_SqlActorPackage, Collation:Latin1_General_100_BIN2, CompatibilityLevel:130'.
   2018-06-08 07h33.17.6706953 i | | | <  | 1 conclusion:
                                 | | |    | Database already exists, collation and compatiblity level match.
   2018-06-08 07h33.17.6706953 i | | | No 'CKSetup/DefaultBinPaths' configuration. Using current BinFolder.
   2018-06-08 07h33.17.6706953 i | | | Using store 'C:\Dev\CK\CK-Database-Projects\CK-Database\Tests\LocalTestHelper\LocalTestStore'.
   2018-06-08 07h33.17.6706953 i | | | Using remote 'file:///C:/Dev/CK/LocalFeed/Local/CKSetupStore'.
   2018-06-08 07h33.17.6806899   | | | Opened store with 34 components.
   2018-06-08 07h33.17.6806899   | | | Local store opened on : 'C:\Dev\CK\CK-Database-Projects\CK-Database\Tests\LocalTestHelper\LocalTestStore'.
   2018-06-08 07h33.17.6806899   | | | > Creating client remote store on 'file:///C:/Dev/CK/LocalFeed/Local/CKSetupStore'.
   2018-06-08 07h33.17.7336586   | | | | Opened store with 239 components.
   2018-06-08 07h33.17.7336586   | | | | Local store opened on : 'C:\Dev\CK\LocalFeed\Local\CKSetupStore'.
   2018-06-08 07h33.17.7336586   | | | < 
   2018-06-08 07h33.17.7336586 i | | | > Running Setup.
   2018-06-08 07h33.17.7336586   | | | | > Initializing SetupContext (ignoring signatures).
   2018-06-08 07h33.17.7336586 i | | | | | <Root>
                                 | | | | |     <CKSetup>
                                 | | | | |       <WorkingDirectory>C:\Dev\CK\CK-Database-Projects\CK-Database\Tests\SqlActorPackage.Tests\CKSetup-WorkingDir</WorkingDirectory>
                                 | | | | |       <PreferredTargetRuntimes></PreferredTargetRuntimes>
                                 | | | | |       <BinPaths>
                                 | | | | |         <BinPath>C:\Dev\CK\CK-Database-Projects\CK-Database\Tests\SqlActorPackage.Tests\bin\Debug\net461</BinPath>
                                 | | | | |       </BinPaths>
                                 | | | | |       <Dependencies />
                                 | | | | |       <EngineAssemblyQualifiedName>CK.Setup.StObjEngine, CK.StObj.Engine</EngineAssemblyQualifiedName>
                                 | | | | |     </CKSetup>
                                 | | | | |     <Configuration>
                                 | | | | |       <AppContextAssemblyGeneratedDirectoryTarget>C:\Dev\CK\CK-Database-Projects\CK-Database\Tests\SqlActorPackage.Tests\bin\Debug\net461</AppContextAssemblyGeneratedDirectoryTarget>
                                 | | | | |       <GenerateSourceFiles>true</GenerateSourceFiles>
                                 | | | | |       <GeneratedAssemblyName>SqlActorPackage.Tests.Generated.Reset.1</GeneratedAssemblyName>
                                 | | | | |       <Assemblies />
                                 | | | | |       <Types />
                                 | | | | |       <Aspect Type="CK.Setup.SetupableAspectConfiguration, CK.Setupable.Model" Version="1" />
                                 | | | | |       <Aspect Type="CK.Setup.SqlSetupAspectConfiguration, CK.SqlServer.Setup.Model">
                                 | | | | |         <Databases />
                                 | | | | |         <DefaultDatabaseConnectionString>Data Source=.;Initial Catalog=CKTEST_SqlActorPackage;Integrated Security=True</DefaultDatabaseConnectionString>
                                 | | | | |         <GlobalResolution>true</GlobalResolution>
                                 | | | | |       </Aspect>
                                 | | | | |     </Configuration>
                                 | | | | |   </Root>
   2018-06-08 07h33.17.7336586 i | | | | | Configuration BasePath is empty: using current directory 'C:\Dev\CK\CK-Database-Projects\CK-Database\Tests\SqlActorPackage.Tests\bin\Debug\net461'.
   2018-06-08 07h33.17.7336586 i | | | | | > Reading binary folders.
   2018-06-08 07h33.17.7336586 i | | | | | | > Reading files from 'C:\Dev\CK\CK-Database-Projects\CK-Database\Tests\SqlActorPackage.Tests\bin\Debug\net461'.
   2018-06-08 07h33.17.9095594 i | | | | | | < 
   2018-06-08 07h33.17.9095594 i | | | | | <  | 1 conclusion:
                                 | | | | |    | 1 folders read.
   2018-06-08 07h33.17.9935102 i | | | | | Created setup folder in Working Directory: C:\Dev\CK\CK-Database-Projects\CK-Database\Tests\SqlActorPackage.Tests\CKSetup-WorkingDir\2018-06-08 07h33.17.9915133\.
   2018-06-08 07h33.17.9935102   | | | | < 
   2018-06-08 07h33.17.9935102 i | | | | > Resolving runtime support for 'C:\Dev\CK\CK-Database-Projects\CK-Database\Tests\SqlActorPackage.Tests\bin\Debug\net461\'.
   2018-06-08 07h33.17.9935102 i | | | | | > Creating runtime dependencies resolver for C:\Dev\CK\CK-Database-Projects\CK-Database\Tests\SqlActorPackage.Tests\bin\Debug\net461\.
   2018-06-08 07h33.17.9935102 i | | | | | | Found Models: CK.Setupable.Model/6.0.1-C0043-local/Net461/, CK.SqlServer.Setup.Model/6.0.1-C0043-local/Net461/, CK.StObj.Model/6.0.1-C0043-local/Net461/, SqlActorPackage/6.0.1-C0043-local/Net461/
   2018-06-08 07h33.17.9945098 i | | | | | < 
   2018-06-08 07h33.17.9945098 i | | | | < 
   2018-06-08 07h33.17.9945098 F | | | | La référence d'objet n'est pas définie à une instance d'un objet.
                                 | | | |    ┌──────────────────────────■ Exception: NullReferenceException ■──────────────────────────
                                 | | | |    | Message:    La référence d'objet n'est pas définie à une instance d'un objet.
                                 | | | |    | Stack:         à CKSetup.ComponentRef.get_EntryPathPrefix()
                                 | | | |    |                à CKSetup.ComponentRef.ToString()
                                 | | | |    |                à CKSetup.ComponentDB.<>c.<GetRuntimeDependenciesResolver>b__30_6(BinFileAssemblyInfo x)
                                 | | | |    |                à System.Linq.Enumerable.WhereSelectArrayIterator`2.MoveNext()
                                 | | | |    |                à System.String.Join(String separator, IEnumerable`1 values)
                                 | | | |    |                à CK.Text.StringAndStringBuilderExtension.Concatenate(IEnumerable`1 this, String separator)
                                 | | | |    |                à CKSetup.ComponentDB.GetRuntimeDependenciesResolver(IActivityMonitor m, IEnumerable`1 targets, IEnumerable`1 explicitDependencies, IEnumerable`1 preferredTargetRuntimes)
                                 | | | |    |                à CKSetup.LocalStore.ExtractRuntimeDependencies(String workingDirectory, IEnumerable`1 targets, IComponentImporter missingImporter, IEnumerable`1 explicitDependencies, IEnumerable`1 preferredTargetRuntimes)
                                 | | | |    |                à CKSetup.Facade.<DoRun>g__ActualRun|5_0(<>c__DisplayClass5_0& )
                                 | | | |    └─────────────────────────────────────────────────────────────────────────
   2018-06-08 07h33.17.9945098   | | | | Leaving Working Directory 'C:\Dev\CK\CK-Database-Projects\CK-Database\Tests\SqlActorPackage.Tests\CKSetup-WorkingDir\2018-06-08 07h33.17.9915133\' as-is.
   2018-06-08 07h33.17.9945098 i | | | <  | 1 conclusion:
                                 | | |    | Failed
   2018-06-08 07h33.17.9945098 i | | | > Closing Store.
   2018-06-08 07h33.17.9945098 i | | | < 
   2018-06-08 07h33.17.9945098 i | | | > Closing Store.
   2018-06-08 07h33.17.9945098 i | | | < 
   2018-06-08 07h33.17.9945098 i | | < 
   2018-06-08 07h33.17.9945098 i | < 
   2018-06-08 07h33.17.9945098 i | > Loading StObj map from SqlActorPackage.Tests.Generated.Reset.1.
   2018-06-08 07h33.17.9955094 E | | Impossible de charger le fichier ou l'assembly 'SqlActorPackage.Tests.Generated.Reset.1' ou une de ses dépendances. Le fichier spécifié est introuvable.
                                 | |    ┌──────────────────────────■ Exception: FileNotFoundException ■──────────────────────────
                                 | |    | Message:    Impossible de charger le fichier ou l'assembly 'SqlActorPackage.Tests.Generated.Reset.1' ou une de ses dépendances. Le fichier spécifié est introuvable.
                                 | |    | Stack:         à System.Reflection.RuntimeAssembly._nLoad(AssemblyName fileName, String codeBase, Evidence assemblySecurity, RuntimeAssembly locationHint, StackCrawlMark& stackMark, IntPtr pPrivHostBinder, Boolean throwOnFileNotFound, Boolean forIntrospection, Boolean suppressSecurityChecks)
                                 | |    |                à System.Reflection.RuntimeAssembly.InternalLoadAssemblyName(AssemblyName assemblyRef, Evidence assemblySecurity, RuntimeAssembly reqAssembly, StackCrawlMark& stackMark, IntPtr pPrivHostBinder, Boolean throwOnFileNotFound, Boolean forIntrospection, Boolean suppressSecurityChecks)
                                 | |    |                à System.Reflection.Assembly.Load(AssemblyName assemblyRef)
                                 | |    |                à CK.Testing.StObjMapTestHelper.DoLoadStObjMap(String assemblyName)
                                 | |    | FileName:   SqlActorPackage.Tests.Generated.Reset.1
                                 | |    | Details:    AVT : la journalisation de liaison d'assembly est désactivée.
                                 | |    |             Pour activer la journalisation des échecs de liaison d'assembly, attribuez la valeur 1 à la valeur de Registre [HKLM\Software\Microsoft\Fusion!EnableLog] (DWORD).
                                 | |    |             Remarque : une certaine perte de performance est associée à l'enregistrement dans le journal des échecs de liaison d'assembly.
                                 | |    |             Pour désactiver cette fonctionnalité, supprimez la valeur de Registre [HKLM\Software\Microsoft\Fusion!EnableLog].
                                 | |    └─────────────────────────────────────────────────────────────────────────
   2018-06-08 07h33.17.9955094 i | < 
   2018-06-08 07h33.17.9955094 i < 
   2018-06-08 07h33.17.9985073 i > Accessing null StObj map.
   2018-06-08 07h33.17.9985073 i | > Invoking StObjMapLoading event.
   2018-06-08 07h33.17.9985073 i | | File 'C:\Dev\CK\CK-Database-Projects\CK-Database\Tests\SqlActorPackage.Tests\bin\Debug\net461\SqlActorPackage.Tests.Generated.Reset.1.dll' does not exist. Running StObjSetup to create it.
   2018-06-08 07h33.17.9985073 i | | > Running StObjSetup.
   2018-06-08 07h33.17.9985073 i | | | > Ensuring database 'Database:CKTEST_SqlActorPackage, Collation:Latin1_General_100_BIN2, CompatibilityLevel:130'.
   2018-06-08 07h33.17.9995091 i | | | <  | 1 conclusion:
                                 | | |    | Database already exists, collation and compatiblity level match.
   2018-06-08 07h33.17.9995091 i | | | No 'CKSetup/DefaultBinPaths' configuration. Using current BinFolder.
   2018-06-08 07h33.17.9995091 i | | | Using store 'C:\Dev\CK\CK-Database-Projects\CK-Database\Tests\LocalTestHelper\LocalTestStore'.
   2018-06-08 07h33.17.9995091 i | | | Using remote 'file:///C:/Dev/CK/LocalFeed/Local/CKSetupStore'.
   2018-06-08 07h33.18.0035044   | | | Opened store with 34 components.
   2018-06-08 07h33.18.0035044   | | | Local store opened on : 'C:\Dev\CK\CK-Database-Projects\CK-Database\Tests\LocalTestHelper\LocalTestStore'.
   2018-06-08 07h33.18.0035044   | | | > Creating client remote store on 'file:///C:/Dev/CK/LocalFeed/Local/CKSetupStore'.
   2018-06-08 07h33.18.0444807   | | | | Opened store with 239 components.
   2018-06-08 07h33.18.0444807   | | | | Local store opened on : 'C:\Dev\CK\LocalFeed\Local\CKSetupStore'.
   2018-06-08 07h33.18.0444807   | | | < 
   2018-06-08 07h33.18.0444807 i | | | > Running Setup.
   2018-06-08 07h33.18.0444807   | | | | > Initializing SetupContext (ignoring signatures).
   2018-06-08 07h33.18.0444807 i | | | | | <Root>
                                 | | | | |     <CKSetup>
                                 | | | | |       <WorkingDirectory>C:\Dev\CK\CK-Database-Projects\CK-Database\Tests\SqlActorPackage.Tests\CKSetup-WorkingDir</WorkingDirectory>
                                 | | | | |       <PreferredTargetRuntimes></PreferredTargetRuntimes>
                                 | | | | |       <BinPaths>
                                 | | | | |         <BinPath>C:\Dev\CK\CK-Database-Projects\CK-Database\Tests\SqlActorPackage.Tests\bin\Debug\net461</BinPath>
                                 | | | | |       </BinPaths>
                                 | | | | |       <Dependencies />
                                 | | | | |       <EngineAssemblyQualifiedName>CK.Setup.StObjEngine, CK.StObj.Engine</EngineAssemblyQualifiedName>
                                 | | | | |     </CKSetup>
                                 | | | | |     <Configuration>
                                 | | | | |       <AppContextAssemblyGeneratedDirectoryTarget>C:\Dev\CK\CK-Database-Projects\CK-Database\Tests\SqlActorPackage.Tests\bin\Debug\net461</AppContextAssemblyGeneratedDirectoryTarget>
                                 | | | | |       <GenerateSourceFiles>true</GenerateSourceFiles>
                                 | | | | |       <GeneratedAssemblyName>SqlActorPackage.Tests.Generated.Reset.1</GeneratedAssemblyName>
                                 | | | | |       <Assemblies />
                                 | | | | |       <Types />
                                 | | | | |       <Aspect Type="CK.Setup.SetupableAspectConfiguration, CK.Setupable.Model" Version="1" />
                                 | | | | |       <Aspect Type="CK.Setup.SqlSetupAspectConfiguration, CK.SqlServer.Setup.Model">
                                 | | | | |         <Databases />
                                 | | | | |         <DefaultDatabaseConnectionString>Data Source=.;Initial Catalog=CKTEST_SqlActorPackage;Integrated Security=True</DefaultDatabaseConnectionString>
                                 | | | | |         <GlobalResolution>true</GlobalResolution>
                                 | | | | |       </Aspect>
                                 | | | | |     </Configuration>
                                 | | | | |   </Root>
   2018-06-08 07h33.18.0444807 i | | | | | Configuration BasePath is empty: using current directory 'C:\Dev\CK\CK-Database-Projects\CK-Database\Tests\SqlActorPackage.Tests\bin\Debug\net461'.
   2018-06-08 07h33.18.0444807 i | | | | | > Reading binary folders.
   2018-06-08 07h33.18.0444807 i | | | | | | > Reading files from 'C:\Dev\CK\CK-Database-Projects\CK-Database\Tests\SqlActorPackage.Tests\bin\Debug\net461'.
   2018-06-08 07h33.18.2003917 i | | | | | | < 
   2018-06-08 07h33.18.2003917 i | | | | | <  | 1 conclusion:
                                 | | | | |    | 1 folders read.
   2018-06-08 07h33.18.2641923 i | | | | | Created setup folder in Working Directory: C:\Dev\CK\CK-Database-Projects\CK-Database\Tests\SqlActorPackage.Tests\CKSetup-WorkingDir\2018-06-08 07h33.18.2631927\.
   2018-06-08 07h33.18.2641923   | | | | < 
   2018-06-08 07h33.18.2641923 i | | | | > Resolving runtime support for 'C:\Dev\CK\CK-Database-Projects\CK-Database\Tests\SqlActorPackage.Tests\bin\Debug\net461\'.
   2018-06-08 07h33.18.2641923 i | | | | | > Creating runtime dependencies resolver for C:\Dev\CK\CK-Database-Projects\CK-Database\Tests\SqlActorPackage.Tests\bin\Debug\net461\.
   2018-06-08 07h33.18.2641923 i | | | | | | Found Models: CK.Setupable.Model/6.0.1-C0043-local/Net461/, CK.SqlServer.Setup.Model/6.0.1-C0043-local/Net461/, CK.StObj.Model/6.0.1-C0043-local/Net461/, SqlActorPackage/6.0.1-C0043-local/Net461/
   2018-06-08 07h33.18.2651914 i | | | | | < 
   2018-06-08 07h33.18.2651914 i | | | | < 
   2018-06-08 07h33.18.2651914 F | | | | La référence d'objet n'est pas définie à une instance d'un objet.
                                 | | | |    ┌──────────────────────────■ Exception: NullReferenceException ■──────────────────────────
                                 | | | |    | Message:    La référence d'objet n'est pas définie à une instance d'un objet.
                                 | | | |    | Stack:         à CKSetup.ComponentRef.get_EntryPathPrefix()
                                 | | | |    |                à CKSetup.ComponentRef.ToString()
                                 | | | |    |                à CKSetup.ComponentDB.<>c.<GetRuntimeDependenciesResolver>b__30_6(BinFileAssemblyInfo x)
                                 | | | |    |                à System.Linq.Enumerable.WhereSelectArrayIterator`2.MoveNext()
                                 | | | |    |                à System.String.Join(String separator, IEnumerable`1 values)
                                 | | | |    |                à CK.Text.StringAndStringBuilderExtension.Concatenate(IEnumerable`1 this, String separator)
                                 | | | |    |                à CKSetup.ComponentDB.GetRuntimeDependenciesResolver(IActivityMonitor m, IEnumerable`1 targets, IEnumerable`1 explicitDependencies, IEnumerable`1 preferredTargetRuntimes)
                                 | | | |    |                à CKSetup.LocalStore.ExtractRuntimeDependencies(String workingDirectory, IEnumerable`1 targets, IComponentImporter missingImporter, IEnumerable`1 explicitDependencies, IEnumerable`1 preferredTargetRuntimes)
                                 | | | |    |                à CKSetup.Facade.<DoRun>g__ActualRun|5_0(<>c__DisplayClass5_0& )
                                 | | | |    └─────────────────────────────────────────────────────────────────────────
   2018-06-08 07h33.18.2651914   | | | | Leaving Working Directory 'C:\Dev\CK\CK-Database-Projects\CK-Database\Tests\SqlActorPackage.Tests\CKSetup-WorkingDir\2018-06-08 07h33.18.2631927\' as-is.
   2018-06-08 07h33.18.2651914 i | | | <  | 1 conclusion:
                                 | | |    | Failed
   2018-06-08 07h33.18.2651914 i | | | > Closing Store.
   2018-06-08 07h33.18.2651914 i | | | < 
   2018-06-08 07h33.18.2651914 i | | | > Closing Store.
   2018-06-08 07h33.18.2651914 i | | | < 
   2018-06-08 07h33.18.2651914 i | | < 
   2018-06-08 07h33.18.2651914 i | < 
   2018-06-08 07h33.18.2651914 i | > Loading StObj map from SqlActorPackage.Tests.Generated.Reset.1.
   2018-06-08 07h33.18.2661910 E | | Impossible de charger le fichier ou l'assembly 'SqlActorPackage.Tests.Generated.Reset.1' ou une de ses dépendances. Le fichier spécifié est introuvable.
                                 | |    ┌──────────────────────────■ Exception: FileNotFoundException ■──────────────────────────
                                 | |    | Message:    Impossible de charger le fichier ou l'assembly 'SqlActorPackage.Tests.Generated.Reset.1' ou une de ses dépendances. Le fichier spécifié est introuvable.
                                 | |    | Stack:         à System.Reflection.RuntimeAssembly._nLoad(AssemblyName fileName, String codeBase, Evidence assemblySecurity, RuntimeAssembly locationHint, StackCrawlMark& stackMark, IntPtr pPrivHostBinder, Boolean throwOnFileNotFound, Boolean forIntrospection, Boolean suppressSecurityChecks)
                                 | |    |                à System.Reflection.RuntimeAssembly.InternalLoadAssemblyName(AssemblyName assemblyRef, Evidence assemblySecurity, RuntimeAssembly reqAssembly, StackCrawlMark& stackMark, IntPtr pPrivHostBinder, Boolean throwOnFileNotFound, Boolean forIntrospection, Boolean suppressSecurityChecks)
                                 | |    |                à System.Reflection.Assembly.Load(AssemblyName assemblyRef)
                                 | |    |                à CK.Testing.StObjMapTestHelper.DoLoadStObjMap(String assemblyName)
                                 | |    | FileName:   SqlActorPackage.Tests.Generated.Reset.1
                                 | |    | Details:    AVT : la journalisation de liaison d'assembly est désactivée.
                                 | |    |             Pour activer la journalisation des échecs de liaison d'assembly, attribuez la valeur 1 à la valeur de Registre [HKLM\Software\Microsoft\Fusion!EnableLog] (DWORD).
                                 | |    |             Remarque : une certaine perte de performance est associée à l'enregistrement dans le journal des échecs de liaison d'assembly.
                                 | |    |             Pour désactiver cette fonctionnalité, supprimez la valeur de Registre [HKLM\Software\Microsoft\Fusion!EnableLog].
                                 | |    └─────────────────────────────────────────────────────────────────────────
   2018-06-08 07h33.18.2661910 i | < 
   2018-06-08 07h33.18.2661910 i < 
   2018-06-08 07h33.18.2692027 i > Accessing null StObj map.
   2018-06-08 07h33.18.2692027 i | > Invoking StObjMapLoading event.
   2018-06-08 07h33.18.2692027 i | | File 'C:\Dev\CK\CK-Database-Projects\CK-Database\Tests\SqlActorPackage.Tests\bin\Debug\net461\SqlActorPackage.Tests.Generated.Reset.1.dll' does not exist. Running StObjSetup to create it.
   2018-06-08 07h33.18.2692027 i | | > Running StObjSetup.
   2018-06-08 07h33.18.2692027 i | | | > Ensuring database 'Database:CKTEST_SqlActorPackage, Collation:Latin1_General_100_BIN2, CompatibilityLevel:130'.
   2018-06-08 07h33.18.2701885 i | | | <  | 1 conclusion:
                                 | | |    | Database already exists, collation and compatiblity level match.
   2018-06-08 07h33.18.2701885 i | | | No 'CKSetup/DefaultBinPaths' configuration. Using current BinFolder.
   2018-06-08 07h33.18.2701885 i | | | Using store 'C:\Dev\CK\CK-Database-Projects\CK-Database\Tests\LocalTestHelper\LocalTestStore'.
   2018-06-08 07h33.18.2701885 i | | | Using remote 'file:///C:/Dev/CK/LocalFeed/Local/CKSetupStore'.
   2018-06-08 07h33.18.2761838   | | | Opened store with 34 components.
   2018-06-08 07h33.18.2761838   | | | Local store opened on : 'C:\Dev\CK\CK-Database-Projects\CK-Database\Tests\LocalTestHelper\LocalTestStore'.
   2018-06-08 07h33.18.2761838   | | | > Creating client remote store on 'file:///C:/Dev/CK/LocalFeed/Local/CKSetupStore'.
   2018-06-08 07h33.18.3191602   | | | | Opened store with 239 components.
   2018-06-08 07h33.18.3191602   | | | | Local store opened on : 'C:\Dev\CK\LocalFeed\Local\CKSetupStore'.
   2018-06-08 07h33.18.3191602   | | | < 
   2018-06-08 07h33.18.3191602 i | | | > Running Setup.
   2018-06-08 07h33.18.3191602   | | | | > Initializing SetupContext (ignoring signatures).
   2018-06-08 07h33.18.3191602 i | | | | | <Root>
                                 | | | | |     <CKSetup>
                                 | | | | |       <WorkingDirectory>C:\Dev\CK\CK-Database-Projects\CK-Database\Tests\SqlActorPackage.Tests\CKSetup-WorkingDir</WorkingDirectory>
                                 | | | | |       <PreferredTargetRuntimes></PreferredTargetRuntimes>
                                 | | | | |       <BinPaths>
                                 | | | | |         <BinPath>C:\Dev\CK\CK-Database-Projects\CK-Database\Tests\SqlActorPackage.Tests\bin\Debug\net461</BinPath>
                                 | | | | |       </BinPaths>
                                 | | | | |       <Dependencies />
                                 | | | | |       <EngineAssemblyQualifiedName>CK.Setup.StObjEngine, CK.StObj.Engine</EngineAssemblyQualifiedName>
                                 | | | | |     </CKSetup>
                                 | | | | |     <Configuration>
                                 | | | | |       <AppContextAssemblyGeneratedDirectoryTarget>C:\Dev\CK\CK-Database-Projects\CK-Database\Tests\SqlActorPackage.Tests\bin\Debug\net461</AppContextAssemblyGeneratedDirectoryTarget>
                                 | | | | |       <GenerateSourceFiles>true</GenerateSourceFiles>
                                 | | | | |       <GeneratedAssemblyName>SqlActorPackage.Tests.Generated.Reset.1</GeneratedAssemblyName>
                                 | | | | |       <Assemblies />
                                 | | | | |       <Types />
                                 | | | | |       <Aspect Type="CK.Setup.SetupableAspectConfiguration, CK.Setupable.Model" Version="1" />
                                 | | | | |       <Aspect Type="CK.Setup.SqlSetupAspectConfiguration, CK.SqlServer.Setup.Model">
                                 | | | | |         <Databases />
                                 | | | | |         <DefaultDatabaseConnectionString>Data Source=.;Initial Catalog=CKTEST_SqlActorPackage;Integrated Security=True</DefaultDatabaseConnectionString>
                                 | | | | |         <GlobalResolution>true</GlobalResolution>
                                 | | | | |       </Aspect>
                                 | | | | |     </Configuration>
                                 | | | | |   </Root>
   2018-06-08 07h33.18.3191602 i | | | | | Configuration BasePath is empty: using current directory 'C:\Dev\CK\CK-Database-Projects\CK-Database\Tests\SqlActorPackage.Tests\bin\Debug\net461'.
   2018-06-08 07h33.18.3191602 i | | | | | > Reading binary folders.
   2018-06-08 07h33.18.3191602 i | | | | | | > Reading files from 'C:\Dev\CK\CK-Database-Projects\CK-Database\Tests\SqlActorPackage.Tests\bin\Debug\net461'.
   2018-06-08 07h33.18.4450874 i | | | | | | < 
   2018-06-08 07h33.18.4450874 i | | | | | <  | 1 conclusion:
                                 | | | | |    | 1 folders read.
   2018-06-08 07h33.18.5235807 i | | | | | Created setup folder in Working Directory: C:\Dev\CK\CK-Database-Projects\CK-Database\Tests\SqlActorPackage.Tests\CKSetup-WorkingDir\2018-06-08 07h33.18.5225815\.
   2018-06-08 07h33.18.5235807   | | | | < 
   2018-06-08 07h33.18.5245803 i | | | | > Resolving runtime support for 'C:\Dev\CK\CK-Database-Projects\CK-Database\Tests\SqlActorPackage.Tests\bin\Debug\net461\'.
   2018-06-08 07h33.18.5245803 i | | | | | > Creating runtime dependencies resolver for C:\Dev\CK\CK-Database-Projects\CK-Database\Tests\SqlActorPackage.Tests\bin\Debug\net461\.
   2018-06-08 07h33.18.5245803 i | | | | | | Found Models: CK.Setupable.Model/6.0.1-C0043-local/Net461/, CK.SqlServer.Setup.Model/6.0.1-C0043-local/Net461/, CK.StObj.Model/6.0.1-C0043-local/Net461/, SqlActorPackage/6.0.1-C0043-local/Net461/
   2018-06-08 07h33.18.5255816 i | | | | | < 
   2018-06-08 07h33.18.5255816 i | | | | < 
   2018-06-08 07h33.18.5255816 F | | | | La référence d'objet n'est pas définie à une instance d'un objet.
                                 | | | |    ┌──────────────────────────■ Exception: NullReferenceException ■──────────────────────────
                                 | | | |    | Message:    La référence d'objet n'est pas définie à une instance d'un objet.
                                 | | | |    | Stack:         à CKSetup.ComponentRef.get_EntryPathPrefix()
                                 | | | |    |                à CKSetup.ComponentRef.ToString()
                                 | | | |    |                à CKSetup.ComponentDB.<>c.<GetRuntimeDependenciesResolver>b__30_6(BinFileAssemblyInfo x)
                                 | | | |    |                à System.Linq.Enumerable.WhereSelectArrayIterator`2.MoveNext()
                                 | | | |    |                à System.String.Join(String separator, IEnumerable`1 values)
                                 | | | |    |                à CK.Text.StringAndStringBuilderExtension.Concatenate(IEnumerable`1 this, String separator)
                                 | | | |    |                à CKSetup.ComponentDB.GetRuntimeDependenciesResolver(IActivityMonitor m, IEnumerable`1 targets, IEnumerable`1 explicitDependencies, IEnumerable`1 preferredTargetRuntimes)
                                 | | | |    |                à CKSetup.LocalStore.ExtractRuntimeDependencies(String workingDirectory, IEnumerable`1 targets, IComponentImporter missingImporter, IEnumerable`1 explicitDependencies, IEnumerable`1 preferredTargetRuntimes)
                                 | | | |    |                à CKSetup.Facade.<DoRun>g__ActualRun|5_0(<>c__DisplayClass5_0& )
                                 | | | |    └─────────────────────────────────────────────────────────────────────────
   2018-06-08 07h33.18.5255816   | | | | Leaving Working Directory 'C:\Dev\CK\CK-Database-Projects\CK-Database\Tests\SqlActorPackage.Tests\CKSetup-WorkingDir\2018-06-08 07h33.18.5225815\' as-is.
   2018-06-08 07h33.18.5255816 i | | | <  | 1 conclusion:
                                 | | |    | Failed
   2018-06-08 07h33.18.5255816 i | | | > Closing Store.
   2018-06-08 07h33.18.5255816 i | | | < 
   2018-06-08 07h33.18.5255816 i | | | > Closing Store.
   2018-06-08 07h33.18.5255816 i | | | < 
   2018-06-08 07h33.18.5255816 i | | < 
   2018-06-08 07h33.18.5255816 i | < 
   2018-06-08 07h33.18.5255816 i | > Loading StObj map from SqlActorPackage.Tests.Generated.Reset.1.
   2018-06-08 07h33.18.5255816 E | | Impossible de charger le fichier ou l'assembly 'SqlActorPackage.Tests.Generated.Reset.1' ou une de ses dépendances. Le fichier spécifié est introuvable.
                                 | |    ┌──────────────────────────■ Exception: FileNotFoundException ■──────────────────────────
                                 | |    | Message:    Impossible de charger le fichier ou l'assembly 'SqlActorPackage.Tests.Generated.Reset.1' ou une de ses dépendances. Le fichier spécifié est introuvable.
                                 | |    | Stack:         à System.Reflection.RuntimeAssembly._nLoad(AssemblyName fileName, String codeBase, Evidence assemblySecurity, RuntimeAssembly locationHint, StackCrawlMark& stackMark, IntPtr pPrivHostBinder, Boolean throwOnFileNotFound, Boolean forIntrospection, Boolean suppressSecurityChecks)
                                 | |    |                à System.Reflection.RuntimeAssembly.InternalLoadAssemblyName(AssemblyName assemblyRef, Evidence assemblySecurity, RuntimeAssembly reqAssembly, StackCrawlMark& stackMark, IntPtr pPrivHostBinder, Boolean throwOnFileNotFound, Boolean forIntrospection, Boolean suppressSecurityChecks)
                                 | |    |                à System.Reflection.Assembly.Load(AssemblyName assemblyRef)
                                 | |    |                à CK.Testing.StObjMapTestHelper.DoLoadStObjMap(String assemblyName)
                                 | |    | FileName:   SqlActorPackage.Tests.Generated.Reset.1
                                 | |    | Details:    AVT : la journalisation de liaison d'assembly est désactivée.
                                 | |    |             Pour activer la journalisation des échecs de liaison d'assembly, attribuez la valeur 1 à la valeur de Registre [HKLM\Software\Microsoft\Fusion!EnableLog] (DWORD).
                                 | |    |             Remarque : une certaine perte de performance est associée à l'enregistrement dans le journal des échecs de liaison d'assembly.
                                 | |    |             Pour désactiver cette fonctionnalité, supprimez la valeur de Registre [HKLM\Software\Microsoft\Fusion!EnableLog].
                                 | |    └─────────────────────────────────────────────────────────────────────────
   2018-06-08 07h33.18.5265942 i | < 
   2018-06-08 07h33.18.5265942 i < 
   2018-06-08 07h33.18.5285795 i > Accessing null StObj map.
   2018-06-08 07h33.18.5285795 i | > Invoking StObjMapLoading event.
   2018-06-08 07h33.18.5285795 i | | File 'C:\Dev\CK\CK-Database-Projects\CK-Database\Tests\SqlActorPackage.Tests\bin\Debug\net461\SqlActorPackage.Tests.Generated.Reset.1.dll' does not exist. Running StObjSetup to create it.
   2018-06-08 07h33.18.5285795 i | | > Running StObjSetup.
   2018-06-08 07h33.18.5295782 i | | | > Ensuring database 'Database:CKTEST_SqlActorPackage, Collation:Latin1_General_100_BIN2, CompatibilityLevel:130'.
   2018-06-08 07h33.18.5295782 i | | | <  | 1 conclusion:
                                 | | |    | Database already exists, collation and compatiblity level match.
   2018-06-08 07h33.18.5295782 i | | | No 'CKSetup/DefaultBinPaths' configuration. Using current BinFolder.
   2018-06-08 07h33.18.5295782 i | | | Using store 'C:\Dev\CK\CK-Database-Projects\CK-Database\Tests\LocalTestHelper\LocalTestStore'.
   2018-06-08 07h33.18.5295782 i | | | Using remote 'file:///C:/Dev/CK/LocalFeed/Local/CKSetupStore'.
   2018-06-08 07h33.18.5345767   | | | Opened store with 34 components.
   2018-06-08 07h33.18.5345767   | | | Local store opened on : 'C:\Dev\CK\CK-Database-Projects\CK-Database\Tests\LocalTestHelper\LocalTestStore'.
   2018-06-08 07h33.18.5345767   | | | > Creating client remote store on 'file:///C:/Dev/CK/LocalFeed/Local/CKSetupStore'.
   2018-06-08 07h33.18.5745551   | | | | Opened store with 239 components.
   2018-06-08 07h33.18.5745551   | | | | Local store opened on : 'C:\Dev\CK\LocalFeed\Local\CKSetupStore'.
   2018-06-08 07h33.18.5745551   | | | < 
   2018-06-08 07h33.18.5745551 i | | | > Running Setup.
   2018-06-08 07h33.18.5745551   | | | | > Initializing SetupContext (ignoring signatures).
   2018-06-08 07h33.18.5745551 i | | | | | <Root>
                                 | | | | |     <CKSetup>
                                 | | | | |       <WorkingDirectory>C:\Dev\CK\CK-Database-Projects\CK-Database\Tests\SqlActorPackage.Tests\CKSetup-WorkingDir</WorkingDirectory>
                                 | | | | |       <PreferredTargetRuntimes></PreferredTargetRuntimes>
                                 | | | | |       <BinPaths>
                                 | | | | |         <BinPath>C:\Dev\CK\CK-Database-Projects\CK-Database\Tests\SqlActorPackage.Tests\bin\Debug\net461</BinPath>
                                 | | | | |       </BinPaths>
                                 | | | | |       <Dependencies />
                                 | | | | |       <EngineAssemblyQualifiedName>CK.Setup.StObjEngine, CK.StObj.Engine</EngineAssemblyQualifiedName>
                                 | | | | |     </CKSetup>
                                 | | | | |     <Configuration>
                                 | | | | |       <AppContextAssemblyGeneratedDirectoryTarget>C:\Dev\CK\CK-Database-Projects\CK-Database\Tests\SqlActorPackage.Tests\bin\Debug\net461</AppContextAssemblyGeneratedDirectoryTarget>
                                 | | | | |       <GenerateSourceFiles>true</GenerateSourceFiles>
                                 | | | | |       <GeneratedAssemblyName>SqlActorPackage.Tests.Generated.Reset.1</GeneratedAssemblyName>
                                 | | | | |       <Assemblies />
                                 | | | | |       <Types />
                                 | | | | |       <Aspect Type="CK.Setup.SetupableAspectConfiguration, CK.Setupable.Model" Version="1" />
                                 | | | | |       <Aspect Type="CK.Setup.SqlSetupAspectConfiguration, CK.SqlServer.Setup.Model">
                                 | | | | |         <Databases />
                                 | | | | |         <DefaultDatabaseConnectionString>Data Source=.;Initial Catalog=CKTEST_SqlActorPackage;Integrated Security=True</DefaultDatabaseConnectionString>
                                 | | | | |         <GlobalResolution>true</GlobalResolution>
                                 | | | | |       </Aspect>
                                 | | | | |     </Configuration>
                                 | | | | |   </Root>
   2018-06-08 07h33.18.5745551 i | | | | | Configuration BasePath is empty: using current directory 'C:\Dev\CK\CK-Database-Projects\CK-Database\Tests\SqlActorPackage.Tests\bin\Debug\net461'.
   2018-06-08 07h33.18.5745551 i | | | | | > Reading binary folders.
   2018-06-08 07h33.18.5745551 i | | | | | | > Reading files from 'C:\Dev\CK\CK-Database-Projects\CK-Database\Tests\SqlActorPackage.Tests\bin\Debug\net461'.
   2018-06-08 07h33.18.7104894 i | | | | | | < 
   2018-06-08 07h33.18.7104894 i | | | | | <  | 1 conclusion:
                                 | | | | |    | 1 folders read.
   2018-06-08 07h33.18.7784361 i | | | | | Created setup folder in Working Directory: C:\Dev\CK\CK-Database-Projects\CK-Database\Tests\SqlActorPackage.Tests\CKSetup-WorkingDir\2018-06-08 07h33.18.7774365\.
   2018-06-08 07h33.18.7784361   | | | | < 
   2018-06-08 07h33.18.7794361 i | | | | > Resolving runtime support for 'C:\Dev\CK\CK-Database-Projects\CK-Database\Tests\SqlActorPackage.Tests\bin\Debug\net461\'.
   2018-06-08 07h33.18.7794361 i | | | | | > Creating runtime dependencies resolver for C:\Dev\CK\CK-Database-Projects\CK-Database\Tests\SqlActorPackage.Tests\bin\Debug\net461\.
   2018-06-08 07h33.18.7794361 i | | | | | | Found Models: CK.Setupable.Model/6.0.1-C0043-local/Net461/, CK.SqlServer.Setup.Model/6.0.1-C0043-local/Net461/, CK.StObj.Model/6.0.1-C0043-local/Net461/, SqlActorPackage/6.0.1-C0043-local/Net461/
   2018-06-08 07h33.18.7794361 i | | | | | < 
   2018-06-08 07h33.18.7794361 i | | | | < 
   2018-06-08 07h33.18.7794361 F | | | | La référence d'objet n'est pas définie à une instance d'un objet.
                                 | | | |    ┌──────────────────────────■ Exception: NullReferenceException ■──────────────────────────
                                 | | | |    | Message:    La référence d'objet n'est pas définie à une instance d'un objet.
                                 | | | |    | Stack:         à CKSetup.ComponentRef.get_EntryPathPrefix()
                                 | | | |    |                à CKSetup.ComponentRef.ToString()
                                 | | | |    |                à CKSetup.ComponentDB.<>c.<GetRuntimeDependenciesResolver>b__30_6(BinFileAssemblyInfo x)
                                 | | | |    |                à System.Linq.Enumerable.WhereSelectArrayIterator`2.MoveNext()
                                 | | | |    |                à System.String.Join(String separator, IEnumerable`1 values)
                                 | | | |    |                à CK.Text.StringAndStringBuilderExtension.Concatenate(IEnumerable`1 this, String separator)
                                 | | | |    |                à CKSetup.ComponentDB.GetRuntimeDependenciesResolver(IActivityMonitor m, IEnumerable`1 targets, IEnumerable`1 explicitDependencies, IEnumerable`1 preferredTargetRuntimes)
                                 | | | |    |                à CKSetup.LocalStore.ExtractRuntimeDependencies(String workingDirectory, IEnumerable`1 targets, IComponentImporter missingImporter, IEnumerable`1 explicitDependencies, IEnumerable`1 preferredTargetRuntimes)
                                 | | | |    |                à CKSetup.Facade.<DoRun>g__ActualRun|5_0(<>c__DisplayClass5_0& )
                                 | | | |    └─────────────────────────────────────────────────────────────────────────
   2018-06-08 07h33.18.7804361   | | | | Leaving Working Directory 'C:\Dev\CK\CK-Database-Projects\CK-Database\Tests\SqlActorPackage.Tests\CKSetup-WorkingDir\2018-06-08 07h33.18.7774365\' as-is.
   2018-06-08 07h33.18.7804361 i | | | <  | 1 conclusion:
                                 | | |    | Failed
   2018-06-08 07h33.18.7804361 i | | | > Closing Store.
   2018-06-08 07h33.18.7804361 i | | | < 
   2018-06-08 07h33.18.7804361 i | | | > Closing Store.
   2018-06-08 07h33.18.7804361 i | | | < 
   2018-06-08 07h33.18.7804361 i | | < 
   2018-06-08 07h33.18.7804361 i | < 
   2018-06-08 07h33.18.7804361 i | > Loading StObj map from SqlActorPackage.Tests.Generated.Reset.1.
   2018-06-08 07h33.18.7804361 E | | Impossible de charger le fichier ou l'assembly 'SqlActorPackage.Tests.Generated.Reset.1' ou une de ses dépendances. Le fichier spécifié est introuvable.
                                 | |    ┌──────────────────────────■ Exception: FileNotFoundException ■──────────────────────────
                                 | |    | Message:    Impossible de charger le fichier ou l'assembly 'SqlActorPackage.Tests.Generated.Reset.1' ou une de ses dépendances. Le fichier spécifié est introuvable.
                                 | |    | Stack:         à System.Reflection.RuntimeAssembly._nLoad(AssemblyName fileName, String codeBase, Evidence assemblySecurity, RuntimeAssembly locationHint, StackCrawlMark& stackMark, IntPtr pPrivHostBinder, Boolean throwOnFileNotFound, Boolean forIntrospection, Boolean suppressSecurityChecks)
                                 | |    |                à System.Reflection.RuntimeAssembly.InternalLoadAssemblyName(AssemblyName assemblyRef, Evidence assemblySecurity, RuntimeAssembly reqAssembly, StackCrawlMark& stackMark, IntPtr pPrivHostBinder, Boolean throwOnFileNotFound, Boolean forIntrospection, Boolean suppressSecurityChecks)
                                 | |    |                à System.Reflection.Assembly.Load(AssemblyName assemblyRef)
                                 | |    |                à CK.Testing.StObjMapTestHelper.DoLoadStObjMap(String assemblyName)
                                 | |    | FileName:   SqlActorPackage.Tests.Generated.Reset.1
                                 | |    | Details:    AVT : la journalisation de liaison d'assembly est désactivée.
                                 | |    |             Pour activer la journalisation des échecs de liaison d'assembly, attribuez la valeur 1 à la valeur de Registre [HKLM\Software\Microsoft\Fusion!EnableLog] (DWORD).
                                 | |    |             Remarque : une certaine perte de performance est associée à l'enregistrement dans le journal des échecs de liaison d'assembly.
                                 | |    |             Pour désactiver cette fonctionnalité, supprimez la valeur de Registre [HKLM\Software\Microsoft\Fusion!EnableLog].
                                 | |    └─────────────────────────────────────────────────────────────────────────
   2018-06-08 07h33.18.7804361 i | < 
   2018-06-08 07h33.18.7804361 i < 
