0~~~~                            ~~ Monitor: 3d0a8b6c-10f4-4b48-83b1-039f126ac32d
   2018-06-08 08h07.56.2326532 i Topic: CK.Monitoring.DispatcherSink
   2018-06-08 08h07.56.2936156   > Initializing TextFile handler (MaxCountPerFile = 20000).
   2018-06-08 08h07.56.3046130   < 
1~~~~                            ~~ Monitor: 13e60677-a1a5-4ca2-b12d-4b588d65ce00
   2018-06-08 08h07.56.5464723 i Folder 'C:\Dev\CK\CK-Database-Projects\CK-Database\Tests\SqlActorPackage.Tests\TestStores' has been cleaned up.
   2018-06-08 08h07.57.0670167 i StObjMap is not loaded yet.
   2018-06-08 08h07.57.0670167 i Reseting StObjMap: Generated assembly name is now: SqlActorPackage.Tests.Generated.Reset.1.
   2018-06-08 08h07.57.0700146 i > Deleting generated assemblies from C:\Dev\CK\CK-Database-Projects\CK-Database\Tests\SqlActorPackage.Tests\bin\Debug\net461.
   2018-06-08 08h07.57.0860050 i < 
   2018-06-08 08h07.57.1389759 i Using default connection string: Server=.;Database=master;Integrated Security=SSPI
   2018-06-08 08h07.58.0704434 i > Running DBSetup on Database:CKTEST_SqlActorPackage, Collation:Latin1_General_100_BIN2, CompatibilityLevel:130.
   2018-06-08 08h07.58.0894482 i | > Ensuring database 'Database:CKTEST_SqlActorPackage, Collation:Latin1_General_100_BIN2, CompatibilityLevel:130'.
   2018-06-08 08h07.58.2373464 i | <  | 1 conclusion:
                                 |    | Database already exists, collation and compatiblity level match.
   2018-06-08 08h07.58.2463415 i | > Running StObjSetup.
   2018-06-08 08h07.58.2833202 i | | No 'CKSetup/DefaultBinPaths' configuration. Using current BinFolder.
   2018-06-08 08h07.58.3552791 i | | > Running Setup on 'C:\Dev\CK\CK-Database-Projects\CK-Database\Tests\LocalTestHelper\LocalTestStore' for the first time.
   2018-06-08 08h07.58.3562787 i | | | No 'CKSetup/AutoRegisterLocalComponentPaths' components specified.
   2018-06-08 08h07.58.3582770 i | | | > LocalHelper initializing Tests/LocalTestHelper/LocalTestStore.
   2018-06-08 08h07.58.5081918   | | | | Opened store with 34 components.
   2018-06-08 08h07.58.5081918   | | | | Local store opened on : 'C:\Dev\CK\CK-Database-Projects\CK-Database\Tests\LocalTestHelper\LocalTestStore'.
   2018-06-08 08h07.58.5101914 i | | | | > Removing components.
   2018-06-08 08h07.58.5141885 i | | | | <  | 1 conclusion:
                                 | | | |    | No component has been removed.
   2018-06-08 08h07.58.5151876 i | | | | > Closing Store.
   2018-06-08 08h07.58.5151876 i | | | | < 
   2018-06-08 08h07.58.5291793 d | | | | > DotNetPublish 'C:\Dev\CK\CK-Database-Projects\CK-Database\CK.StObj.Runtime\bin\Debug\netcoreapp2.0'.
   2018-06-08 08h07.58.5291793 d | | | | <  | 1 conclusion:
                                 | | | |    | Skipped.
   2018-06-08 08h07.58.5301793 d | | | | > DotNetPublish 'C:\Dev\CK\CK-Database-Projects\CK-Database\CK.StObj.Runtime\bin\Debug\netcoreapp2.1'.
   2018-06-08 08h07.58.5321946 d | | | | <  | 1 conclusion:
                                 | | | |    | Skipped.
   2018-06-08 08h07.58.5321946 d | | | | > DotNetPublish 'C:\Dev\CK\CK-Database-Projects\CK-Database\CK.StObj.Engine\bin\Debug\netcoreapp2.0'.
   2018-06-08 08h07.58.5341777 d | | | | <  | 1 conclusion:
                                 | | | |    | Skipped.
   2018-06-08 08h07.58.5341777 d | | | | > DotNetPublish 'C:\Dev\CK\CK-Database-Projects\CK-Database\CK.StObj.Engine\bin\Debug\netcoreapp2.1'.
   2018-06-08 08h07.58.5351786 d | | | | <  | 1 conclusion:
                                 | | | |    | Skipped.
   2018-06-08 08h07.58.5351786 d | | | | > DotNetPublish 'C:\Dev\CK\CK-Database-Projects\CK-Database\CK.Setupable.Runtime\bin\Debug\netcoreapp2.0'.
   2018-06-08 08h07.58.5381752 d | | | | <  | 1 conclusion:
                                 | | | |    | Skipped.
   2018-06-08 08h07.58.5381752 d | | | | > DotNetPublish 'C:\Dev\CK\CK-Database-Projects\CK-Database\CK.Setupable.Runtime\bin\Debug\netcoreapp2.1'.
   2018-06-08 08h07.58.5401739 d | | | | <  | 1 conclusion:
                                 | | | |    | Skipped.
   2018-06-08 08h07.58.5401739 d | | | | > DotNetPublish 'C:\Dev\CK\CK-Database-Projects\CK-Database\CK.Setupable.Engine\bin\Debug\netcoreapp2.1'.
   2018-06-08 08h07.58.5431879 d | | | | <  | 1 conclusion:
                                 | | | |    | Skipped.
   2018-06-08 08h07.58.5431879 d | | | | > DotNetPublish 'C:\Dev\CK\CK-Database-Projects\CK-Database\CK.Setupable.Engine\bin\Debug\netcoreapp2.0'.
   2018-06-08 08h07.58.5451875 d | | | | <  | 1 conclusion:
                                 | | | |    | Skipped.
   2018-06-08 08h07.58.5461867 d | | | | > DotNetPublish 'C:\Dev\CK\CK-Database-Projects\CK-Database\CK.SqlServer.Setup.Runtime\bin\Debug\netcoreapp2.0'.
   2018-06-08 08h07.58.5491681 d | | | | <  | 1 conclusion:
                                 | | | |    | Skipped.
   2018-06-08 08h07.58.5491681 d | | | | > DotNetPublish 'C:\Dev\CK\CK-Database-Projects\CK-Database\CK.SqlServer.Setup.Runtime\bin\Debug\netcoreapp2.1'.
   2018-06-08 08h07.58.5531821 d | | | | <  | 1 conclusion:
                                 | | | |    | Skipped.
   2018-06-08 08h07.58.5531821 d | | | | > DotNetPublish 'C:\Dev\CK\CK-Database-Projects\CK-Database\CK.SqlServer.Setup.Engine\bin\Debug\netcoreapp2.0'.
   2018-06-08 08h07.58.5561826 d | | | | <  | 1 conclusion:
                                 | | | |    | Skipped.
   2018-06-08 08h07.58.5561826 d | | | | > DotNetPublish 'C:\Dev\CK\CK-Database-Projects\CK-Database\CK.SqlServer.Setup.Engine\bin\Debug\netcoreapp2.1'.
   2018-06-08 08h07.58.5581631 d | | | | <  | 1 conclusion:
                                 | | | |    | Skipped.
   2018-06-08 08h07.58.5641607 d | | | | > DotNetPublish 'C:\Dev\CK\CK-Database-Projects\CK-Database\Tests\BasicModels\SqlActorPackage.Runtime\bin\Debug\netcoreapp2.0'.
   2018-06-08 08h07.58.5671577 d | | | | <  | 1 conclusion:
                                 | | | |    | Skipped.
   2018-06-08 08h07.58.5671577 d | | | | > DotNetPublish 'C:\Dev\CK\CK-Database-Projects\CK-Database\Tests\BasicModels\SqlActorPackage.Runtime\bin\Debug\netcoreapp2.1'.
   2018-06-08 08h07.58.5691564 d | | | | <  | 1 conclusion:
                                 | | | |    | Skipped.
   2018-06-08 08h07.58.5691564 d | | | | > DotNetPublish 'C:\Dev\CK\CK-Database-Projects\CK-Database\Tests\BasicModels\SqlZonePackage.Runtime\bin\Debug\netcoreapp2.0'.
   2018-06-08 08h07.58.5721548 d | | | | <  | 1 conclusion:
                                 | | | |    | Skipped.
   2018-06-08 08h07.58.5721548 d | | | | > DotNetPublish 'C:\Dev\CK\CK-Database-Projects\CK-Database\Tests\BasicModels\SqlZonePackage.Runtime\bin\Debug\netcoreapp2.1'.
   2018-06-08 08h07.58.5741535 d | | | | <  | 1 conclusion:
                                 | | | |    | Skipped.
   2018-06-08 08h07.58.5771523 d | | | | > Discovering files.
   2018-06-08 08h07.58.5781519 i | | | | | > Reading files from 'C:\Dev\CK\CK-Database-Projects\CK-Database\CK.StObj.Model\bin\Debug\netstandard2.0'.
   2018-06-08 08h07.58.9727896 i | | | | | < 
   2018-06-08 08h07.58.9727896 i | | | | | > Reading files from 'C:\Dev\CK\CK-Database-Projects\CK-Database\CK.StObj.Model\bin\Debug\net461'.
   2018-06-08 08h07.58.9837811 i | | | | | < 
   2018-06-08 08h07.58.9837811 i | | | | | > Reading files from 'C:\Dev\CK\CK-Database-Projects\CK-Database\CK.StObj.Runtime\bin\Debug\netcoreapp2.0\publish'.
   2018-06-08 08h07.59.0247552 i | | | | | < 
   2018-06-08 08h07.59.0247552 i | | | | | > Reading files from 'C:\Dev\CK\CK-Database-Projects\CK-Database\CK.StObj.Runtime\bin\Debug\netcoreapp2.1\publish'.
   2018-06-08 08h07.59.0939111 i | | | | | < 
   2018-06-08 08h07.59.0939111 i | | | | | > Reading files from 'C:\Dev\CK\CK-Database-Projects\CK-Database\CK.StObj.Runtime\bin\Debug\net461'.
   2018-06-08 08h07.59.2540888 i | | | | | < 
   2018-06-08 08h07.59.2540888 i | | | | | > Reading files from 'C:\Dev\CK\CK-Database-Projects\CK-Database\CK.StObj.Engine\bin\Debug\netcoreapp2.0\publish'.
   2018-06-08 08h07.59.2880831 i | | | | | < 
   2018-06-08 08h07.59.2880831 i | | | | | > Reading files from 'C:\Dev\CK\CK-Database-Projects\CK-Database\CK.StObj.Engine\bin\Debug\netcoreapp2.1\publish'.
   2018-06-08 08h07.59.3227579 i | | | | | < 
   2018-06-08 08h07.59.3227579 i | | | | | > Reading files from 'C:\Dev\CK\CK-Database-Projects\CK-Database\CK.StObj.Engine\bin\Debug\net461'.
   2018-06-08 08h07.59.4956607 i | | | | | < 
   2018-06-08 08h07.59.4956607 i | | | | | > Reading files from 'C:\Dev\CK\CK-Database-Projects\CK-Database\CK.Setupable.Model\bin\Debug\netstandard2.0'.
   2018-06-08 08h07.59.5006587 i | | | | | < 
   2018-06-08 08h07.59.5006587 i | | | | | > Reading files from 'C:\Dev\CK\CK-Database-Projects\CK-Database\CK.Setupable.Model\bin\Debug\net461'.
   2018-06-08 08h07.59.5096533 i | | | | | < 
   2018-06-08 08h07.59.5096533 i | | | | | > Reading files from 'C:\Dev\CK\CK-Database-Projects\CK-Database\CK.Setupable.Runtime\bin\Debug\netcoreapp2.0\publish'.
   2018-06-08 08h07.59.5466472 i | | | | | < 
   2018-06-08 08h07.59.5466472 i | | | | | > Reading files from 'C:\Dev\CK\CK-Database-Projects\CK-Database\CK.Setupable.Runtime\bin\Debug\netcoreapp2.1\publish'.
   2018-06-08 08h07.59.5936037 i | | | | | < 
   2018-06-08 08h07.59.5936037 i | | | | | > Reading files from 'C:\Dev\CK\CK-Database-Projects\CK-Database\CK.Setupable.Runtime\bin\Debug\net461'.
   2018-06-08 08h07.59.7555105 i | | | | | < 
   2018-06-08 08h07.59.7555105 i | | | | | > Reading files from 'C:\Dev\CK\CK-Database-Projects\CK-Database\CK.Setupable.Engine\bin\Debug\netcoreapp2.1\publish'.
   2018-06-08 08h07.59.8074823 i | | | | | < 
   2018-06-08 08h07.59.8074823 i | | | | | > Reading files from 'C:\Dev\CK\CK-Database-Projects\CK-Database\CK.Setupable.Engine\bin\Debug\netcoreapp2.0\publish'.
   2018-06-08 08h07.59.8544540 i | | | | | < 
   2018-06-08 08h07.59.8554540 i | | | | | > Reading files from 'C:\Dev\CK\CK-Database-Projects\CK-Database\CK.Setupable.Engine\bin\Debug\net461'.
   2018-06-08 08h08.00.0803260 i | | | | | < 
   2018-06-08 08h08.00.0803260 i | | | | | > Reading files from 'C:\Dev\CK\CK-Database-Projects\CK-Database\CK.SqlServer.Setup.Model\bin\Debug\netstandard2.0'.
   2018-06-08 08h08.00.0883205 i | | | | | < 
   2018-06-08 08h08.00.0883205 i | | | | | > Reading files from 'C:\Dev\CK\CK-Database-Projects\CK-Database\CK.SqlServer.Setup.Model\bin\Debug\net461'.
   2018-06-08 08h08.00.1043110 i | | | | | < 
   2018-06-08 08h08.00.1043110 i | | | | | > Reading files from 'C:\Dev\CK\CK-Database-Projects\CK-Database\CK.SqlServer.Setup.Runtime\bin\Debug\netcoreapp2.0\publish'.
   2018-06-08 08h08.00.2622207 W | | | | | | BadImageFormatException while analysing 'runtimes\win-arm64\native\sni.dll'. This file will not be considered as a .Net assembly but will be stored as-is.
   2018-06-08 08h08.00.2652195 W | | | | | | BadImageFormatException while analysing 'runtimes\win-x64\native\sni.dll'. This file will not be considered as a .Net assembly but will be stored as-is.
   2018-06-08 08h08.00.2692170 W | | | | | | BadImageFormatException while analysing 'runtimes\win-x86\native\sni.dll'. This file will not be considered as a .Net assembly but will be stored as-is.
   2018-06-08 08h08.00.2702193 i | | | | | < 
   2018-06-08 08h08.00.2702193 i | | | | | > Reading files from 'C:\Dev\CK\CK-Database-Projects\CK-Database\CK.SqlServer.Setup.Runtime\bin\Debug\netcoreapp2.1\publish'.
   2018-06-08 08h08.00.4041397 W | | | | | | BadImageFormatException while analysing 'runtimes\win-arm64\native\sni.dll'. This file will not be considered as a .Net assembly but will be stored as-is.
   2018-06-08 08h08.00.4091377 W | | | | | | BadImageFormatException while analysing 'runtimes\win-x64\native\sni.dll'. This file will not be considered as a .Net assembly but will be stored as-is.
   2018-06-08 08h08.00.4141339 W | | | | | | BadImageFormatException while analysing 'runtimes\win-x86\native\sni.dll'. This file will not be considered as a .Net assembly but will be stored as-is.
   2018-06-08 08h08.00.4191314 i | | | | | < 
   2018-06-08 08h08.00.4191314 i | | | | | > Reading files from 'C:\Dev\CK\CK-Database-Projects\CK-Database\CK.SqlServer.Setup.Runtime\bin\Debug\net461'.
   2018-06-08 08h08.00.9268412 i | | | | | < 
   2018-06-08 08h08.00.9268412 i | | | | | > Reading files from 'C:\Dev\CK\CK-Database-Projects\CK-Database\CK.SqlServer.Setup.Engine\bin\Debug\netcoreapp2.0\publish'.
   2018-06-08 08h08.01.1087377 W | | | | | | BadImageFormatException while analysing 'runtimes\win-arm64\native\sni.dll'. This file will not be considered as a .Net assembly but will be stored as-is.
   2018-06-08 08h08.01.1117352 W | | | | | | BadImageFormatException while analysing 'runtimes\win-x64\native\sni.dll'. This file will not be considered as a .Net assembly but will be stored as-is.
   2018-06-08 08h08.01.1147340 W | | | | | | BadImageFormatException while analysing 'runtimes\win-x86\native\sni.dll'. This file will not be considered as a .Net assembly but will be stored as-is.
   2018-06-08 08h08.01.1187315 i | | | | | < 
   2018-06-08 08h08.01.1187315 i | | | | | > Reading files from 'C:\Dev\CK\CK-Database-Projects\CK-Database\CK.SqlServer.Setup.Engine\bin\Debug\netcoreapp2.1\publish'.
   2018-06-08 08h08.01.2146761 W | | | | | | BadImageFormatException while analysing 'runtimes\win-arm64\native\sni.dll'. This file will not be considered as a .Net assembly but will be stored as-is.
   2018-06-08 08h08.01.2186741 W | | | | | | BadImageFormatException while analysing 'runtimes\win-x64\native\sni.dll'. This file will not be considered as a .Net assembly but will be stored as-is.
   2018-06-08 08h08.01.2226720 W | | | | | | BadImageFormatException while analysing 'runtimes\win-x86\native\sni.dll'. This file will not be considered as a .Net assembly but will be stored as-is.
   2018-06-08 08h08.01.2256703 i | | | | | < 
   2018-06-08 08h08.01.2256703 i | | | | | > Reading files from 'C:\Dev\CK\CK-Database-Projects\CK-Database\CK.SqlServer.Setup.Engine\bin\Debug\net461'.
   2018-06-08 08h08.02.6578518 i | | | | | < 
   2018-06-08 08h08.02.6588514 i | | | | | > Reading files from 'C:\Dev\CK\CK-Database-Projects\CK-Database\Tests\BasicModels\SqlActorPackage\bin\Debug\netstandard2.0'.
   2018-06-08 08h08.02.7677881 i | | | | | < 
   2018-06-08 08h08.02.7687882 i | | | | | > Reading files from 'C:\Dev\CK\CK-Database-Projects\CK-Database\Tests\BasicModels\SqlActorPackage\bin\Debug\net461'.
   2018-06-08 08h08.02.9576796 i | | | | | < 
   2018-06-08 08h08.02.9586797 i | | | | | > Reading files from 'C:\Dev\CK\CK-Database-Projects\CK-Database\Tests\BasicModels\SqlActorPackage.Runtime\bin\Debug\netcoreapp2.0\publish'.
   2018-06-08 08h08.03.4114198 W | | | | | | BadImageFormatException while analysing 'runtimes\win-arm64\native\sni.dll'. This file will not be considered as a .Net assembly but will be stored as-is.
   2018-06-08 08h08.03.4224135 W | | | | | | BadImageFormatException while analysing 'runtimes\win-x64\native\sni.dll'. This file will not be considered as a .Net assembly but will be stored as-is.
   2018-06-08 08h08.03.4374048 W | | | | | | BadImageFormatException while analysing 'runtimes\win-x86\native\sni.dll'. This file will not be considered as a .Net assembly but will be stored as-is.
   2018-06-08 08h08.03.4533970 i | | | | | < 
   2018-06-08 08h08.03.4533970 i | | | | | > Reading files from 'C:\Dev\CK\CK-Database-Projects\CK-Database\Tests\BasicModels\SqlActorPackage.Runtime\bin\Debug\netcoreapp2.1\publish'.
   2018-06-08 08h08.04.0390619 W | | | | | | BadImageFormatException while analysing 'runtimes\win-arm64\native\sni.dll'. This file will not be considered as a .Net assembly but will be stored as-is.
   2018-06-08 08h08.04.0470600 W | | | | | | BadImageFormatException while analysing 'runtimes\win-x64\native\sni.dll'. This file will not be considered as a .Net assembly but will be stored as-is.
   2018-06-08 08h08.04.0550523 W | | | | | | BadImageFormatException while analysing 'runtimes\win-x86\native\sni.dll'. This file will not be considered as a .Net assembly but will be stored as-is.
   2018-06-08 08h08.04.0600494 i | | | | | < 
   2018-06-08 08h08.04.0600494 i | | | | | > Reading files from 'C:\Dev\CK\CK-Database-Projects\CK-Database\Tests\BasicModels\SqlActorPackage.Runtime\bin\Debug\net461'.
   2018-06-08 08h08.04.5787530 i | | | | | < 
   2018-06-08 08h08.04.5787530 i | | | | | > Reading files from 'C:\Dev\CK\CK-Database-Projects\CK-Database\Tests\BasicModels\SqlZonePackage\bin\Debug\netstandard2.0'.
   2018-06-08 08h08.04.5997405 i | | | | | < 
   2018-06-08 08h08.04.5997405 i | | | | | > Reading files from 'C:\Dev\CK\CK-Database-Projects\CK-Database\Tests\BasicModels\SqlZonePackage\bin\Debug\net461'.
   2018-06-08 08h08.04.7576498 i | | | | | < 
   2018-06-08 08h08.04.7576498 i | | | | | > Reading files from 'C:\Dev\CK\CK-Database-Projects\CK-Database\Tests\BasicModels\SqlZonePackage.Runtime\bin\Debug\netcoreapp2.0\publish'.
   2018-06-08 08h08.05.0334923 W | | | | | | BadImageFormatException while analysing 'runtimes\win-arm64\native\sni.dll'. This file will not be considered as a .Net assembly but will be stored as-is.
   2018-06-08 08h08.05.0404917 W | | | | | | BadImageFormatException while analysing 'runtimes\win-x64\native\sni.dll'. This file will not be considered as a .Net assembly but will be stored as-is.
   2018-06-08 08h08.05.0464852 W | | | | | | BadImageFormatException while analysing 'runtimes\win-x86\native\sni.dll'. This file will not be considered as a .Net assembly but will be stored as-is.
   2018-06-08 08h08.05.0494831 i | | | | | < 
   2018-06-08 08h08.05.0494831 i | | | | | > Reading files from 'C:\Dev\CK\CK-Database-Projects\CK-Database\Tests\BasicModels\SqlZonePackage.Runtime\bin\Debug\netcoreapp2.1\publish'.
   2018-06-08 08h08.05.2213846 W | | | | | | BadImageFormatException while analysing 'runtimes\win-arm64\native\sni.dll'. This file will not be considered as a .Net assembly but will be stored as-is.
   2018-06-08 08h08.05.2253839 W | | | | | | BadImageFormatException while analysing 'runtimes\win-x64\native\sni.dll'. This file will not be considered as a .Net assembly but will be stored as-is.
   2018-06-08 08h08.05.2293805 W | | | | | | BadImageFormatException while analysing 'runtimes\win-x86\native\sni.dll'. This file will not be considered as a .Net assembly but will be stored as-is.
   2018-06-08 08h08.05.2313792 i | | | | | < 
   2018-06-08 08h08.05.2313792 i | | | | | > Reading files from 'C:\Dev\CK\CK-Database-Projects\CK-Database\Tests\BasicModels\SqlZonePackage.Runtime\bin\Debug\net461'.
   2018-06-08 08h08.05.9619623 i | | | | | < 
   2018-06-08 08h08.05.9629610 d | | | | < 
   2018-06-08 08h08.05.9799514   | | | | Opened store with 34 components.
   2018-06-08 08h08.05.9799514   | | | | Local store opened on : 'C:\Dev\CK\CK-Database-Projects\CK-Database\Tests\LocalTestHelper\LocalTestStore'.
   2018-06-08 08h08.06.0179298   | | | | > Creating client remote store on 'file:///C:/Dev/CK/LocalFeed/Local/CKSetupStore'.
   2018-06-08 08h08.06.1668432   | | | | | Opened store with 248 components.
   2018-06-08 08h08.06.1668432   | | | | | Local store opened on : 'C:\Dev\CK\LocalFeed\Local\CKSetupStore'.
   2018-06-08 08h08.06.1678433   | | | | < 
   2018-06-08 08h08.06.1748391 i | | | | > Importing 34 local folders.
   2018-06-08 08h08.06.1988263 i | | | | | > Adding C:\Dev\CK\CK-Database-Projects\CK-Database\CK.StObj.Model\bin\Debug\netstandard2.0\.
   2018-06-08 08h08.06.2118179 W | | | | | | No component added (found already registered Components: 'CK.StObj.Model/6.0.1-C0044-local')
   2018-06-08 08h08.06.2128184 i | | | | | < 
   2018-06-08 08h08.06.2128184 i | | | | | > Adding C:\Dev\CK\CK-Database-Projects\CK-Database\CK.Setupable.Model\bin\Debug\netstandard2.0\.
   2018-06-08 08h08.06.2128184 W | | | | | | No component added (found already registered Components: 'CK.Setupable.Model/6.0.1-C0044-local')
   2018-06-08 08h08.06.2128184 i | | | | | < 
   2018-06-08 08h08.06.2128184 i | | | | | > Adding C:\Dev\CK\CK-Database-Projects\CK-Database\CK.StObj.Model\bin\Debug\net461\.
   2018-06-08 08h08.06.2128184 W | | | | | | No component added (found already registered Components: 'CK.StObj.Model/6.0.1-C0044-local')
   2018-06-08 08h08.06.2128184 i | | | | | < 
   2018-06-08 08h08.06.2128184 i | | | | | > Adding C:\Dev\CK\CK-Database-Projects\CK-Database\CK.SqlServer.Setup.Model\bin\Debug\netstandard2.0\.
   2018-06-08 08h08.06.2128184 W | | | | | | No component added (found already registered Components: 'CK.SqlServer.Setup.Model/6.0.1-C0044-local')
   2018-06-08 08h08.06.2128184 i | | | | | < 
   2018-06-08 08h08.06.2128184 i | | | | | > Adding C:\Dev\CK\CK-Database-Projects\CK-Database\CK.Setupable.Model\bin\Debug\net461\.
   2018-06-08 08h08.06.2128184 W | | | | | | No component added (found already registered Components: 'CK.Setupable.Model/6.0.1-C0044-local')
   2018-06-08 08h08.06.2128184 i | | | | | < 
   2018-06-08 08h08.06.2128184 i | | | | | > Adding C:\Dev\CK\CK-Database-Projects\CK-Database\Tests\BasicModels\SqlActorPackage\bin\Debug\netstandard2.0\.
   2018-06-08 08h08.06.2128184 W | | | | | | No component added (found already registered Components: 'SqlActorPackage/6.0.1-C0044-local')
   2018-06-08 08h08.06.2128184 i | | | | | < 
   2018-06-08 08h08.06.2128184 i | | | | | > Adding C:\Dev\CK\CK-Database-Projects\CK-Database\CK.SqlServer.Setup.Model\bin\Debug\net461\.
   2018-06-08 08h08.06.2128184 W | | | | | | No component added (found already registered Components: 'CK.SqlServer.Setup.Model/6.0.1-C0044-local')
   2018-06-08 08h08.06.2128184 i | | | | | < 
   2018-06-08 08h08.06.2128184 i | | | | | > Adding C:\Dev\CK\CK-Database-Projects\CK-Database\Tests\BasicModels\SqlZonePackage\bin\Debug\netstandard2.0\.
   2018-06-08 08h08.06.2128184 W | | | | | | No component added (found already registered Components: 'SqlZonePackage/6.0.1-C0044-local')
   2018-06-08 08h08.06.2128184 i | | | | | < 
   2018-06-08 08h08.06.2128184 i | | | | | > Adding C:\Dev\CK\CK-Database-Projects\CK-Database\Tests\BasicModels\SqlActorPackage\bin\Debug\net461\.
   2018-06-08 08h08.06.2128184 W | | | | | | No component added (found already registered Components: 'SqlActorPackage/6.0.1-C0044-local')
   2018-06-08 08h08.06.2128184 i | | | | | < 
   2018-06-08 08h08.06.2128184 i | | | | | > Adding C:\Dev\CK\CK-Database-Projects\CK-Database\Tests\BasicModels\SqlZonePackage\bin\Debug\net461\.
   2018-06-08 08h08.06.2128184 W | | | | | | No component added (found already registered Components: 'SqlZonePackage/6.0.1-C0044-local')
   2018-06-08 08h08.06.2128184 i | | | | | < 
   2018-06-08 08h08.06.2128184 i | | | | | > Adding C:\Dev\CK\CK-Database-Projects\CK-Database\CK.StObj.Runtime\bin\Debug\netcoreapp2.0\publish\.
   2018-06-08 08h08.06.2128184 W | | | | | | No component added (found already registered Components: 'CK.StObj.Runtime/6.0.1-C0044-local')
   2018-06-08 08h08.06.2128184 i | | | | | < 
   2018-06-08 08h08.06.2128184 i | | | | | > Adding C:\Dev\CK\CK-Database-Projects\CK-Database\CK.StObj.Runtime\bin\Debug\netcoreapp2.1\publish\.
   2018-06-08 08h08.06.2128184 W | | | | | | No component added (found already registered Components: 'CK.StObj.Runtime/6.0.1-C0044-local')
   2018-06-08 08h08.06.2128184 i | | | | | < 
   2018-06-08 08h08.06.2128184 i | | | | | > Adding C:\Dev\CK\CK-Database-Projects\CK-Database\CK.StObj.Engine\bin\Debug\netcoreapp2.0\publish\.
   2018-06-08 08h08.06.2128184 W | | | | | | No component added (found already registered Components: 'CK.StObj.Engine/6.0.1-C0044-local')
   2018-06-08 08h08.06.2128184 i | | | | | < 
   2018-06-08 08h08.06.2128184 i | | | | | > Adding C:\Dev\CK\CK-Database-Projects\CK-Database\CK.StObj.Engine\bin\Debug\netcoreapp2.1\publish\.
   2018-06-08 08h08.06.2128184 W | | | | | | No component added (found already registered Components: 'CK.StObj.Engine/6.0.1-C0044-local')
   2018-06-08 08h08.06.2128184 i | | | | | < 
   2018-06-08 08h08.06.2128184 i | | | | | > Adding C:\Dev\CK\CK-Database-Projects\CK-Database\CK.Setupable.Runtime\bin\Debug\netcoreapp2.0\publish\.
   2018-06-08 08h08.06.2128184 W | | | | | | No component added (found already registered Components: 'CK.Setupable.Runtime/6.0.1-C0044-local')
   2018-06-08 08h08.06.2128184 i | | | | | < 
   2018-06-08 08h08.06.2128184 i | | | | | > Adding C:\Dev\CK\CK-Database-Projects\CK-Database\CK.Setupable.Runtime\bin\Debug\netcoreapp2.1\publish\.
   2018-06-08 08h08.06.2128184 W | | | | | | No component added (found already registered Components: 'CK.Setupable.Runtime/6.0.1-C0044-local')
   2018-06-08 08h08.06.2128184 i | | | | | < 
   2018-06-08 08h08.06.2128184 i | | | | | > Adding C:\Dev\CK\CK-Database-Projects\CK-Database\CK.Setupable.Engine\bin\Debug\netcoreapp2.1\publish\.
   2018-06-08 08h08.06.2128184 W | | | | | | No component added (found already registered Components: 'CK.Setupable.Engine/6.0.1-C0044-local')
   2018-06-08 08h08.06.2128184 i | | | | | < 
   2018-06-08 08h08.06.2128184 i | | | | | > Adding C:\Dev\CK\CK-Database-Projects\CK-Database\CK.Setupable.Engine\bin\Debug\netcoreapp2.0\publish\.
   2018-06-08 08h08.06.2128184 W | | | | | | No component added (found already registered Components: 'CK.Setupable.Engine/6.0.1-C0044-local')
   2018-06-08 08h08.06.2128184 i | | | | | < 
   2018-06-08 08h08.06.2128184 i | | | | | > Adding C:\Dev\CK\CK-Database-Projects\CK-Database\CK.SqlServer.Setup.Runtime\bin\Debug\netcoreapp2.1\publish\.
   2018-06-08 08h08.06.2128184 W | | | | | | No component added (found already registered Components: 'CK.SqlServer.Setup.Runtime/6.0.1-C0044-local')
   2018-06-08 08h08.06.2128184 i | | | | | < 
   2018-06-08 08h08.06.2128184 i | | | | | > Adding C:\Dev\CK\CK-Database-Projects\CK-Database\CK.SqlServer.Setup.Engine\bin\Debug\netcoreapp2.1\publish\.
   2018-06-08 08h08.06.2128184 W | | | | | | No component added (found already registered Components: 'CK.SqlServer.Setup.Engine/6.0.1-C0044-local')
   2018-06-08 08h08.06.2128184 i | | | | | < 
   2018-06-08 08h08.06.2128184 i | | | | | > Adding C:\Dev\CK\CK-Database-Projects\CK-Database\Tests\BasicModels\SqlActorPackage.Runtime\bin\Debug\netcoreapp2.1\publish\.
   2018-06-08 08h08.06.2128184 W | | | | | | No component added (found already registered Components: 'SqlActorPackage.Runtime/6.0.1-C0044-local')
   2018-06-08 08h08.06.2128184 i | | | | | < 
   2018-06-08 08h08.06.2128184 i | | | | | > Adding C:\Dev\CK\CK-Database-Projects\CK-Database\Tests\BasicModels\SqlZonePackage.Runtime\bin\Debug\netcoreapp2.1\publish\.
   2018-06-08 08h08.06.2128184 W | | | | | | No component added (found already registered Components: 'SqlZonePackage.Runtime/6.0.1-C0044-local')
   2018-06-08 08h08.06.2128184 i | | | | | < 
   2018-06-08 08h08.06.2128184 i | | | | | > Adding C:\Dev\CK\CK-Database-Projects\CK-Database\CK.SqlServer.Setup.Runtime\bin\Debug\netcoreapp2.0\publish\.
   2018-06-08 08h08.06.2128184 W | | | | | | No component added (found already registered Components: 'CK.SqlServer.Setup.Runtime/6.0.1-C0044-local')
   2018-06-08 08h08.06.2128184 i | | | | | < 
   2018-06-08 08h08.06.2128184 i | | | | | > Adding C:\Dev\CK\CK-Database-Projects\CK-Database\CK.SqlServer.Setup.Engine\bin\Debug\netcoreapp2.0\publish\.
   2018-06-08 08h08.06.2128184 W | | | | | | No component added (found already registered Components: 'CK.SqlServer.Setup.Engine/6.0.1-C0044-local')
   2018-06-08 08h08.06.2128184 i | | | | | < 
   2018-06-08 08h08.06.2128184 i | | | | | > Adding C:\Dev\CK\CK-Database-Projects\CK-Database\Tests\BasicModels\SqlActorPackage.Runtime\bin\Debug\netcoreapp2.0\publish\.
   2018-06-08 08h08.06.2128184 W | | | | | | No component added (found already registered Components: 'SqlActorPackage.Runtime/6.0.1-C0044-local')
   2018-06-08 08h08.06.2128184 i | | | | | < 
   2018-06-08 08h08.06.2128184 i | | | | | > Adding C:\Dev\CK\CK-Database-Projects\CK-Database\Tests\BasicModels\SqlZonePackage.Runtime\bin\Debug\netcoreapp2.0\publish\.
   2018-06-08 08h08.06.2128184 W | | | | | | No component added (found already registered Components: 'SqlZonePackage.Runtime/6.0.1-C0044-local')
   2018-06-08 08h08.06.2128184 i | | | | | < 
   2018-06-08 08h08.06.2128184 i | | | | | > Adding C:\Dev\CK\CK-Database-Projects\CK-Database\CK.StObj.Runtime\bin\Debug\net461\.
   2018-06-08 08h08.06.2128184 W | | | | | | No component added (found already registered Components: 'CK.StObj.Runtime/6.0.1-C0044-local')
   2018-06-08 08h08.06.2128184 i | | | | | < 
   2018-06-08 08h08.06.2128184 i | | | | | > Adding C:\Dev\CK\CK-Database-Projects\CK-Database\CK.StObj.Engine\bin\Debug\net461\.
   2018-06-08 08h08.06.2128184 W | | | | | | No component added (found already registered Components: 'CK.StObj.Engine/6.0.1-C0044-local')
   2018-06-08 08h08.06.2128184 i | | | | | < 
   2018-06-08 08h08.06.2128184 i | | | | | > Adding C:\Dev\CK\CK-Database-Projects\CK-Database\CK.Setupable.Runtime\bin\Debug\net461\.
   2018-06-08 08h08.06.2128184 W | | | | | | No component added (found already registered Components: 'CK.Setupable.Runtime/6.0.1-C0044-local')
   2018-06-08 08h08.06.2128184 i | | | | | < 
   2018-06-08 08h08.06.2128184 i | | | | | > Adding C:\Dev\CK\CK-Database-Projects\CK-Database\CK.Setupable.Engine\bin\Debug\net461\.
   2018-06-08 08h08.06.2128184 W | | | | | | No component added (found already registered Components: 'CK.Setupable.Engine/6.0.1-C0044-local')
   2018-06-08 08h08.06.2128184 i | | | | | < 
   2018-06-08 08h08.06.2128184 i | | | | | > Adding C:\Dev\CK\CK-Database-Projects\CK-Database\CK.SqlServer.Setup.Runtime\bin\Debug\net461\.
   2018-06-08 08h08.06.2128184 W | | | | | | No component added (found already registered Components: 'CK.SqlServer.Setup.Runtime/6.0.1-C0044-local')
   2018-06-08 08h08.06.2128184 i | | | | | < 
   2018-06-08 08h08.06.2128184 i | | | | | > Adding C:\Dev\CK\CK-Database-Projects\CK-Database\CK.SqlServer.Setup.Engine\bin\Debug\net461\.
   2018-06-08 08h08.06.2128184 W | | | | | | No component added (found already registered Components: 'CK.SqlServer.Setup.Engine/6.0.1-C0044-local')
   2018-06-08 08h08.06.2128184 i | | | | | < 
   2018-06-08 08h08.06.2128184 i | | | | | > Adding C:\Dev\CK\CK-Database-Projects\CK-Database\Tests\BasicModels\SqlActorPackage.Runtime\bin\Debug\net461\.
   2018-06-08 08h08.06.2128184 W | | | | | | No component added (found already registered Components: 'SqlActorPackage.Runtime/6.0.1-C0044-local')
   2018-06-08 08h08.06.2128184 i | | | | | < 
   2018-06-08 08h08.06.2128184 i | | | | | > Adding C:\Dev\CK\CK-Database-Projects\CK-Database\Tests\BasicModels\SqlZonePackage.Runtime\bin\Debug\net461\.
   2018-06-08 08h08.06.2128184 W | | | | | | No component added (found already registered Components: 'SqlZonePackage.Runtime/6.0.1-C0044-local')
   2018-06-08 08h08.06.2128184 i | | | | | < 
   2018-06-08 08h08.06.2248100 i | | | | < 
   2018-06-08 08h08.06.2258096 i | | | | > Closing Store.
   2018-06-08 08h08.06.2258096 i | | | | < 
   2018-06-08 08h08.06.2258096 i | | | | > Closing Store.
   2018-06-08 08h08.06.2258096 i | | | | < 
   2018-06-08 08h08.06.2258096 i | | | < 
   2018-06-08 08h08.06.2258096 i | | < 
   2018-06-08 08h08.06.2258096 i | | Using store 'C:\Dev\CK\CK-Database-Projects\CK-Database\Tests\LocalTestHelper\LocalTestStore'.
   2018-06-08 08h08.06.2258096 i | | Using remote 'file:///C:/Dev/CK/LocalFeed/Local/CKSetupStore'.
   2018-06-08 08h08.06.2457993   | | Opened store with 34 components.
   2018-06-08 08h08.06.2457993   | | Local store opened on : 'C:\Dev\CK\CK-Database-Projects\CK-Database\Tests\LocalTestHelper\LocalTestStore'.
   2018-06-08 08h08.06.2457993   | | > Creating client remote store on 'file:///C:/Dev/CK/LocalFeed/Local/CKSetupStore'.
   2018-06-08 08h08.06.3307502   | | | Opened store with 248 components.
   2018-06-08 08h08.06.3307502   | | | Local store opened on : 'C:\Dev\CK\LocalFeed\Local\CKSetupStore'.
   2018-06-08 08h08.06.3307502   | | < 
   2018-06-08 08h08.06.3327498 i | | > Running Setup.
   2018-06-08 08h08.06.3457428   | | | > Initializing SetupContext (ignoring signatures).
   2018-06-08 08h08.06.4726696 i | | | | <Root>
                                 | | | |     <CKSetup>
                                 | | | |       <WorkingDirectory>C:\Dev\CK\CK-Database-Projects\CK-Database\Tests\SqlActorPackage.Tests\CKSetup-WorkingDir</WorkingDirectory>
                                 | | | |       <PreferredTargetRuntimes></PreferredTargetRuntimes>
                                 | | | |       <BinPaths>
                                 | | | |         <BinPath>C:\Dev\CK\CK-Database-Projects\CK-Database\Tests\SqlActorPackage.Tests\bin\Debug\net461</BinPath>
                                 | | | |       </BinPaths>
                                 | | | |       <Dependencies />
                                 | | | |       <EngineAssemblyQualifiedName>CK.Setup.StObjEngine, CK.StObj.Engine</EngineAssemblyQualifiedName>
                                 | | | |     </CKSetup>
                                 | | | |     <Configuration>
                                 | | | |       <AppContextAssemblyGeneratedDirectoryTarget>C:\Dev\CK\CK-Database-Projects\CK-Database\Tests\SqlActorPackage.Tests\bin\Debug\net461</AppContextAssemblyGeneratedDirectoryTarget>
                                 | | | |       <GenerateSourceFiles>true</GenerateSourceFiles>
                                 | | | |       <GeneratedAssemblyName>SqlActorPackage.Tests.Generated.Reset.1</GeneratedAssemblyName>
                                 | | | |       <Assemblies />
                                 | | | |       <Types />
                                 | | | |       <Aspect Type="CK.Setup.SetupableAspectConfiguration, CK.Setupable.Model" Version="1" />
                                 | | | |       <Aspect Type="CK.Setup.SqlSetupAspectConfiguration, CK.SqlServer.Setup.Model">
                                 | | | |         <Databases />
                                 | | | |         <DefaultDatabaseConnectionString>Data Source=.;Initial Catalog=CKTEST_SqlActorPackage;Integrated Security=True</DefaultDatabaseConnectionString>
                                 | | | |         <GlobalResolution>true</GlobalResolution>
                                 | | | |       </Aspect>
                                 | | | |     </Configuration>
                                 | | | |   </Root>
   2018-06-08 08h08.06.4726696 i | | | | Configuration BasePath is empty: using current directory 'C:\Dev\CK\CK-Database-Projects\CK-Database\Tests\SqlActorPackage.Tests\bin\Debug\net461'.
   2018-06-08 08h08.06.4786658 i | | | | > Reading binary folders.
   2018-06-08 08h08.06.4896600 i | | | | | > Reading files from 'C:\Dev\CK\CK-Database-Projects\CK-Database\Tests\SqlActorPackage.Tests\bin\Debug\net461'.
   2018-06-08 08h08.07.0513391 i | | | | | < 
   2018-06-08 08h08.07.0513391 i | | | | <  | 1 conclusion:
                                 | | | |    | 1 folders read.
   2018-06-08 08h08.07.2692130 i | | | | Created setup folder in Working Directory: C:\Dev\CK\CK-Database-Projects\CK-Database\Tests\SqlActorPackage.Tests\CKSetup-WorkingDir\2018-06-08 08h08.07.2662151\.
   2018-06-08 08h08.07.2692130   | | | < 
   2018-06-08 08h08.07.2772093 i | | | > Resolving runtime support for 'C:\Dev\CK\CK-Database-Projects\CK-Database\Tests\SqlActorPackage.Tests\bin\Debug\net461\'.
   2018-06-08 08h08.07.2812064 i | | | | > Creating runtime dependencies resolver for C:\Dev\CK\CK-Database-Projects\CK-Database\Tests\SqlActorPackage.Tests\bin\Debug\net461\.
   2018-06-08 08h08.07.3021970 i | | | | | Found Models: CK.Setupable.Model/6.0.1-C0044-local/Net461/, CK.SqlServer.Setup.Model/6.0.1-C0044-local/Net461/, CK.StObj.Model/6.0.1-C0044-local/Net461/, SqlActorPackage/6.0.1-C0044-local/Net461/
   2018-06-08 08h08.07.3431719 i | | | | | Found ModelDependents: CK.DB.Tests.NUnit, CK.Testing.DBSetup, CK.Testing.SetupableSetup, CK.Testing.StObjMap, CK.Testing.StObjSetup, LocalTestHelper, SqlActorPackage.Tests
   2018-06-08 08h08.07.3491682 i | | | | | > Selecting TargetRuntime.
   2018-06-08 08h08.07.4041361 E | | | | | | Unable to determine at least one common allowed runtime.
   2018-06-08 08h08.07.4041361 i | | | | | < 
   2018-06-08 08h08.07.4041361 i | | | | < 
   2018-06-08 08h08.07.4041361 i | | | < 
   2018-06-08 08h08.07.4051362   | | | Leaving Working Directory 'C:\Dev\CK\CK-Database-Projects\CK-Database\Tests\SqlActorPackage.Tests\CKSetup-WorkingDir\2018-06-08 08h08.07.2662151\' as-is.
   2018-06-08 08h08.07.4051362 i | | <  | 1 conclusion:
                                 | |    | Failed
   2018-06-08 08h08.07.4051362 i | | > Closing Store.
   2018-06-08 08h08.07.4051362 i | | < 
   2018-06-08 08h08.07.4051362 i | | > Closing Store.
   2018-06-08 08h08.07.4051362 i | | < 
   2018-06-08 08h08.07.4051362 i | < 
   2018-06-08 08h08.07.4051362 i < 
   2018-06-08 08h08.07.7249555 i > Accessing null StObj map.
   2018-06-08 08h08.07.7259533 i | > Invoking StObjMapLoading event.
   2018-06-08 08h08.07.7279534 i | | File 'C:\Dev\CK\CK-Database-Projects\CK-Database\Tests\SqlActorPackage.Tests\bin\Debug\net461\SqlActorPackage.Tests.Generated.Reset.1.dll' does not exist. Running StObjSetup to create it.
   2018-06-08 08h08.07.7299503 i | | > Running StObjSetup.
   2018-06-08 08h08.07.7319491 i | | | > Ensuring database 'Database:CKTEST_SqlActorPackage, Collation:Latin1_General_100_BIN2, CompatibilityLevel:130'.
   2018-06-08 08h08.07.7359474 i | | | <  | 1 conclusion:
                                 | | |    | Database already exists, collation and compatiblity level match.
   2018-06-08 08h08.07.7359474 i | | | No 'CKSetup/DefaultBinPaths' configuration. Using current BinFolder.
   2018-06-08 08h08.07.7359474 i | | | Using store 'C:\Dev\CK\CK-Database-Projects\CK-Database\Tests\LocalTestHelper\LocalTestStore'.
   2018-06-08 08h08.07.7359474 i | | | Using remote 'file:///C:/Dev/CK/LocalFeed/Local/CKSetupStore'.
   2018-06-08 08h08.07.7499395   | | | Opened store with 34 components.
   2018-06-08 08h08.07.7499395   | | | Local store opened on : 'C:\Dev\CK\CK-Database-Projects\CK-Database\Tests\LocalTestHelper\LocalTestStore'.
   2018-06-08 08h08.07.7499395   | | | > Creating client remote store on 'file:///C:/Dev/CK/LocalFeed/Local/CKSetupStore'.
   2018-06-08 08h08.07.8428872   | | | | Opened store with 248 components.
   2018-06-08 08h08.07.8428872   | | | | Local store opened on : 'C:\Dev\CK\LocalFeed\Local\CKSetupStore'.
   2018-06-08 08h08.07.8428872   | | | < 
   2018-06-08 08h08.07.8428872 i | | | > Running Setup.
   2018-06-08 08h08.07.8428872   | | | | > Initializing SetupContext (ignoring signatures).
   2018-06-08 08h08.07.8428872 i | | | | | <Root>
                                 | | | | |     <CKSetup>
                                 | | | | |       <WorkingDirectory>C:\Dev\CK\CK-Database-Projects\CK-Database\Tests\SqlActorPackage.Tests\CKSetup-WorkingDir</WorkingDirectory>
                                 | | | | |       <PreferredTargetRuntimes></PreferredTargetRuntimes>
                                 | | | | |       <BinPaths>
                                 | | | | |         <BinPath>C:\Dev\CK\CK-Database-Projects\CK-Database\Tests\SqlActorPackage.Tests\bin\Debug\net461</BinPath>
                                 | | | | |       </BinPaths>
                                 | | | | |       <Dependencies />
                                 | | | | |       <EngineAssemblyQualifiedName>CK.Setup.StObjEngine, CK.StObj.Engine</EngineAssemblyQualifiedName>
                                 | | | | |     </CKSetup>
                                 | | | | |     <Configuration>
                                 | | | | |       <AppContextAssemblyGeneratedDirectoryTarget>C:\Dev\CK\CK-Database-Projects\CK-Database\Tests\SqlActorPackage.Tests\bin\Debug\net461</AppContextAssemblyGeneratedDirectoryTarget>
                                 | | | | |       <GenerateSourceFiles>true</GenerateSourceFiles>
                                 | | | | |       <GeneratedAssemblyName>SqlActorPackage.Tests.Generated.Reset.1</GeneratedAssemblyName>
                                 | | | | |       <Assemblies />
                                 | | | | |       <Types />
                                 | | | | |       <Aspect Type="CK.Setup.SetupableAspectConfiguration, CK.Setupable.Model" Version="1" />
                                 | | | | |       <Aspect Type="CK.Setup.SqlSetupAspectConfiguration, CK.SqlServer.Setup.Model">
                                 | | | | |         <Databases />
                                 | | | | |         <DefaultDatabaseConnectionString>Data Source=.;Initial Catalog=CKTEST_SqlActorPackage;Integrated Security=True</DefaultDatabaseConnectionString>
                                 | | | | |         <GlobalResolution>true</GlobalResolution>
                                 | | | | |       </Aspect>
                                 | | | | |     </Configuration>
                                 | | | | |   </Root>
   2018-06-08 08h08.07.8428872 i | | | | | Configuration BasePath is empty: using current directory 'C:\Dev\CK\CK-Database-Projects\CK-Database\Tests\SqlActorPackage.Tests\bin\Debug\net461'.
   2018-06-08 08h08.07.8428872 i | | | | | > Reading binary folders.
   2018-06-08 08h08.07.8428872 i | | | | | | > Reading files from 'C:\Dev\CK\CK-Database-Projects\CK-Database\Tests\SqlActorPackage.Tests\bin\Debug\net461'.
   2018-06-08 08h08.08.0567632 i | | | | | | < 
   2018-06-08 08h08.08.0567632 i | | | | | <  | 1 conclusion:
                                 | | | | |    | 1 folders read.
   2018-06-08 08h08.08.1637043 i | | | | | Created setup folder in Working Directory: C:\Dev\CK\CK-Database-Projects\CK-Database\Tests\SqlActorPackage.Tests\CKSetup-WorkingDir\2018-06-08 08h08.08.1607042\.
   2018-06-08 08h08.08.1637043   | | | | < 
   2018-06-08 08h08.08.1647017 i | | | | > Resolving runtime support for 'C:\Dev\CK\CK-Database-Projects\CK-Database\Tests\SqlActorPackage.Tests\bin\Debug\net461\'.
   2018-06-08 08h08.08.1647017 i | | | | | > Creating runtime dependencies resolver for C:\Dev\CK\CK-Database-Projects\CK-Database\Tests\SqlActorPackage.Tests\bin\Debug\net461\.
   2018-06-08 08h08.08.1647017 i | | | | | | Found Models: CK.Setupable.Model/6.0.1-C0044-local/Net461/, CK.SqlServer.Setup.Model/6.0.1-C0044-local/Net461/, CK.StObj.Model/6.0.1-C0044-local/Net461/, SqlActorPackage/6.0.1-C0044-local/Net461/
   2018-06-08 08h08.08.1647017 i | | | | | | Found ModelDependents: CK.DB.Tests.NUnit, CK.Testing.DBSetup, CK.Testing.SetupableSetup, CK.Testing.StObjMap, CK.Testing.StObjSetup, LocalTestHelper, SqlActorPackage.Tests
   2018-06-08 08h08.08.1647017 i | | | | | | > Selecting TargetRuntime.
   2018-06-08 08h08.08.1647017 E | | | | | | | Unable to determine at least one common allowed runtime.
   2018-06-08 08h08.08.1647017 i | | | | | | < 
   2018-06-08 08h08.08.1647017 i | | | | | < 
   2018-06-08 08h08.08.1647017 i | | | | < 
   2018-06-08 08h08.08.1647017   | | | | Leaving Working Directory 'C:\Dev\CK\CK-Database-Projects\CK-Database\Tests\SqlActorPackage.Tests\CKSetup-WorkingDir\2018-06-08 08h08.08.1607042\' as-is.
   2018-06-08 08h08.08.1647017 i | | | <  | 1 conclusion:
                                 | | |    | Failed
   2018-06-08 08h08.08.1647017 i | | | > Closing Store.
   2018-06-08 08h08.08.1647017 i | | | < 
   2018-06-08 08h08.08.1647017 i | | | > Closing Store.
   2018-06-08 08h08.08.1647017 i | | | < 
   2018-06-08 08h08.08.1647017 i | | < 
   2018-06-08 08h08.08.1647017 i | < 
   2018-06-08 08h08.08.1696979 i | > Loading StObj map from SqlActorPackage.Tests.Generated.Reset.1.
   2018-06-08 08h08.08.1726985 E | | Impossible de charger le fichier ou l'assembly 'SqlActorPackage.Tests.Generated.Reset.1' ou une de ses dépendances. Le fichier spécifié est introuvable.
                                 | |    ┌──────────────────────────■ Exception: FileNotFoundException ■──────────────────────────
                                 | |    | Message:    Impossible de charger le fichier ou l'assembly 'SqlActorPackage.Tests.Generated.Reset.1' ou une de ses dépendances. Le fichier spécifié est introuvable.
                                 | |    | Stack:         à System.Reflection.RuntimeAssembly._nLoad(AssemblyName fileName, String codeBase, Evidence assemblySecurity, RuntimeAssembly locationHint, StackCrawlMark& stackMark, IntPtr pPrivHostBinder, Boolean throwOnFileNotFound, Boolean forIntrospection, Boolean suppressSecurityChecks)
                                 | |    |                à System.Reflection.RuntimeAssembly.InternalLoadAssemblyName(AssemblyName assemblyRef, Evidence assemblySecurity, RuntimeAssembly reqAssembly, StackCrawlMark& stackMark, IntPtr pPrivHostBinder, Boolean throwOnFileNotFound, Boolean forIntrospection, Boolean suppressSecurityChecks)
                                 | |    |                à System.Reflection.Assembly.Load(AssemblyName assemblyRef)
                                 | |    |                à CK.Testing.StObjMapTestHelper.DoLoadStObjMap(String assemblyName)
                                 | |    | FileName:   SqlActorPackage.Tests.Generated.Reset.1
                                 | |    | Details:    AVT : la journalisation de liaison d'assembly est désactivée.
                                 | |    |             Pour activer la journalisation des échecs de liaison d'assembly, attribuez la valeur 1 à la valeur de Registre [HKLM\Software\Microsoft\Fusion!EnableLog] (DWORD).
                                 | |    |             Remarque : une certaine perte de performance est associée à l'enregistrement dans le journal des échecs de liaison d'assembly.
                                 | |    |             Pour désactiver cette fonctionnalité, supprimez la valeur de Registre [HKLM\Software\Microsoft\Fusion!EnableLog].
                                 | |    └─────────────────────────────────────────────────────────────────────────
   2018-06-08 08h08.08.1936842 i | < 
   2018-06-08 08h08.08.1936842 i < 
   2018-06-08 08h08.08.2026792 i > Accessing null StObj map.
   2018-06-08 08h08.08.2026792 i | > Invoking StObjMapLoading event.
   2018-06-08 08h08.08.2026792 i | | File 'C:\Dev\CK\CK-Database-Projects\CK-Database\Tests\SqlActorPackage.Tests\bin\Debug\net461\SqlActorPackage.Tests.Generated.Reset.1.dll' does not exist. Running StObjSetup to create it.
   2018-06-08 08h08.08.2026792 i | | > Running StObjSetup.
   2018-06-08 08h08.08.2026792 i | | | > Ensuring database 'Database:CKTEST_SqlActorPackage, Collation:Latin1_General_100_BIN2, CompatibilityLevel:130'.
   2018-06-08 08h08.08.2036801 i | | | <  | 1 conclusion:
                                 | | |    | Database already exists, collation and compatiblity level match.
   2018-06-08 08h08.08.2036801 i | | | No 'CKSetup/DefaultBinPaths' configuration. Using current BinFolder.
   2018-06-08 08h08.08.2036801 i | | | Using store 'C:\Dev\CK\CK-Database-Projects\CK-Database\Tests\LocalTestHelper\LocalTestStore'.
   2018-06-08 08h08.08.2036801 i | | | Using remote 'file:///C:/Dev/CK/LocalFeed/Local/CKSetupStore'.
   2018-06-08 08h08.08.2086763   | | | Opened store with 34 components.
   2018-06-08 08h08.08.2086763   | | | Local store opened on : 'C:\Dev\CK\CK-Database-Projects\CK-Database\Tests\LocalTestHelper\LocalTestStore'.
   2018-06-08 08h08.08.2086763   | | | > Creating client remote store on 'file:///C:/Dev/CK/LocalFeed/Local/CKSetupStore'.
   2018-06-08 08h08.08.2876306   | | | | Opened store with 248 components.
   2018-06-08 08h08.08.2876306   | | | | Local store opened on : 'C:\Dev\CK\LocalFeed\Local\CKSetupStore'.
   2018-06-08 08h08.08.2876306   | | | < 
   2018-06-08 08h08.08.2876306 i | | | > Running Setup.
   2018-06-08 08h08.08.2876306   | | | | > Initializing SetupContext (ignoring signatures).
   2018-06-08 08h08.08.2886315 i | | | | | <Root>
                                 | | | | |     <CKSetup>
                                 | | | | |       <WorkingDirectory>C:\Dev\CK\CK-Database-Projects\CK-Database\Tests\SqlActorPackage.Tests\CKSetup-WorkingDir</WorkingDirectory>
                                 | | | | |       <PreferredTargetRuntimes></PreferredTargetRuntimes>
                                 | | | | |       <BinPaths>
                                 | | | | |         <BinPath>C:\Dev\CK\CK-Database-Projects\CK-Database\Tests\SqlActorPackage.Tests\bin\Debug\net461</BinPath>
                                 | | | | |       </BinPaths>
                                 | | | | |       <Dependencies />
                                 | | | | |       <EngineAssemblyQualifiedName>CK.Setup.StObjEngine, CK.StObj.Engine</EngineAssemblyQualifiedName>
                                 | | | | |     </CKSetup>
                                 | | | | |     <Configuration>
                                 | | | | |       <AppContextAssemblyGeneratedDirectoryTarget>C:\Dev\CK\CK-Database-Projects\CK-Database\Tests\SqlActorPackage.Tests\bin\Debug\net461</AppContextAssemblyGeneratedDirectoryTarget>
                                 | | | | |       <GenerateSourceFiles>true</GenerateSourceFiles>
                                 | | | | |       <GeneratedAssemblyName>SqlActorPackage.Tests.Generated.Reset.1</GeneratedAssemblyName>
                                 | | | | |       <Assemblies />
                                 | | | | |       <Types />
                                 | | | | |       <Aspect Type="CK.Setup.SetupableAspectConfiguration, CK.Setupable.Model" Version="1" />
                                 | | | | |       <Aspect Type="CK.Setup.SqlSetupAspectConfiguration, CK.SqlServer.Setup.Model">
                                 | | | | |         <Databases />
                                 | | | | |         <DefaultDatabaseConnectionString>Data Source=.;Initial Catalog=CKTEST_SqlActorPackage;Integrated Security=True</DefaultDatabaseConnectionString>
                                 | | | | |         <GlobalResolution>true</GlobalResolution>
                                 | | | | |       </Aspect>
                                 | | | | |     </Configuration>
                                 | | | | |   </Root>
   2018-06-08 08h08.08.2886315 i | | | | | Configuration BasePath is empty: using current directory 'C:\Dev\CK\CK-Database-Projects\CK-Database\Tests\SqlActorPackage.Tests\bin\Debug\net461'.
   2018-06-08 08h08.08.2886315 i | | | | | > Reading binary folders.
   2018-06-08 08h08.08.2886315 i | | | | | | > Reading files from 'C:\Dev\CK\CK-Database-Projects\CK-Database\Tests\SqlActorPackage.Tests\bin\Debug\net461'.
   2018-06-08 08h08.08.5614743 i | | | | | | < 
   2018-06-08 08h08.08.5614743 i | | | | | <  | 1 conclusion:
                                 | | | | |    | 1 folders read.
   2018-06-08 08h08.08.7013940 i | | | | | Created setup folder in Working Directory: C:\Dev\CK\CK-Database-Projects\CK-Database\Tests\SqlActorPackage.Tests\CKSetup-WorkingDir\2018-06-08 08h08.08.6993975\.
   2018-06-08 08h08.08.7023954   | | | | < 
   2018-06-08 08h08.08.7023954 i | | | | > Resolving runtime support for 'C:\Dev\CK\CK-Database-Projects\CK-Database\Tests\SqlActorPackage.Tests\bin\Debug\net461\'.
   2018-06-08 08h08.08.7023954 i | | | | | > Creating runtime dependencies resolver for C:\Dev\CK\CK-Database-Projects\CK-Database\Tests\SqlActorPackage.Tests\bin\Debug\net461\.
   2018-06-08 08h08.08.7023954 i | | | | | | Found Models: CK.Setupable.Model/6.0.1-C0044-local/Net461/, CK.SqlServer.Setup.Model/6.0.1-C0044-local/Net461/, CK.StObj.Model/6.0.1-C0044-local/Net461/, SqlActorPackage/6.0.1-C0044-local/Net461/
   2018-06-08 08h08.08.7023954 i | | | | | | Found ModelDependents: CK.DB.Tests.NUnit, CK.Testing.DBSetup, CK.Testing.SetupableSetup, CK.Testing.StObjMap, CK.Testing.StObjSetup, LocalTestHelper, SqlActorPackage.Tests
   2018-06-08 08h08.08.7023954 i | | | | | | > Selecting TargetRuntime.
   2018-06-08 08h08.08.7023954 E | | | | | | | Unable to determine at least one common allowed runtime.
   2018-06-08 08h08.08.7023954 i | | | | | | < 
   2018-06-08 08h08.08.7023954 i | | | | | < 
   2018-06-08 08h08.08.7023954 i | | | | < 
   2018-06-08 08h08.08.7023954   | | | | Leaving Working Directory 'C:\Dev\CK\CK-Database-Projects\CK-Database\Tests\SqlActorPackage.Tests\CKSetup-WorkingDir\2018-06-08 08h08.08.6993975\' as-is.
   2018-06-08 08h08.08.7023954 i | | | <  | 1 conclusion:
                                 | | |    | Failed
   2018-06-08 08h08.08.7023954 i | | | > Closing Store.
   2018-06-08 08h08.08.7023954 i | | | < 
   2018-06-08 08h08.08.7023954 i | | | > Closing Store.
   2018-06-08 08h08.08.7023954 i | | | < 
   2018-06-08 08h08.08.7023954 i | | < 
   2018-06-08 08h08.08.7023954 i | < 
   2018-06-08 08h08.08.7023954 i | > Loading StObj map from SqlActorPackage.Tests.Generated.Reset.1.
   2018-06-08 08h08.08.7033954 E | | Impossible de charger le fichier ou l'assembly 'SqlActorPackage.Tests.Generated.Reset.1' ou une de ses dépendances. Le fichier spécifié est introuvable.
                                 | |    ┌──────────────────────────■ Exception: FileNotFoundException ■──────────────────────────
                                 | |    | Message:    Impossible de charger le fichier ou l'assembly 'SqlActorPackage.Tests.Generated.Reset.1' ou une de ses dépendances. Le fichier spécifié est introuvable.
                                 | |    | Stack:         à System.Reflection.RuntimeAssembly._nLoad(AssemblyName fileName, String codeBase, Evidence assemblySecurity, RuntimeAssembly locationHint, StackCrawlMark& stackMark, IntPtr pPrivHostBinder, Boolean throwOnFileNotFound, Boolean forIntrospection, Boolean suppressSecurityChecks)
                                 | |    |                à System.Reflection.RuntimeAssembly.InternalLoadAssemblyName(AssemblyName assemblyRef, Evidence assemblySecurity, RuntimeAssembly reqAssembly, StackCrawlMark& stackMark, IntPtr pPrivHostBinder, Boolean throwOnFileNotFound, Boolean forIntrospection, Boolean suppressSecurityChecks)
                                 | |    |                à System.Reflection.Assembly.Load(AssemblyName assemblyRef)
                                 | |    |                à CK.Testing.StObjMapTestHelper.DoLoadStObjMap(String assemblyName)
                                 | |    | FileName:   SqlActorPackage.Tests.Generated.Reset.1
                                 | |    | Details:    AVT : la journalisation de liaison d'assembly est désactivée.
                                 | |    |             Pour activer la journalisation des échecs de liaison d'assembly, attribuez la valeur 1 à la valeur de Registre [HKLM\Software\Microsoft\Fusion!EnableLog] (DWORD).
                                 | |    |             Remarque : une certaine perte de performance est associée à l'enregistrement dans le journal des échecs de liaison d'assembly.
                                 | |    |             Pour désactiver cette fonctionnalité, supprimez la valeur de Registre [HKLM\Software\Microsoft\Fusion!EnableLog].
                                 | |    └─────────────────────────────────────────────────────────────────────────
   2018-06-08 08h08.08.7033954 i | < 
   2018-06-08 08h08.08.7033954 i < 
   2018-06-08 08h08.08.7073916 i > Accessing null StObj map.
   2018-06-08 08h08.08.7073916 i | > Invoking StObjMapLoading event.
   2018-06-08 08h08.08.7073916 i | | File 'C:\Dev\CK\CK-Database-Projects\CK-Database\Tests\SqlActorPackage.Tests\bin\Debug\net461\SqlActorPackage.Tests.Generated.Reset.1.dll' does not exist. Running StObjSetup to create it.
   2018-06-08 08h08.08.7083903 i | | > Running StObjSetup.
   2018-06-08 08h08.08.7083903 i | | | > Ensuring database 'Database:CKTEST_SqlActorPackage, Collation:Latin1_General_100_BIN2, CompatibilityLevel:130'.
   2018-06-08 08h08.08.7083903 i | | | <  | 1 conclusion:
                                 | | |    | Database already exists, collation and compatiblity level match.
   2018-06-08 08h08.08.7083903 i | | | No 'CKSetup/DefaultBinPaths' configuration. Using current BinFolder.
   2018-06-08 08h08.08.7083903 i | | | Using store 'C:\Dev\CK\CK-Database-Projects\CK-Database\Tests\LocalTestHelper\LocalTestStore'.
   2018-06-08 08h08.08.7083903 i | | | Using remote 'file:///C:/Dev/CK/LocalFeed/Local/CKSetupStore'.
   2018-06-08 08h08.08.7133869   | | | Opened store with 34 components.
   2018-06-08 08h08.08.7133869   | | | Local store opened on : 'C:\Dev\CK\CK-Database-Projects\CK-Database\Tests\LocalTestHelper\LocalTestStore'.
   2018-06-08 08h08.08.7133869   | | | > Creating client remote store on 'file:///C:/Dev/CK/LocalFeed/Local/CKSetupStore'.
   2018-06-08 08h08.08.7823474   | | | | Opened store with 248 components.
   2018-06-08 08h08.08.7823474   | | | | Local store opened on : 'C:\Dev\CK\LocalFeed\Local\CKSetupStore'.
   2018-06-08 08h08.08.7823474   | | | < 
   2018-06-08 08h08.08.7823474 i | | | > Running Setup.
   2018-06-08 08h08.08.7823474   | | | | > Initializing SetupContext (ignoring signatures).
   2018-06-08 08h08.08.7823474 i | | | | | <Root>
                                 | | | | |     <CKSetup>
                                 | | | | |       <WorkingDirectory>C:\Dev\CK\CK-Database-Projects\CK-Database\Tests\SqlActorPackage.Tests\CKSetup-WorkingDir</WorkingDirectory>
                                 | | | | |       <PreferredTargetRuntimes></PreferredTargetRuntimes>
                                 | | | | |       <BinPaths>
                                 | | | | |         <BinPath>C:\Dev\CK\CK-Database-Projects\CK-Database\Tests\SqlActorPackage.Tests\bin\Debug\net461</BinPath>
                                 | | | | |       </BinPaths>
                                 | | | | |       <Dependencies />
                                 | | | | |       <EngineAssemblyQualifiedName>CK.Setup.StObjEngine, CK.StObj.Engine</EngineAssemblyQualifiedName>
                                 | | | | |     </CKSetup>
                                 | | | | |     <Configuration>
                                 | | | | |       <AppContextAssemblyGeneratedDirectoryTarget>C:\Dev\CK\CK-Database-Projects\CK-Database\Tests\SqlActorPackage.Tests\bin\Debug\net461</AppContextAssemblyGeneratedDirectoryTarget>
                                 | | | | |       <GenerateSourceFiles>true</GenerateSourceFiles>
                                 | | | | |       <GeneratedAssemblyName>SqlActorPackage.Tests.Generated.Reset.1</GeneratedAssemblyName>
                                 | | | | |       <Assemblies />
                                 | | | | |       <Types />
                                 | | | | |       <Aspect Type="CK.Setup.SetupableAspectConfiguration, CK.Setupable.Model" Version="1" />
                                 | | | | |       <Aspect Type="CK.Setup.SqlSetupAspectConfiguration, CK.SqlServer.Setup.Model">
                                 | | | | |         <Databases />
                                 | | | | |         <DefaultDatabaseConnectionString>Data Source=.;Initial Catalog=CKTEST_SqlActorPackage;Integrated Security=True</DefaultDatabaseConnectionString>
                                 | | | | |         <GlobalResolution>true</GlobalResolution>
                                 | | | | |       </Aspect>
                                 | | | | |     </Configuration>
                                 | | | | |   </Root>
   2018-06-08 08h08.08.7823474 i | | | | | Configuration BasePath is empty: using current directory 'C:\Dev\CK\CK-Database-Projects\CK-Database\Tests\SqlActorPackage.Tests\bin\Debug\net461'.
   2018-06-08 08h08.08.7823474 i | | | | | > Reading binary folders.
   2018-06-08 08h08.08.7823474 i | | | | | | > Reading files from 'C:\Dev\CK\CK-Database-Projects\CK-Database\Tests\SqlActorPackage.Tests\bin\Debug\net461'.
   2018-06-08 08h08.08.9442717 i | | | | | | < 
   2018-06-08 08h08.08.9442717 i | | | | | <  | 1 conclusion:
                                 | | | | |    | 1 folders read.
   2018-06-08 08h08.09.0402007 i | | | | | Created setup folder in Working Directory: C:\Dev\CK\CK-Database-Projects\CK-Database\Tests\SqlActorPackage.Tests\CKSetup-WorkingDir\2018-06-08 08h08.09.0382024\.
   2018-06-08 08h08.09.0402007   | | | | < 
   2018-06-08 08h08.09.0402007 i | | | | > Resolving runtime support for 'C:\Dev\CK\CK-Database-Projects\CK-Database\Tests\SqlActorPackage.Tests\bin\Debug\net461\'.
   2018-06-08 08h08.09.0402007 i | | | | | > Creating runtime dependencies resolver for C:\Dev\CK\CK-Database-Projects\CK-Database\Tests\SqlActorPackage.Tests\bin\Debug\net461\.
   2018-06-08 08h08.09.0411999 i | | | | | | Found Models: CK.Setupable.Model/6.0.1-C0044-local/Net461/, CK.SqlServer.Setup.Model/6.0.1-C0044-local/Net461/, CK.StObj.Model/6.0.1-C0044-local/Net461/, SqlActorPackage/6.0.1-C0044-local/Net461/
   2018-06-08 08h08.09.0411999 i | | | | | | Found ModelDependents: CK.DB.Tests.NUnit, CK.Testing.DBSetup, CK.Testing.SetupableSetup, CK.Testing.StObjMap, CK.Testing.StObjSetup, LocalTestHelper, SqlActorPackage.Tests
   2018-06-08 08h08.09.0411999 i | | | | | | > Selecting TargetRuntime.
   2018-06-08 08h08.09.0411999 E | | | | | | | Unable to determine at least one common allowed runtime.
   2018-06-08 08h08.09.0411999 i | | | | | | < 
   2018-06-08 08h08.09.0411999 i | | | | | < 
   2018-06-08 08h08.09.0411999 i | | | | < 
   2018-06-08 08h08.09.0411999   | | | | Leaving Working Directory 'C:\Dev\CK\CK-Database-Projects\CK-Database\Tests\SqlActorPackage.Tests\CKSetup-WorkingDir\2018-06-08 08h08.09.0382024\' as-is.
   2018-06-08 08h08.09.0411999 i | | | <  | 1 conclusion:
                                 | | |    | Failed
   2018-06-08 08h08.09.0411999 i | | | > Closing Store.
   2018-06-08 08h08.09.0411999 i | | | < 
   2018-06-08 08h08.09.0411999 i | | | > Closing Store.
   2018-06-08 08h08.09.0411999 i | | | < 
   2018-06-08 08h08.09.0411999 i | | < 
   2018-06-08 08h08.09.0411999 i | < 
   2018-06-08 08h08.09.0411999 i | > Loading StObj map from SqlActorPackage.Tests.Generated.Reset.1.
   2018-06-08 08h08.09.0411999 E | | Impossible de charger le fichier ou l'assembly 'SqlActorPackage.Tests.Generated.Reset.1' ou une de ses dépendances. Le fichier spécifié est introuvable.
                                 | |    ┌──────────────────────────■ Exception: FileNotFoundException ■──────────────────────────
                                 | |    | Message:    Impossible de charger le fichier ou l'assembly 'SqlActorPackage.Tests.Generated.Reset.1' ou une de ses dépendances. Le fichier spécifié est introuvable.
                                 | |    | Stack:         à System.Reflection.RuntimeAssembly._nLoad(AssemblyName fileName, String codeBase, Evidence assemblySecurity, RuntimeAssembly locationHint, StackCrawlMark& stackMark, IntPtr pPrivHostBinder, Boolean throwOnFileNotFound, Boolean forIntrospection, Boolean suppressSecurityChecks)
                                 | |    |                à System.Reflection.RuntimeAssembly.InternalLoadAssemblyName(AssemblyName assemblyRef, Evidence assemblySecurity, RuntimeAssembly reqAssembly, StackCrawlMark& stackMark, IntPtr pPrivHostBinder, Boolean throwOnFileNotFound, Boolean forIntrospection, Boolean suppressSecurityChecks)
                                 | |    |                à System.Reflection.Assembly.Load(AssemblyName assemblyRef)
                                 | |    |                à CK.Testing.StObjMapTestHelper.DoLoadStObjMap(String assemblyName)
                                 | |    | FileName:   SqlActorPackage.Tests.Generated.Reset.1
                                 | |    | Details:    AVT : la journalisation de liaison d'assembly est désactivée.
                                 | |    |             Pour activer la journalisation des échecs de liaison d'assembly, attribuez la valeur 1 à la valeur de Registre [HKLM\Software\Microsoft\Fusion!EnableLog] (DWORD).
                                 | |    |             Remarque : une certaine perte de performance est associée à l'enregistrement dans le journal des échecs de liaison d'assembly.
                                 | |    |             Pour désactiver cette fonctionnalité, supprimez la valeur de Registre [HKLM\Software\Microsoft\Fusion!EnableLog].
                                 | |    └─────────────────────────────────────────────────────────────────────────
   2018-06-08 08h08.09.0421990 i | < 
   2018-06-08 08h08.09.0421990 i < 
   2018-06-08 08h08.09.0441978 i > Accessing null StObj map.
   2018-06-08 08h08.09.0441978 i | > Invoking StObjMapLoading event.
   2018-06-08 08h08.09.0441978 i | | File 'C:\Dev\CK\CK-Database-Projects\CK-Database\Tests\SqlActorPackage.Tests\bin\Debug\net461\SqlActorPackage.Tests.Generated.Reset.1.dll' does not exist. Running StObjSetup to create it.
   2018-06-08 08h08.09.0451974 i | | > Running StObjSetup.
   2018-06-08 08h08.09.0451974 i | | | > Ensuring database 'Database:CKTEST_SqlActorPackage, Collation:Latin1_General_100_BIN2, CompatibilityLevel:130'.
   2018-06-08 08h08.09.0451974 i | | | <  | 1 conclusion:
                                 | | |    | Database already exists, collation and compatiblity level match.
   2018-06-08 08h08.09.0451974 i | | | No 'CKSetup/DefaultBinPaths' configuration. Using current BinFolder.
   2018-06-08 08h08.09.0451974 i | | | Using store 'C:\Dev\CK\CK-Database-Projects\CK-Database\Tests\LocalTestHelper\LocalTestStore'.
   2018-06-08 08h08.09.0451974 i | | | Using remote 'file:///C:/Dev/CK/LocalFeed/Local/CKSetupStore'.
   2018-06-08 08h08.09.0492123   | | | Opened store with 34 components.
   2018-06-08 08h08.09.0492123   | | | Local store opened on : 'C:\Dev\CK\CK-Database-Projects\CK-Database\Tests\LocalTestHelper\LocalTestStore'.
   2018-06-08 08h08.09.0492123   | | | > Creating client remote store on 'file:///C:/Dev/CK/LocalFeed/Local/CKSetupStore'.
   2018-06-08 08h08.09.1121591   | | | | Opened store with 248 components.
   2018-06-08 08h08.09.1121591   | | | | Local store opened on : 'C:\Dev\CK\LocalFeed\Local\CKSetupStore'.
   2018-06-08 08h08.09.1121591   | | | < 
   2018-06-08 08h08.09.1121591 i | | | > Running Setup.
   2018-06-08 08h08.09.1121591   | | | | > Initializing SetupContext (ignoring signatures).
   2018-06-08 08h08.09.1121591 i | | | | | <Root>
                                 | | | | |     <CKSetup>
                                 | | | | |       <WorkingDirectory>C:\Dev\CK\CK-Database-Projects\CK-Database\Tests\SqlActorPackage.Tests\CKSetup-WorkingDir</WorkingDirectory>
                                 | | | | |       <PreferredTargetRuntimes></PreferredTargetRuntimes>
                                 | | | | |       <BinPaths>
                                 | | | | |         <BinPath>C:\Dev\CK\CK-Database-Projects\CK-Database\Tests\SqlActorPackage.Tests\bin\Debug\net461</BinPath>
                                 | | | | |       </BinPaths>
                                 | | | | |       <Dependencies />
                                 | | | | |       <EngineAssemblyQualifiedName>CK.Setup.StObjEngine, CK.StObj.Engine</EngineAssemblyQualifiedName>
                                 | | | | |     </CKSetup>
                                 | | | | |     <Configuration>
                                 | | | | |       <AppContextAssemblyGeneratedDirectoryTarget>C:\Dev\CK\CK-Database-Projects\CK-Database\Tests\SqlActorPackage.Tests\bin\Debug\net461</AppContextAssemblyGeneratedDirectoryTarget>
                                 | | | | |       <GenerateSourceFiles>true</GenerateSourceFiles>
                                 | | | | |       <GeneratedAssemblyName>SqlActorPackage.Tests.Generated.Reset.1</GeneratedAssemblyName>
                                 | | | | |       <Assemblies />
                                 | | | | |       <Types />
                                 | | | | |       <Aspect Type="CK.Setup.SetupableAspectConfiguration, CK.Setupable.Model" Version="1" />
                                 | | | | |       <Aspect Type="CK.Setup.SqlSetupAspectConfiguration, CK.SqlServer.Setup.Model">
                                 | | | | |         <Databases />
                                 | | | | |         <DefaultDatabaseConnectionString>Data Source=.;Initial Catalog=CKTEST_SqlActorPackage;Integrated Security=True</DefaultDatabaseConnectionString>
                                 | | | | |         <GlobalResolution>true</GlobalResolution>
                                 | | | | |       </Aspect>
                                 | | | | |     </Configuration>
                                 | | | | |   </Root>
   2018-06-08 08h08.09.1121591 i | | | | | Configuration BasePath is empty: using current directory 'C:\Dev\CK\CK-Database-Projects\CK-Database\Tests\SqlActorPackage.Tests\bin\Debug\net461'.
   2018-06-08 08h08.09.1121591 i | | | | | > Reading binary folders.
   2018-06-08 08h08.09.1121591 i | | | | | | > Reading files from 'C:\Dev\CK\CK-Database-Projects\CK-Database\Tests\SqlActorPackage.Tests\bin\Debug\net461'.
   2018-06-08 08h08.09.3230408 i | | | | | | < 
   2018-06-08 08h08.09.3230408 i | | | | | <  | 1 conclusion:
                                 | | | | |    | 1 folders read.
   2018-06-08 08h08.09.4669562 i | | | | | Created setup folder in Working Directory: C:\Dev\CK\CK-Database-Projects\CK-Database\Tests\SqlActorPackage.Tests\CKSetup-WorkingDir\2018-06-08 08h08.09.4639583\.
   2018-06-08 08h08.09.4669562   | | | | < 
   2018-06-08 08h08.09.4669562 i | | | | > Resolving runtime support for 'C:\Dev\CK\CK-Database-Projects\CK-Database\Tests\SqlActorPackage.Tests\bin\Debug\net461\'.
   2018-06-08 08h08.09.4669562 i | | | | | > Creating runtime dependencies resolver for C:\Dev\CK\CK-Database-Projects\CK-Database\Tests\SqlActorPackage.Tests\bin\Debug\net461\.
   2018-06-08 08h08.09.4669562 i | | | | | | Found Models: CK.Setupable.Model/6.0.1-C0044-local/Net461/, CK.SqlServer.Setup.Model/6.0.1-C0044-local/Net461/, CK.StObj.Model/6.0.1-C0044-local/Net461/, SqlActorPackage/6.0.1-C0044-local/Net461/
   2018-06-08 08h08.09.4669562 i | | | | | | Found ModelDependents: CK.DB.Tests.NUnit, CK.Testing.DBSetup, CK.Testing.SetupableSetup, CK.Testing.StObjMap, CK.Testing.StObjSetup, LocalTestHelper, SqlActorPackage.Tests
   2018-06-08 08h08.09.4669562 i | | | | | | > Selecting TargetRuntime.
   2018-06-08 08h08.09.4669562 E | | | | | | | Unable to determine at least one common allowed runtime.
   2018-06-08 08h08.09.4669562 i | | | | | | < 
   2018-06-08 08h08.09.4669562 i | | | | | < 
   2018-06-08 08h08.09.4669562 i | | | | < 
   2018-06-08 08h08.09.4669562   | | | | Leaving Working Directory 'C:\Dev\CK\CK-Database-Projects\CK-Database\Tests\SqlActorPackage.Tests\CKSetup-WorkingDir\2018-06-08 08h08.09.4639583\' as-is.
   2018-06-08 08h08.09.4669562 i | | | <  | 1 conclusion:
                                 | | |    | Failed
   2018-06-08 08h08.09.4669562 i | | | > Closing Store.
   2018-06-08 08h08.09.4669562 i | | | < 
   2018-06-08 08h08.09.4669562 i | | | > Closing Store.
   2018-06-08 08h08.09.4669562 i | | | < 
   2018-06-08 08h08.09.4669562 i | | < 
   2018-06-08 08h08.09.4669562 i | < 
   2018-06-08 08h08.09.4669562 i | > Loading StObj map from SqlActorPackage.Tests.Generated.Reset.1.
   2018-06-08 08h08.09.4679563 E | | Impossible de charger le fichier ou l'assembly 'SqlActorPackage.Tests.Generated.Reset.1' ou une de ses dépendances. Le fichier spécifié est introuvable.
                                 | |    ┌──────────────────────────■ Exception: FileNotFoundException ■──────────────────────────
                                 | |    | Message:    Impossible de charger le fichier ou l'assembly 'SqlActorPackage.Tests.Generated.Reset.1' ou une de ses dépendances. Le fichier spécifié est introuvable.
                                 | |    | Stack:         à System.Reflection.RuntimeAssembly._nLoad(AssemblyName fileName, String codeBase, Evidence assemblySecurity, RuntimeAssembly locationHint, StackCrawlMark& stackMark, IntPtr pPrivHostBinder, Boolean throwOnFileNotFound, Boolean forIntrospection, Boolean suppressSecurityChecks)
                                 | |    |                à System.Reflection.RuntimeAssembly.InternalLoadAssemblyName(AssemblyName assemblyRef, Evidence assemblySecurity, RuntimeAssembly reqAssembly, StackCrawlMark& stackMark, IntPtr pPrivHostBinder, Boolean throwOnFileNotFound, Boolean forIntrospection, Boolean suppressSecurityChecks)
                                 | |    |                à System.Reflection.Assembly.Load(AssemblyName assemblyRef)
                                 | |    |                à CK.Testing.StObjMapTestHelper.DoLoadStObjMap(String assemblyName)
                                 | |    | FileName:   SqlActorPackage.Tests.Generated.Reset.1
                                 | |    | Details:    AVT : la journalisation de liaison d'assembly est désactivée.
                                 | |    |             Pour activer la journalisation des échecs de liaison d'assembly, attribuez la valeur 1 à la valeur de Registre [HKLM\Software\Microsoft\Fusion!EnableLog] (DWORD).
                                 | |    |             Remarque : une certaine perte de performance est associée à l'enregistrement dans le journal des échecs de liaison d'assembly.
                                 | |    |             Pour désactiver cette fonctionnalité, supprimez la valeur de Registre [HKLM\Software\Microsoft\Fusion!EnableLog].
                                 | |    └─────────────────────────────────────────────────────────────────────────
   2018-06-08 08h08.09.4679563 i | < 
   2018-06-08 08h08.09.4679563 i < 
   2018-06-08 08h08.09.4729538 i > Accessing null StObj map.
   2018-06-08 08h08.09.4729538 i | > Invoking StObjMapLoading event.
   2018-06-08 08h08.09.4729538 i | | File 'C:\Dev\CK\CK-Database-Projects\CK-Database\Tests\SqlActorPackage.Tests\bin\Debug\net461\SqlActorPackage.Tests.Generated.Reset.1.dll' does not exist. Running StObjSetup to create it.
   2018-06-08 08h08.09.4729538 i | | > Running StObjSetup.
   2018-06-08 08h08.09.4729538 i | | | > Ensuring database 'Database:CKTEST_SqlActorPackage, Collation:Latin1_General_100_BIN2, CompatibilityLevel:130'.
   2018-06-08 08h08.09.4739530 i | | | <  | 1 conclusion:
                                 | | |    | Database already exists, collation and compatiblity level match.
   2018-06-08 08h08.09.4749521 i | | | No 'CKSetup/DefaultBinPaths' configuration. Using current BinFolder.
   2018-06-08 08h08.09.4749521 i | | | Using store 'C:\Dev\CK\CK-Database-Projects\CK-Database\Tests\LocalTestHelper\LocalTestStore'.
   2018-06-08 08h08.09.4749521 i | | | Using remote 'file:///C:/Dev/CK/LocalFeed/Local/CKSetupStore'.
   2018-06-08 08h08.09.4829466   | | | Opened store with 34 components.
   2018-06-08 08h08.09.4829466   | | | Local store opened on : 'C:\Dev\CK\CK-Database-Projects\CK-Database\Tests\LocalTestHelper\LocalTestStore'.
   2018-06-08 08h08.09.4829466   | | | > Creating client remote store on 'file:///C:/Dev/CK/LocalFeed/Local/CKSetupStore'.
   2018-06-08 08h08.09.5968823   | | | | Opened store with 248 components.
   2018-06-08 08h08.09.5968823   | | | | Local store opened on : 'C:\Dev\CK\LocalFeed\Local\CKSetupStore'.
   2018-06-08 08h08.09.5968823   | | | < 
   2018-06-08 08h08.09.5968823 i | | | > Running Setup.
   2018-06-08 08h08.09.5968823   | | | | > Initializing SetupContext (ignoring signatures).
   2018-06-08 08h08.09.5968823 i | | | | | <Root>
                                 | | | | |     <CKSetup>
                                 | | | | |       <WorkingDirectory>C:\Dev\CK\CK-Database-Projects\CK-Database\Tests\SqlActorPackage.Tests\CKSetup-WorkingDir</WorkingDirectory>
                                 | | | | |       <PreferredTargetRuntimes></PreferredTargetRuntimes>
                                 | | | | |       <BinPaths>
                                 | | | | |         <BinPath>C:\Dev\CK\CK-Database-Projects\CK-Database\Tests\SqlActorPackage.Tests\bin\Debug\net461</BinPath>
                                 | | | | |       </BinPaths>
                                 | | | | |       <Dependencies />
                                 | | | | |       <EngineAssemblyQualifiedName>CK.Setup.StObjEngine, CK.StObj.Engine</EngineAssemblyQualifiedName>
                                 | | | | |     </CKSetup>
                                 | | | | |     <Configuration>
                                 | | | | |       <AppContextAssemblyGeneratedDirectoryTarget>C:\Dev\CK\CK-Database-Projects\CK-Database\Tests\SqlActorPackage.Tests\bin\Debug\net461</AppContextAssemblyGeneratedDirectoryTarget>
                                 | | | | |       <GenerateSourceFiles>true</GenerateSourceFiles>
                                 | | | | |       <GeneratedAssemblyName>SqlActorPackage.Tests.Generated.Reset.1</GeneratedAssemblyName>
                                 | | | | |       <Assemblies />
                                 | | | | |       <Types />
                                 | | | | |       <Aspect Type="CK.Setup.SetupableAspectConfiguration, CK.Setupable.Model" Version="1" />
                                 | | | | |       <Aspect Type="CK.Setup.SqlSetupAspectConfiguration, CK.SqlServer.Setup.Model">
                                 | | | | |         <Databases />
                                 | | | | |         <DefaultDatabaseConnectionString>Data Source=.;Initial Catalog=CKTEST_SqlActorPackage;Integrated Security=True</DefaultDatabaseConnectionString>
                                 | | | | |         <GlobalResolution>true</GlobalResolution>
                                 | | | | |       </Aspect>
                                 | | | | |     </Configuration>
                                 | | | | |   </Root>
   2018-06-08 08h08.09.5968823 i | | | | | Configuration BasePath is empty: using current directory 'C:\Dev\CK\CK-Database-Projects\CK-Database\Tests\SqlActorPackage.Tests\bin\Debug\net461'.
   2018-06-08 08h08.09.5968823 i | | | | | > Reading binary folders.
   2018-06-08 08h08.09.5968823 i | | | | | | > Reading files from 'C:\Dev\CK\CK-Database-Projects\CK-Database\Tests\SqlActorPackage.Tests\bin\Debug\net461'.
   2018-06-08 08h08.09.9286923 i | | | | | | < 
   2018-06-08 08h08.09.9286923 i | | | | | <  | 1 conclusion:
                                 | | | | |    | 1 folders read.
   2018-06-08 08h08.10.0995963 i | | | | | Created setup folder in Working Directory: C:\Dev\CK\CK-Database-Projects\CK-Database\Tests\SqlActorPackage.Tests\CKSetup-WorkingDir\2018-06-08 08h08.10.0965984\.
   2018-06-08 08h08.10.0995963   | | | | < 
   2018-06-08 08h08.10.0995963 i | | | | > Resolving runtime support for 'C:\Dev\CK\CK-Database-Projects\CK-Database\Tests\SqlActorPackage.Tests\bin\Debug\net461\'.
   2018-06-08 08h08.10.0995963 i | | | | | > Creating runtime dependencies resolver for C:\Dev\CK\CK-Database-Projects\CK-Database\Tests\SqlActorPackage.Tests\bin\Debug\net461\.
   2018-06-08 08h08.10.0995963 i | | | | | | Found Models: CK.Setupable.Model/6.0.1-C0044-local/Net461/, CK.SqlServer.Setup.Model/6.0.1-C0044-local/Net461/, CK.StObj.Model/6.0.1-C0044-local/Net461/, SqlActorPackage/6.0.1-C0044-local/Net461/
   2018-06-08 08h08.10.0995963 i | | | | | | Found ModelDependents: CK.DB.Tests.NUnit, CK.Testing.DBSetup, CK.Testing.SetupableSetup, CK.Testing.StObjMap, CK.Testing.StObjSetup, LocalTestHelper, SqlActorPackage.Tests
   2018-06-08 08h08.10.0995963 i | | | | | | > Selecting TargetRuntime.
   2018-06-08 08h08.10.0995963 E | | | | | | | Unable to determine at least one common allowed runtime.
   2018-06-08 08h08.10.0995963 i | | | | | | < 
   2018-06-08 08h08.10.0995963 i | | | | | < 
   2018-06-08 08h08.10.0995963 i | | | | < 
   2018-06-08 08h08.10.0995963   | | | | Leaving Working Directory 'C:\Dev\CK\CK-Database-Projects\CK-Database\Tests\SqlActorPackage.Tests\CKSetup-WorkingDir\2018-06-08 08h08.10.0965984\' as-is.
   2018-06-08 08h08.10.0995963 i | | | <  | 1 conclusion:
                                 | | |    | Failed
   2018-06-08 08h08.10.0995963 i | | | > Closing Store.
   2018-06-08 08h08.10.0995963 i | | | < 
   2018-06-08 08h08.10.0995963 i | | | > Closing Store.
   2018-06-08 08h08.10.0995963 i | | | < 
   2018-06-08 08h08.10.0995963 i | | < 
   2018-06-08 08h08.10.0995963 i | < 
   2018-06-08 08h08.10.0995963 i | > Loading StObj map from SqlActorPackage.Tests.Generated.Reset.1.
   2018-06-08 08h08.10.1005946 E | | Impossible de charger le fichier ou l'assembly 'SqlActorPackage.Tests.Generated.Reset.1' ou une de ses dépendances. Le fichier spécifié est introuvable.
                                 | |    ┌──────────────────────────■ Exception: FileNotFoundException ■──────────────────────────
                                 | |    | Message:    Impossible de charger le fichier ou l'assembly 'SqlActorPackage.Tests.Generated.Reset.1' ou une de ses dépendances. Le fichier spécifié est introuvable.
                                 | |    | Stack:         à System.Reflection.RuntimeAssembly._nLoad(AssemblyName fileName, String codeBase, Evidence assemblySecurity, RuntimeAssembly locationHint, StackCrawlMark& stackMark, IntPtr pPrivHostBinder, Boolean throwOnFileNotFound, Boolean forIntrospection, Boolean suppressSecurityChecks)
                                 | |    |                à System.Reflection.RuntimeAssembly.InternalLoadAssemblyName(AssemblyName assemblyRef, Evidence assemblySecurity, RuntimeAssembly reqAssembly, StackCrawlMark& stackMark, IntPtr pPrivHostBinder, Boolean throwOnFileNotFound, Boolean forIntrospection, Boolean suppressSecurityChecks)
                                 | |    |                à System.Reflection.Assembly.Load(AssemblyName assemblyRef)
                                 | |    |                à CK.Testing.StObjMapTestHelper.DoLoadStObjMap(String assemblyName)
                                 | |    | FileName:   SqlActorPackage.Tests.Generated.Reset.1
                                 | |    | Details:    AVT : la journalisation de liaison d'assembly est désactivée.
                                 | |    |             Pour activer la journalisation des échecs de liaison d'assembly, attribuez la valeur 1 à la valeur de Registre [HKLM\Software\Microsoft\Fusion!EnableLog] (DWORD).
                                 | |    |             Remarque : une certaine perte de performance est associée à l'enregistrement dans le journal des échecs de liaison d'assembly.
                                 | |    |             Pour désactiver cette fonctionnalité, supprimez la valeur de Registre [HKLM\Software\Microsoft\Fusion!EnableLog].
                                 | |    └─────────────────────────────────────────────────────────────────────────
   2018-06-08 08h08.10.1005946 i | < 
   2018-06-08 08h08.10.1005946 i < 
   2018-06-08 08h08.10.1085923 i > Accessing null StObj map.
   2018-06-08 08h08.10.1085923 i | > Invoking StObjMapLoading event.
   2018-06-08 08h08.10.1085923 i | | File 'C:\Dev\CK\CK-Database-Projects\CK-Database\Tests\SqlActorPackage.Tests\bin\Debug\net461\SqlActorPackage.Tests.Generated.Reset.1.dll' does not exist. Running StObjSetup to create it.
   2018-06-08 08h08.10.1095883 i | | > Running StObjSetup.
   2018-06-08 08h08.10.1095883 i | | | > Ensuring database 'Database:CKTEST_SqlActorPackage, Collation:Latin1_General_100_BIN2, CompatibilityLevel:130'.
   2018-06-08 08h08.10.1105879 i | | | <  | 1 conclusion:
                                 | | |    | Database already exists, collation and compatiblity level match.
   2018-06-08 08h08.10.1105879 i | | | No 'CKSetup/DefaultBinPaths' configuration. Using current BinFolder.
   2018-06-08 08h08.10.1105879 i | | | Using store 'C:\Dev\CK\CK-Database-Projects\CK-Database\Tests\LocalTestHelper\LocalTestStore'.
   2018-06-08 08h08.10.1105879 i | | | Using remote 'file:///C:/Dev/CK/LocalFeed/Local/CKSetupStore'.
   2018-06-08 08h08.10.1165859   | | | Opened store with 34 components.
   2018-06-08 08h08.10.1165859   | | | Local store opened on : 'C:\Dev\CK\CK-Database-Projects\CK-Database\Tests\LocalTestHelper\LocalTestStore'.
   2018-06-08 08h08.10.1165859   | | | > Creating client remote store on 'file:///C:/Dev/CK/LocalFeed/Local/CKSetupStore'.
   2018-06-08 08h08.10.2315198   | | | | Opened store with 248 components.
   2018-06-08 08h08.10.2315198   | | | | Local store opened on : 'C:\Dev\CK\LocalFeed\Local\CKSetupStore'.
   2018-06-08 08h08.10.2315198   | | | < 
   2018-06-08 08h08.10.2315198 i | | | > Running Setup.
   2018-06-08 08h08.10.2315198   | | | | > Initializing SetupContext (ignoring signatures).
   2018-06-08 08h08.10.2315198 i | | | | | <Root>
                                 | | | | |     <CKSetup>
                                 | | | | |       <WorkingDirectory>C:\Dev\CK\CK-Database-Projects\CK-Database\Tests\SqlActorPackage.Tests\CKSetup-WorkingDir</WorkingDirectory>
                                 | | | | |       <PreferredTargetRuntimes></PreferredTargetRuntimes>
                                 | | | | |       <BinPaths>
                                 | | | | |         <BinPath>C:\Dev\CK\CK-Database-Projects\CK-Database\Tests\SqlActorPackage.Tests\bin\Debug\net461</BinPath>
                                 | | | | |       </BinPaths>
                                 | | | | |       <Dependencies />
                                 | | | | |       <EngineAssemblyQualifiedName>CK.Setup.StObjEngine, CK.StObj.Engine</EngineAssemblyQualifiedName>
                                 | | | | |     </CKSetup>
                                 | | | | |     <Configuration>
                                 | | | | |       <AppContextAssemblyGeneratedDirectoryTarget>C:\Dev\CK\CK-Database-Projects\CK-Database\Tests\SqlActorPackage.Tests\bin\Debug\net461</AppContextAssemblyGeneratedDirectoryTarget>
                                 | | | | |       <GenerateSourceFiles>true</GenerateSourceFiles>
                                 | | | | |       <GeneratedAssemblyName>SqlActorPackage.Tests.Generated.Reset.1</GeneratedAssemblyName>
                                 | | | | |       <Assemblies />
                                 | | | | |       <Types />
                                 | | | | |       <Aspect Type="CK.Setup.SetupableAspectConfiguration, CK.Setupable.Model" Version="1" />
                                 | | | | |       <Aspect Type="CK.Setup.SqlSetupAspectConfiguration, CK.SqlServer.Setup.Model">
                                 | | | | |         <Databases />
                                 | | | | |         <DefaultDatabaseConnectionString>Data Source=.;Initial Catalog=CKTEST_SqlActorPackage;Integrated Security=True</DefaultDatabaseConnectionString>
                                 | | | | |         <GlobalResolution>true</GlobalResolution>
                                 | | | | |       </Aspect>
                                 | | | | |     </Configuration>
                                 | | | | |   </Root>
   2018-06-08 08h08.10.2315198 i | | | | | Configuration BasePath is empty: using current directory 'C:\Dev\CK\CK-Database-Projects\CK-Database\Tests\SqlActorPackage.Tests\bin\Debug\net461'.
   2018-06-08 08h08.10.2315198 i | | | | | > Reading binary folders.
   2018-06-08 08h08.10.2315198 i | | | | | | > Reading files from 'C:\Dev\CK\CK-Database-Projects\CK-Database\Tests\SqlActorPackage.Tests\bin\Debug\net461'.
   2018-06-08 08h08.10.5863169 i | | | | | | < 
   2018-06-08 08h08.10.5863169 i | | | | | <  | 1 conclusion:
                                 | | | | |    | 1 folders read.
   2018-06-08 08h08.10.8681551 i | | | | | Created setup folder in Working Directory: C:\Dev\CK\CK-Database-Projects\CK-Database\Tests\SqlActorPackage.Tests\CKSetup-WorkingDir\2018-06-08 08h08.10.8651568\.
   2018-06-08 08h08.10.8681551   | | | | < 
   2018-06-08 08h08.10.8691556 i | | | | > Resolving runtime support for 'C:\Dev\CK\CK-Database-Projects\CK-Database\Tests\SqlActorPackage.Tests\bin\Debug\net461\'.
   2018-06-08 08h08.10.8691556 i | | | | | > Creating runtime dependencies resolver for C:\Dev\CK\CK-Database-Projects\CK-Database\Tests\SqlActorPackage.Tests\bin\Debug\net461\.
   2018-06-08 08h08.10.8691556 i | | | | | | Found Models: CK.Setupable.Model/6.0.1-C0044-local/Net461/, CK.SqlServer.Setup.Model/6.0.1-C0044-local/Net461/, CK.StObj.Model/6.0.1-C0044-local/Net461/, SqlActorPackage/6.0.1-C0044-local/Net461/
   2018-06-08 08h08.10.8701557 i | | | | | | Found ModelDependents: CK.DB.Tests.NUnit, CK.Testing.DBSetup, CK.Testing.SetupableSetup, CK.Testing.StObjMap, CK.Testing.StObjSetup, LocalTestHelper, SqlActorPackage.Tests
   2018-06-08 08h08.10.8701557 i | | | | | | > Selecting TargetRuntime.
   2018-06-08 08h08.10.8701557 E | | | | | | | Unable to determine at least one common allowed runtime.
   2018-06-08 08h08.10.8701557 i | | | | | | < 
   2018-06-08 08h08.10.8701557 i | | | | | < 
   2018-06-08 08h08.10.8701557 i | | | | < 
   2018-06-08 08h08.10.8701557   | | | | Leaving Working Directory 'C:\Dev\CK\CK-Database-Projects\CK-Database\Tests\SqlActorPackage.Tests\CKSetup-WorkingDir\2018-06-08 08h08.10.8651568\' as-is.
   2018-06-08 08h08.10.8701557 i | | | <  | 1 conclusion:
                                 | | |    | Failed
   2018-06-08 08h08.10.8701557 i | | | > Closing Store.
   2018-06-08 08h08.10.8701557 i | | | < 
   2018-06-08 08h08.10.8701557 i | | | > Closing Store.
   2018-06-08 08h08.10.8701557 i | | | < 
   2018-06-08 08h08.10.8701557 i | | < 
   2018-06-08 08h08.10.8701557 i | < 
   2018-06-08 08h08.10.8701557 i | > Loading StObj map from SqlActorPackage.Tests.Generated.Reset.1.
   2018-06-08 08h08.10.8711544 E | | Impossible de charger le fichier ou l'assembly 'SqlActorPackage.Tests.Generated.Reset.1' ou une de ses dépendances. Le fichier spécifié est introuvable.
                                 | |    ┌──────────────────────────■ Exception: FileNotFoundException ■──────────────────────────
                                 | |    | Message:    Impossible de charger le fichier ou l'assembly 'SqlActorPackage.Tests.Generated.Reset.1' ou une de ses dépendances. Le fichier spécifié est introuvable.
                                 | |    | Stack:         à System.Reflection.RuntimeAssembly._nLoad(AssemblyName fileName, String codeBase, Evidence assemblySecurity, RuntimeAssembly locationHint, StackCrawlMark& stackMark, IntPtr pPrivHostBinder, Boolean throwOnFileNotFound, Boolean forIntrospection, Boolean suppressSecurityChecks)
                                 | |    |                à System.Reflection.RuntimeAssembly.InternalLoadAssemblyName(AssemblyName assemblyRef, Evidence assemblySecurity, RuntimeAssembly reqAssembly, StackCrawlMark& stackMark, IntPtr pPrivHostBinder, Boolean throwOnFileNotFound, Boolean forIntrospection, Boolean suppressSecurityChecks)
                                 | |    |                à System.Reflection.Assembly.Load(AssemblyName assemblyRef)
                                 | |    |                à CK.Testing.StObjMapTestHelper.DoLoadStObjMap(String assemblyName)
                                 | |    | FileName:   SqlActorPackage.Tests.Generated.Reset.1
                                 | |    | Details:    AVT : la journalisation de liaison d'assembly est désactivée.
                                 | |    |             Pour activer la journalisation des échecs de liaison d'assembly, attribuez la valeur 1 à la valeur de Registre [HKLM\Software\Microsoft\Fusion!EnableLog] (DWORD).
                                 | |    |             Remarque : une certaine perte de performance est associée à l'enregistrement dans le journal des échecs de liaison d'assembly.
                                 | |    |             Pour désactiver cette fonctionnalité, supprimez la valeur de Registre [HKLM\Software\Microsoft\Fusion!EnableLog].
                                 | |    └─────────────────────────────────────────────────────────────────────────
   2018-06-08 08h08.10.8711544 i | < 
   2018-06-08 08h08.10.8711544 i < 
   2018-06-08 08h08.10.8791493 i > Accessing null StObj map.
   2018-06-08 08h08.10.8791493 i | > Invoking StObjMapLoading event.
   2018-06-08 08h08.10.8791493 i | | File 'C:\Dev\CK\CK-Database-Projects\CK-Database\Tests\SqlActorPackage.Tests\bin\Debug\net461\SqlActorPackage.Tests.Generated.Reset.1.dll' does not exist. Running StObjSetup to create it.
   2018-06-08 08h08.10.8791493 i | | > Running StObjSetup.
   2018-06-08 08h08.10.8791493 i | | | > Ensuring database 'Database:CKTEST_SqlActorPackage, Collation:Latin1_General_100_BIN2, CompatibilityLevel:130'.
   2018-06-08 08h08.10.8811490 i | | | <  | 1 conclusion:
                                 | | |    | Database already exists, collation and compatiblity level match.
   2018-06-08 08h08.10.8821477 i | | | No 'CKSetup/DefaultBinPaths' configuration. Using current BinFolder.
   2018-06-08 08h08.10.8821477 i | | | Using store 'C:\Dev\CK\CK-Database-Projects\CK-Database\Tests\LocalTestHelper\LocalTestStore'.
   2018-06-08 08h08.10.8821477 i | | | Using remote 'file:///C:/Dev/CK/LocalFeed/Local/CKSetupStore'.
   2018-06-08 08h08.10.8971385   | | | Opened store with 34 components.
   2018-06-08 08h08.10.8971385   | | | Local store opened on : 'C:\Dev\CK\CK-Database-Projects\CK-Database\Tests\LocalTestHelper\LocalTestStore'.
   2018-06-08 08h08.10.8971385   | | | > Creating client remote store on 'file:///C:/Dev/CK/LocalFeed/Local/CKSetupStore'.
   2018-06-08 08h08.10.9940832   | | | | Opened store with 248 components.
   2018-06-08 08h08.10.9940832   | | | | Local store opened on : 'C:\Dev\CK\LocalFeed\Local\CKSetupStore'.
   2018-06-08 08h08.10.9940832   | | | < 
   2018-06-08 08h08.10.9940832 i | | | > Running Setup.
   2018-06-08 08h08.10.9940832   | | | | > Initializing SetupContext (ignoring signatures).
   2018-06-08 08h08.10.9940832 i | | | | | <Root>
                                 | | | | |     <CKSetup>
                                 | | | | |       <WorkingDirectory>C:\Dev\CK\CK-Database-Projects\CK-Database\Tests\SqlActorPackage.Tests\CKSetup-WorkingDir</WorkingDirectory>
                                 | | | | |       <PreferredTargetRuntimes></PreferredTargetRuntimes>
                                 | | | | |       <BinPaths>
                                 | | | | |         <BinPath>C:\Dev\CK\CK-Database-Projects\CK-Database\Tests\SqlActorPackage.Tests\bin\Debug\net461</BinPath>
                                 | | | | |       </BinPaths>
                                 | | | | |       <Dependencies />
                                 | | | | |       <EngineAssemblyQualifiedName>CK.Setup.StObjEngine, CK.StObj.Engine</EngineAssemblyQualifiedName>
                                 | | | | |     </CKSetup>
                                 | | | | |     <Configuration>
                                 | | | | |       <AppContextAssemblyGeneratedDirectoryTarget>C:\Dev\CK\CK-Database-Projects\CK-Database\Tests\SqlActorPackage.Tests\bin\Debug\net461</AppContextAssemblyGeneratedDirectoryTarget>
                                 | | | | |       <GenerateSourceFiles>true</GenerateSourceFiles>
                                 | | | | |       <GeneratedAssemblyName>SqlActorPackage.Tests.Generated.Reset.1</GeneratedAssemblyName>
                                 | | | | |       <Assemblies />
                                 | | | | |       <Types />
                                 | | | | |       <Aspect Type="CK.Setup.SetupableAspectConfiguration, CK.Setupable.Model" Version="1" />
                                 | | | | |       <Aspect Type="CK.Setup.SqlSetupAspectConfiguration, CK.SqlServer.Setup.Model">
                                 | | | | |         <Databases />
                                 | | | | |         <DefaultDatabaseConnectionString>Data Source=.;Initial Catalog=CKTEST_SqlActorPackage;Integrated Security=True</DefaultDatabaseConnectionString>
                                 | | | | |         <GlobalResolution>true</GlobalResolution>
                                 | | | | |       </Aspect>
                                 | | | | |     </Configuration>
                                 | | | | |   </Root>
   2018-06-08 08h08.10.9940832 i | | | | | Configuration BasePath is empty: using current directory 'C:\Dev\CK\CK-Database-Projects\CK-Database\Tests\SqlActorPackage.Tests\bin\Debug\net461'.
   2018-06-08 08h08.10.9940832 i | | | | | > Reading binary folders.
   2018-06-08 08h08.10.9940832 i | | | | | | > Reading files from 'C:\Dev\CK\CK-Database-Projects\CK-Database\Tests\SqlActorPackage.Tests\bin\Debug\net461'.
   2018-06-08 08h08.11.2479372 i | | | | | | < 
   2018-06-08 08h08.11.2479372 i | | | | | <  | 1 conclusion:
                                 | | | | |    | 1 folders read.
   2018-06-08 08h08.11.3538779 i | | | | | Created setup folder in Working Directory: C:\Dev\CK\CK-Database-Projects\CK-Database\Tests\SqlActorPackage.Tests\CKSetup-WorkingDir\2018-06-08 08h08.11.3518796\.
   2018-06-08 08h08.11.3538779   | | | | < 
   2018-06-08 08h08.11.3538779 i | | | | > Resolving runtime support for 'C:\Dev\CK\CK-Database-Projects\CK-Database\Tests\SqlActorPackage.Tests\bin\Debug\net461\'.
   2018-06-08 08h08.11.3538779 i | | | | | > Creating runtime dependencies resolver for C:\Dev\CK\CK-Database-Projects\CK-Database\Tests\SqlActorPackage.Tests\bin\Debug\net461\.
   2018-06-08 08h08.11.3538779 i | | | | | | Found Models: CK.Setupable.Model/6.0.1-C0044-local/Net461/, CK.SqlServer.Setup.Model/6.0.1-C0044-local/Net461/, CK.StObj.Model/6.0.1-C0044-local/Net461/, SqlActorPackage/6.0.1-C0044-local/Net461/
   2018-06-08 08h08.11.3538779 i | | | | | | Found ModelDependents: CK.DB.Tests.NUnit, CK.Testing.DBSetup, CK.Testing.SetupableSetup, CK.Testing.StObjMap, CK.Testing.StObjSetup, LocalTestHelper, SqlActorPackage.Tests
   2018-06-08 08h08.11.3538779 i | | | | | | > Selecting TargetRuntime.
   2018-06-08 08h08.11.3538779 E | | | | | | | Unable to determine at least one common allowed runtime.
   2018-06-08 08h08.11.3538779 i | | | | | | < 
   2018-06-08 08h08.11.3538779 i | | | | | < 
   2018-06-08 08h08.11.3538779 i | | | | < 
   2018-06-08 08h08.11.3538779   | | | | Leaving Working Directory 'C:\Dev\CK\CK-Database-Projects\CK-Database\Tests\SqlActorPackage.Tests\CKSetup-WorkingDir\2018-06-08 08h08.11.3518796\' as-is.
   2018-06-08 08h08.11.3538779 i | | | <  | 1 conclusion:
                                 | | |    | Failed
   2018-06-08 08h08.11.3538779 i | | | > Closing Store.
   2018-06-08 08h08.11.3538779 i | | | < 
   2018-06-08 08h08.11.3538779 i | | | > Closing Store.
   2018-06-08 08h08.11.3538779 i | | | < 
   2018-06-08 08h08.11.3538779 i | | < 
   2018-06-08 08h08.11.3538779 i | < 
   2018-06-08 08h08.11.3538779 i | > Loading StObj map from SqlActorPackage.Tests.Generated.Reset.1.
   2018-06-08 08h08.11.3548779 E | | Impossible de charger le fichier ou l'assembly 'SqlActorPackage.Tests.Generated.Reset.1' ou une de ses dépendances. Le fichier spécifié est introuvable.
                                 | |    ┌──────────────────────────■ Exception: FileNotFoundException ■──────────────────────────
                                 | |    | Message:    Impossible de charger le fichier ou l'assembly 'SqlActorPackage.Tests.Generated.Reset.1' ou une de ses dépendances. Le fichier spécifié est introuvable.
                                 | |    | Stack:         à System.Reflection.RuntimeAssembly._nLoad(AssemblyName fileName, String codeBase, Evidence assemblySecurity, RuntimeAssembly locationHint, StackCrawlMark& stackMark, IntPtr pPrivHostBinder, Boolean throwOnFileNotFound, Boolean forIntrospection, Boolean suppressSecurityChecks)
                                 | |    |                à System.Reflection.RuntimeAssembly.InternalLoadAssemblyName(AssemblyName assemblyRef, Evidence assemblySecurity, RuntimeAssembly reqAssembly, StackCrawlMark& stackMark, IntPtr pPrivHostBinder, Boolean throwOnFileNotFound, Boolean forIntrospection, Boolean suppressSecurityChecks)
                                 | |    |                à System.Reflection.Assembly.Load(AssemblyName assemblyRef)
                                 | |    |                à CK.Testing.StObjMapTestHelper.DoLoadStObjMap(String assemblyName)
                                 | |    | FileName:   SqlActorPackage.Tests.Generated.Reset.1
                                 | |    | Details:    AVT : la journalisation de liaison d'assembly est désactivée.
                                 | |    |             Pour activer la journalisation des échecs de liaison d'assembly, attribuez la valeur 1 à la valeur de Registre [HKLM\Software\Microsoft\Fusion!EnableLog] (DWORD).
                                 | |    |             Remarque : une certaine perte de performance est associée à l'enregistrement dans le journal des échecs de liaison d'assembly.
                                 | |    |             Pour désactiver cette fonctionnalité, supprimez la valeur de Registre [HKLM\Software\Microsoft\Fusion!EnableLog].
                                 | |    └─────────────────────────────────────────────────────────────────────────
   2018-06-08 08h08.11.3548779 i | < 
   2018-06-08 08h08.11.3548779 i < 
